[0.390s] Invoking command in '/home/meixun/Desktop/ROS_program/ros2_ws/src/mcl': CONDA_PROMPT_MODIFIER=(base) PYTHONPATH=/home/meixun/Desktop/ROS_program/ros2_ws/build/mcl/prefix_override:/home/meixun/Desktop/ROS_program/ros2_ws/install/mcl/lib/python3.8/site-packages:${PYTHONPATH} /usr/bin/python3 setup.py egg_info --egg-base ../../build/mcl build --build-base /home/meixun/Desktop/ROS_program/ros2_ws/build/mcl/build install --record /home/meixun/Desktop/ROS_program/ros2_ws/build/mcl/install.log --install-scripts $base/lib/mcl --single-version-externally-managed
[0.505s] running egg_info
[0.505s] creating ../../build/mcl/mcl.egg-info
[0.505s] writing ../../build/mcl/mcl.egg-info/PKG-INFO
[0.506s] writing dependency_links to ../../build/mcl/mcl.egg-info/dependency_links.txt
[0.506s] writing entry points to ../../build/mcl/mcl.egg-info/entry_points.txt
[0.506s] writing requirements to ../../build/mcl/mcl.egg-info/requires.txt
[0.506s] writing top-level names to ../../build/mcl/mcl.egg-info/top_level.txt
[0.508s] writing manifest file '../../build/mcl/mcl.egg-info/SOURCES.txt'
[0.529s] reading manifest file '../../build/mcl/mcl.egg-info/SOURCES.txt'
[0.529s] writing manifest file '../../build/mcl/mcl.egg-info/SOURCES.txt'
[0.529s] running build
[0.529s] running build_py
[0.529s] creating /home/meixun/Desktop/ROS_program/ros2_ws/build/mcl/build
[0.529s] creating /home/meixun/Desktop/ROS_program/ros2_ws/build/mcl/build/lib
[0.529s] creating /home/meixun/Desktop/ROS_program/ros2_ws/build/mcl/build/lib/mcl
[0.530s] copying mcl/monte_carlo_localizer.py -> /home/meixun/Desktop/ROS_program/ros2_ws/build/mcl/build/lib/mcl
[0.530s] copying mcl/__init__.py -> /home/meixun/Desktop/ROS_program/ros2_ws/build/mcl/build/lib/mcl
[0.530s] copying mcl/random_bounce.py -> /home/meixun/Desktop/ROS_program/ros2_ws/build/mcl/build/lib/mcl
[0.530s] copying mcl/mission_controller.py -> /home/meixun/Desktop/ROS_program/ros2_ws/build/mcl/build/lib/mcl
[0.530s] copying mcl/sensor_model.py -> /home/meixun/Desktop/ROS_program/ros2_ws/build/mcl/build/lib/mcl
[0.530s] copying mcl/motion_model.py -> /home/meixun/Desktop/ROS_program/ros2_ws/build/mcl/build/lib/mcl
[0.530s] copying mcl/util.py -> /home/meixun/Desktop/ROS_program/ros2_ws/build/mcl/build/lib/mcl
[0.530s] running install
[0.530s] running install_lib
[0.531s] creating /home/meixun/Desktop/ROS_program/ros2_ws/install/mcl/lib/python3.8/site-packages/mcl
[0.531s] copying /home/meixun/Desktop/ROS_program/ros2_ws/build/mcl/build/lib/mcl/monte_carlo_localizer.py -> /home/meixun/Desktop/ROS_program/ros2_ws/install/mcl/lib/python3.8/site-packages/mcl
[0.531s] copying /home/meixun/Desktop/ROS_program/ros2_ws/build/mcl/build/lib/mcl/__init__.py -> /home/meixun/Desktop/ROS_program/ros2_ws/install/mcl/lib/python3.8/site-packages/mcl
[0.531s] copying /home/meixun/Desktop/ROS_program/ros2_ws/build/mcl/build/lib/mcl/random_bounce.py -> /home/meixun/Desktop/ROS_program/ros2_ws/install/mcl/lib/python3.8/site-packages/mcl
[0.531s] copying /home/meixun/Desktop/ROS_program/ros2_ws/build/mcl/build/lib/mcl/mission_controller.py -> /home/meixun/Desktop/ROS_program/ros2_ws/install/mcl/lib/python3.8/site-packages/mcl
[0.531s] copying /home/meixun/Desktop/ROS_program/ros2_ws/build/mcl/build/lib/mcl/sensor_model.py -> /home/meixun/Desktop/ROS_program/ros2_ws/install/mcl/lib/python3.8/site-packages/mcl
[0.531s] copying /home/meixun/Desktop/ROS_program/ros2_ws/build/mcl/build/lib/mcl/motion_model.py -> /home/meixun/Desktop/ROS_program/ros2_ws/install/mcl/lib/python3.8/site-packages/mcl
[0.531s] copying /home/meixun/Desktop/ROS_program/ros2_ws/build/mcl/build/lib/mcl/util.py -> /home/meixun/Desktop/ROS_program/ros2_ws/install/mcl/lib/python3.8/site-packages/mcl
[0.531s] byte-compiling /home/meixun/Desktop/ROS_program/ros2_ws/install/mcl/lib/python3.8/site-packages/mcl/monte_carlo_localizer.py to monte_carlo_localizer.cpython-38.pyc
[0.534s] byte-compiling /home/meixun/Desktop/ROS_program/ros2_ws/install/mcl/lib/python3.8/site-packages/mcl/__init__.py to __init__.cpython-38.pyc
[0.534s] byte-compiling /home/meixun/Desktop/ROS_program/ros2_ws/install/mcl/lib/python3.8/site-packages/mcl/random_bounce.py to random_bounce.cpython-38.pyc
[0.534s] byte-compiling /home/meixun/Desktop/ROS_program/ros2_ws/install/mcl/lib/python3.8/site-packages/mcl/mission_controller.py to mission_controller.cpython-38.pyc
[0.535s] byte-compiling /home/meixun/Desktop/ROS_program/ros2_ws/install/mcl/lib/python3.8/site-packages/mcl/sensor_model.py to sensor_model.cpython-38.pyc
[0.536s] byte-compiling /home/meixun/Desktop/ROS_program/ros2_ws/install/mcl/lib/python3.8/site-packages/mcl/motion_model.py to motion_model.cpython-38.pyc
[0.536s] byte-compiling /home/meixun/Desktop/ROS_program/ros2_ws/install/mcl/lib/python3.8/site-packages/mcl/util.py to util.cpython-38.pyc
[0.537s] running install_data
[0.537s] creating /home/meixun/Desktop/ROS_program/ros2_ws/install/mcl/share/ament_index
[0.537s] creating /home/meixun/Desktop/ROS_program/ros2_ws/install/mcl/share/ament_index/resource_index
[0.537s] creating /home/meixun/Desktop/ROS_program/ros2_ws/install/mcl/share/ament_index/resource_index/packages
[0.537s] copying resource/mcl -> /home/meixun/Desktop/ROS_program/ros2_ws/install/mcl/share/ament_index/resource_index/packages
[0.537s] copying package.xml -> /home/meixun/Desktop/ROS_program/ros2_ws/install/mcl/share/mcl
[0.537s] copying launch/mcl_launch.py -> /home/meixun/Desktop/ROS_program/ros2_ws/install/mcl/share/mcl
[0.537s] creating /home/meixun/Desktop/ROS_program/ros2_ws/install/mcl/share/mcl/resource
[0.537s] copying resource/random_bounce.yaml -> /home/meixun/Desktop/ROS_program/ros2_ws/install/mcl/share/mcl/resource
[0.538s] copying resource/motion_model.yaml -> /home/meixun/Desktop/ROS_program/ros2_ws/install/mcl/share/mcl/resource
[0.538s] copying resource/epuck_world_map.pgm -> /home/meixun/Desktop/ROS_program/ros2_ws/install/mcl/share/mcl/resource
[0.538s] copying resource/epuck_world_map.yaml -> /home/meixun/Desktop/ROS_program/ros2_ws/install/mcl/share/mcl/resource
[0.538s] copying resource/configs.rviz -> /home/meixun/Desktop/ROS_program/ros2_ws/install/mcl/share/mcl/resource
[0.538s] copying resource/sensor_model.yaml -> /home/meixun/Desktop/ROS_program/ros2_ws/install/mcl/share/mcl/resource
[0.538s] copying resource/mcl.yaml -> /home/meixun/Desktop/ROS_program/ros2_ws/install/mcl/share/mcl/resource
[0.538s] running install_egg_info
[0.538s] Copying ../../build/mcl/mcl.egg-info to /home/meixun/Desktop/ROS_program/ros2_ws/install/mcl/lib/python3.8/site-packages/mcl-0.0.1-py3.8.egg-info
[0.539s] running install_scripts
[0.549s] Installing mission_controller script to /home/meixun/Desktop/ROS_program/ros2_ws/install/mcl/lib/mcl
[0.549s] Installing monte_carlo_localizer script to /home/meixun/Desktop/ROS_program/ros2_ws/install/mcl/lib/mcl
[0.549s] Installing random_bounce script to /home/meixun/Desktop/ROS_program/ros2_ws/install/mcl/lib/mcl
[0.549s] writing list of installed files to '/home/meixun/Desktop/ROS_program/ros2_ws/build/mcl/install.log'
[0.564s] Invoked command in '/home/meixun/Desktop/ROS_program/ros2_ws/src/mcl' returned '0': CONDA_PROMPT_MODIFIER=(base) PYTHONPATH=/home/meixun/Desktop/ROS_program/ros2_ws/build/mcl/prefix_override:/home/meixun/Desktop/ROS_program/ros2_ws/install/mcl/lib/python3.8/site-packages:${PYTHONPATH} /usr/bin/python3 setup.py egg_info --egg-base ../../build/mcl build --build-base /home/meixun/Desktop/ROS_program/ros2_ws/build/mcl/build install --record /home/meixun/Desktop/ROS_program/ros2_ws/build/mcl/install.log --install-scripts $base/lib/mcl --single-version-externally-managed
