[0.179s] DEBUG:colcon:Command line arguments: ['/usr/bin/colcon', 'build']
[0.179s] DEBUG:colcon:Parsed command line arguments: Namespace(allow_overriding=[], ament_cmake_args=None, base_paths=['.'], build_base='build', catkin_cmake_args=None, catkin_skip_building_tests=False, cmake_args=None, cmake_clean_cache=False, cmake_clean_first=False, cmake_force_configure=False, cmake_target=None, cmake_target_skip_unavailable=False, continue_on_error=False, event_handlers=None, executor='parallel', ignore_user_meta=False, install_base='install', log_base=None, log_level=None, main=<bound method BuildVerb.main of <colcon_core.verb.build.BuildVerb object at 0x7fead49cabb0>>, merge_install=False, metas=['./colcon.meta'], packages_above=None, packages_above_and_dependencies=None, packages_above_depth=None, packages_end=None, packages_ignore=None, packages_ignore_regex=None, packages_select=None, packages_select_build_failed=False, packages_select_by_dep=None, packages_select_regex=None, packages_select_test_failures=False, packages_skip=None, packages_skip_build_finished=False, packages_skip_by_dep=None, packages_skip_regex=None, packages_skip_test_passed=False, packages_skip_up_to=None, packages_start=None, packages_up_to=None, packages_up_to_regex=None, parallel_workers=16, paths=None, symlink_install=False, test_result_base=None, verb_extension=<colcon_core.verb.build.BuildVerb object at 0x7fead49cabb0>, verb_name='build', verb_parser=<colcon_defaults.argument_parser.defaults.DefaultArgumentsDecorator object at 0x7fead4953160>)
[0.196s] Level 1:colcon.colcon_core.package_discovery:discover_packages(colcon_meta) check parameters
[0.197s] Level 1:colcon.colcon_core.package_discovery:discover_packages(recursive) check parameters
[0.197s] Level 1:colcon.colcon_core.package_discovery:discover_packages(ignore) check parameters
[0.197s] Level 1:colcon.colcon_core.package_discovery:discover_packages(path) check parameters
[0.197s] Level 1:colcon.colcon_core.package_discovery:discover_packages(colcon_meta) discover
[0.197s] Level 1:colcon.colcon_core.package_discovery:discover_packages(recursive) discover
[0.197s] INFO:colcon.colcon_core.package_discovery:Crawling recursively for packages in '/home/meixun/Desktop/ROS_program/ros2_ws'
[0.197s] Level 1:colcon.colcon_core.package_identification:_identify(.) by extensions ['ignore', 'ignore_ament_install']
[0.197s] Level 1:colcon.colcon_core.package_identification:_identify(.) by extension 'ignore'
[0.197s] Level 1:colcon.colcon_core.package_identification:_identify(.) by extension 'ignore_ament_install'
[0.197s] Level 1:colcon.colcon_core.package_identification:_identify(.) by extensions ['colcon_pkg']
[0.197s] Level 1:colcon.colcon_core.package_identification:_identify(.) by extension 'colcon_pkg'
[0.197s] Level 1:colcon.colcon_core.package_identification:_identify(.) by extensions ['colcon_meta']
[0.197s] Level 1:colcon.colcon_core.package_identification:_identify(.) by extension 'colcon_meta'
[0.197s] Level 1:colcon.colcon_core.package_identification:_identify(.) by extensions ['ros']
[0.197s] Level 1:colcon.colcon_core.package_identification:_identify(.) by extension 'ros'
[0.211s] Level 1:colcon.colcon_core.package_identification:_identify(.) by extensions ['cmake', 'python']
[0.211s] Level 1:colcon.colcon_core.package_identification:_identify(.) by extension 'cmake'
[0.211s] Level 1:colcon.colcon_core.package_identification:_identify(.) by extension 'python'
[0.211s] Level 1:colcon.colcon_core.package_identification:_identify(.) by extensions ['python_setup_py']
[0.211s] Level 1:colcon.colcon_core.package_identification:_identify(.) by extension 'python_setup_py'
[0.211s] Level 1:colcon.colcon_core.package_identification:_identify(build) by extensions ['ignore', 'ignore_ament_install']
[0.211s] Level 1:colcon.colcon_core.package_identification:_identify(build) by extension 'ignore'
[0.211s] Level 1:colcon.colcon_core.package_identification:_identify(build) ignored
[0.211s] Level 1:colcon.colcon_core.package_identification:_identify(install) by extensions ['ignore', 'ignore_ament_install']
[0.211s] Level 1:colcon.colcon_core.package_identification:_identify(install) by extension 'ignore'
[0.211s] Level 1:colcon.colcon_core.package_identification:_identify(install) ignored
[0.211s] Level 1:colcon.colcon_core.package_identification:_identify(log) by extensions ['ignore', 'ignore_ament_install']
[0.212s] Level 1:colcon.colcon_core.package_identification:_identify(log) by extension 'ignore'
[0.212s] Level 1:colcon.colcon_core.package_identification:_identify(log) ignored
[0.212s] Level 1:colcon.colcon_core.package_identification:_identify(src) by extensions ['ignore', 'ignore_ament_install']
[0.212s] Level 1:colcon.colcon_core.package_identification:_identify(src) by extension 'ignore'
[0.212s] Level 1:colcon.colcon_core.package_identification:_identify(src) by extension 'ignore_ament_install'
[0.212s] Level 1:colcon.colcon_core.package_identification:_identify(src) by extensions ['colcon_pkg']
[0.212s] Level 1:colcon.colcon_core.package_identification:_identify(src) by extension 'colcon_pkg'
[0.212s] Level 1:colcon.colcon_core.package_identification:_identify(src) by extensions ['colcon_meta']
[0.212s] Level 1:colcon.colcon_core.package_identification:_identify(src) by extension 'colcon_meta'
[0.212s] Level 1:colcon.colcon_core.package_identification:_identify(src) by extensions ['ros']
[0.212s] Level 1:colcon.colcon_core.package_identification:_identify(src) by extension 'ros'
[0.212s] Level 1:colcon.colcon_core.package_identification:_identify(src) by extensions ['cmake', 'python']
[0.212s] Level 1:colcon.colcon_core.package_identification:_identify(src) by extension 'cmake'
[0.212s] Level 1:colcon.colcon_core.package_identification:_identify(src) by extension 'python'
[0.212s] Level 1:colcon.colcon_core.package_identification:_identify(src) by extensions ['python_setup_py']
[0.212s] Level 1:colcon.colcon_core.package_identification:_identify(src) by extension 'python_setup_py'
[0.212s] Level 1:colcon.colcon_core.package_identification:_identify(src/cpp06_urdf) by extensions ['ignore', 'ignore_ament_install']
[0.212s] Level 1:colcon.colcon_core.package_identification:_identify(src/cpp06_urdf) by extension 'ignore'
[0.212s] Level 1:colcon.colcon_core.package_identification:_identify(src/cpp06_urdf) by extension 'ignore_ament_install'
[0.212s] Level 1:colcon.colcon_core.package_identification:_identify(src/cpp06_urdf) by extensions ['colcon_pkg']
[0.212s] Level 1:colcon.colcon_core.package_identification:_identify(src/cpp06_urdf) by extension 'colcon_pkg'
[0.212s] Level 1:colcon.colcon_core.package_identification:_identify(src/cpp06_urdf) by extensions ['colcon_meta']
[0.212s] Level 1:colcon.colcon_core.package_identification:_identify(src/cpp06_urdf) by extension 'colcon_meta'
[0.212s] Level 1:colcon.colcon_core.package_identification:_identify(src/cpp06_urdf) by extensions ['ros']
[0.212s] Level 1:colcon.colcon_core.package_identification:_identify(src/cpp06_urdf) by extension 'ros'
[0.214s] DEBUG:colcon.colcon_core.package_identification:Package 'src/cpp06_urdf' with type 'ros.ament_cmake' and name 'cpp06_urdf'
[0.214s] Level 1:colcon.colcon_core.package_discovery:discover_packages(recursive) using defaults
[0.214s] Level 1:colcon.colcon_core.package_discovery:discover_packages(ignore) discover
[0.214s] Level 1:colcon.colcon_core.package_discovery:discover_packages(ignore) using defaults
[0.214s] Level 1:colcon.colcon_core.package_discovery:discover_packages(path) discover
[0.214s] Level 1:colcon.colcon_core.package_discovery:discover_packages(path) using defaults
[0.227s] Level 1:colcon.colcon_core.package_discovery:discover_packages(prefix_path) check parameters
[0.227s] Level 1:colcon.colcon_core.package_discovery:discover_packages(prefix_path) discover
[0.228s] DEBUG:colcon.colcon_installed_package_information.package_discovery:Found 1 installed packages in /home/meixun/Desktop/ROS_program/ros2_ws/install
[0.229s] DEBUG:colcon.colcon_installed_package_information.package_discovery:Found 259 installed packages in /opt/ros/foxy
[0.230s] Level 1:colcon.colcon_core.package_discovery:discover_packages(prefix_path) using defaults
[0.269s] Level 5:colcon.colcon_core.verb:set package 'cpp06_urdf' build argument 'cmake_args' from command line to 'None'
[0.269s] Level 5:colcon.colcon_core.verb:set package 'cpp06_urdf' build argument 'cmake_target' from command line to 'None'
[0.269s] Level 5:colcon.colcon_core.verb:set package 'cpp06_urdf' build argument 'cmake_target_skip_unavailable' from command line to 'False'
[0.269s] Level 5:colcon.colcon_core.verb:set package 'cpp06_urdf' build argument 'cmake_clean_cache' from command line to 'False'
[0.269s] Level 5:colcon.colcon_core.verb:set package 'cpp06_urdf' build argument 'cmake_clean_first' from command line to 'False'
[0.270s] Level 5:colcon.colcon_core.verb:set package 'cpp06_urdf' build argument 'cmake_force_configure' from command line to 'False'
[0.270s] Level 5:colcon.colcon_core.verb:set package 'cpp06_urdf' build argument 'ament_cmake_args' from command line to 'None'
[0.270s] Level 5:colcon.colcon_core.verb:set package 'cpp06_urdf' build argument 'catkin_cmake_args' from command line to 'None'
[0.270s] Level 5:colcon.colcon_core.verb:set package 'cpp06_urdf' build argument 'catkin_skip_building_tests' from command line to 'False'
[0.270s] DEBUG:colcon.colcon_core.verb:Building package 'cpp06_urdf' with the following arguments: {'ament_cmake_args': None, 'build_base': '/home/meixun/Desktop/ROS_program/ros2_ws/build/cpp06_urdf', 'catkin_cmake_args': None, 'catkin_skip_building_tests': False, 'cmake_args': None, 'cmake_clean_cache': False, 'cmake_clean_first': False, 'cmake_force_configure': False, 'cmake_target': None, 'cmake_target_skip_unavailable': False, 'install_base': '/home/meixun/Desktop/ROS_program/ros2_ws/install/cpp06_urdf', 'merge_install': False, 'path': '/home/meixun/Desktop/ROS_program/ros2_ws/src/cpp06_urdf', 'symlink_install': False, 'test_result_base': None}
[0.270s] INFO:colcon.colcon_core.executor:Executing jobs using 'parallel' executor
[0.272s] DEBUG:colcon.colcon_parallel_executor.executor.parallel:run_until_complete
[0.273s] INFO:colcon.colcon_ros.task.ament_cmake.build:Building ROS package in '/home/meixun/Desktop/ROS_program/ros2_ws/src/cpp06_urdf' with build type 'ament_cmake'
[0.273s] INFO:colcon.colcon_cmake.task.cmake.build:Building CMake package in '/home/meixun/Desktop/ROS_program/ros2_ws/src/cpp06_urdf'
[0.276s] INFO:colcon.colcon_core.plugin_system:Skipping extension 'colcon_core.shell.bat': Not used on non-Windows systems
[0.276s] INFO:colcon.colcon_core.shell:Skip shell extension 'powershell' for command environment: Not usable outside of PowerShell
[0.276s] DEBUG:colcon.colcon_core.shell:Skip shell extension 'dsv' for command environment
[0.285s] DEBUG:colcon.colcon_core.event_handler.log_command:Invoking command in '/home/meixun/Desktop/ROS_program/ros2_ws/build/cpp06_urdf': CMAKE_PREFIX_PATH=${CMAKE_PREFIX_PATH}:/opt/ros/foxy CONDA_PROMPT_MODIFIER=(base) /usr/bin/cmake --build /home/meixun/Desktop/ROS_program/ros2_ws/build/cpp06_urdf -- -j16 -l16
[0.313s] DEBUG:colcon.colcon_core.event_handler.log_command:Invoked command in '/home/meixun/Desktop/ROS_program/ros2_ws/build/cpp06_urdf' returned '0': CMAKE_PREFIX_PATH=${CMAKE_PREFIX_PATH}:/opt/ros/foxy CONDA_PROMPT_MODIFIER=(base) /usr/bin/cmake --build /home/meixun/Desktop/ROS_program/ros2_ws/build/cpp06_urdf -- -j16 -l16
[0.336s] DEBUG:colcon.colcon_core.event_handler.log_command:Invoking command in '/home/meixun/Desktop/ROS_program/ros2_ws/build/cpp06_urdf': CMAKE_PREFIX_PATH=${CMAKE_PREFIX_PATH}:/opt/ros/foxy CONDA_PROMPT_MODIFIER=(base) /usr/bin/cmake --install /home/meixun/Desktop/ROS_program/ros2_ws/build/cpp06_urdf
[0.343s] Level 1:colcon.colcon_core.environment:create_environment_scripts_only(cpp06_urdf)
[0.346s] DEBUG:colcon.colcon_core.event_handler.log_command:Invoked command in '/home/meixun/Desktop/ROS_program/ros2_ws/build/cpp06_urdf' returned '0': CMAKE_PREFIX_PATH=${CMAKE_PREFIX_PATH}:/opt/ros/foxy CONDA_PROMPT_MODIFIER=(base) /usr/bin/cmake --install /home/meixun/Desktop/ROS_program/ros2_ws/build/cpp06_urdf
[0.350s] Level 1:colcon.colcon_core.environment:checking '/home/meixun/Desktop/ROS_program/ros2_ws/install/cpp06_urdf' for CMake module files
[0.350s] Level 1:colcon.colcon_core.environment:checking '/home/meixun/Desktop/ROS_program/ros2_ws/install/cpp06_urdf' for CMake config files
[0.351s] Level 1:colcon.colcon_core.shell:create_environment_hook('cpp06_urdf', 'cmake_prefix_path')
[0.352s] INFO:colcon.colcon_core.shell:Creating environment hook '/home/meixun/Desktop/ROS_program/ros2_ws/install/cpp06_urdf/share/cpp06_urdf/hook/cmake_prefix_path.ps1'
[0.353s] INFO:colcon.colcon_core.shell:Creating environment descriptor '/home/meixun/Desktop/ROS_program/ros2_ws/install/cpp06_urdf/share/cpp06_urdf/hook/cmake_prefix_path.dsv'
[0.353s] INFO:colcon.colcon_core.shell:Creating environment hook '/home/meixun/Desktop/ROS_program/ros2_ws/install/cpp06_urdf/share/cpp06_urdf/hook/cmake_prefix_path.sh'
[0.354s] Level 1:colcon.colcon_core.environment:checking '/home/meixun/Desktop/ROS_program/ros2_ws/install/cpp06_urdf/bin'
[0.354s] Level 1:colcon.colcon_core.environment:checking '/home/meixun/Desktop/ROS_program/ros2_ws/install/cpp06_urdf/lib/pkgconfig/cpp06_urdf.pc'
[0.355s] Level 1:colcon.colcon_core.environment:checking '/home/meixun/Desktop/ROS_program/ros2_ws/install/cpp06_urdf/lib/python3.8/site-packages'
[0.355s] Level 1:colcon.colcon_core.environment:checking '/home/meixun/Desktop/ROS_program/ros2_ws/install/cpp06_urdf/bin'
[0.355s] INFO:colcon.colcon_core.shell:Creating package script '/home/meixun/Desktop/ROS_program/ros2_ws/install/cpp06_urdf/share/cpp06_urdf/package.ps1'
[0.356s] INFO:colcon.colcon_core.shell:Creating package descriptor '/home/meixun/Desktop/ROS_program/ros2_ws/install/cpp06_urdf/share/cpp06_urdf/package.dsv'
[0.356s] INFO:colcon.colcon_core.shell:Creating package script '/home/meixun/Desktop/ROS_program/ros2_ws/install/cpp06_urdf/share/cpp06_urdf/package.sh'
[0.357s] INFO:colcon.colcon_core.shell:Creating package script '/home/meixun/Desktop/ROS_program/ros2_ws/install/cpp06_urdf/share/cpp06_urdf/package.bash'
[0.357s] INFO:colcon.colcon_core.shell:Creating package script '/home/meixun/Desktop/ROS_program/ros2_ws/install/cpp06_urdf/share/cpp06_urdf/package.zsh'
[0.357s] Level 1:colcon.colcon_core.environment:create_file_with_runtime_dependencies(/home/meixun/Desktop/ROS_program/ros2_ws/install/cpp06_urdf/share/colcon-core/packages/cpp06_urdf)
[0.372s] Level 1:colcon.colcon_core.environment:create_environment_scripts_only(cpp06_urdf)
[0.373s] Level 1:colcon.colcon_core.environment:checking '/home/meixun/Desktop/ROS_program/ros2_ws/install/cpp06_urdf' for CMake module files
[0.374s] Level 1:colcon.colcon_core.environment:checking '/home/meixun/Desktop/ROS_program/ros2_ws/install/cpp06_urdf' for CMake config files
[0.374s] Level 1:colcon.colcon_core.shell:create_environment_hook('cpp06_urdf', 'cmake_prefix_path')
[0.375s] INFO:colcon.colcon_core.shell:Creating environment hook '/home/meixun/Desktop/ROS_program/ros2_ws/install/cpp06_urdf/share/cpp06_urdf/hook/cmake_prefix_path.ps1'
[0.375s] INFO:colcon.colcon_core.shell:Creating environment descriptor '/home/meixun/Desktop/ROS_program/ros2_ws/install/cpp06_urdf/share/cpp06_urdf/hook/cmake_prefix_path.dsv'
[0.375s] INFO:colcon.colcon_core.shell:Creating environment hook '/home/meixun/Desktop/ROS_program/ros2_ws/install/cpp06_urdf/share/cpp06_urdf/hook/cmake_prefix_path.sh'
[0.376s] Level 1:colcon.colcon_core.environment:checking '/home/meixun/Desktop/ROS_program/ros2_ws/install/cpp06_urdf/bin'
[0.376s] Level 1:colcon.colcon_core.environment:checking '/home/meixun/Desktop/ROS_program/ros2_ws/install/cpp06_urdf/lib/pkgconfig/cpp06_urdf.pc'
[0.376s] Level 1:colcon.colcon_core.environment:checking '/home/meixun/Desktop/ROS_program/ros2_ws/install/cpp06_urdf/lib/python3.8/site-packages'
[0.376s] Level 1:colcon.colcon_core.environment:checking '/home/meixun/Desktop/ROS_program/ros2_ws/install/cpp06_urdf/bin'
[0.377s] INFO:colcon.colcon_core.shell:Creating package script '/home/meixun/Desktop/ROS_program/ros2_ws/install/cpp06_urdf/share/cpp06_urdf/package.ps1'
[0.377s] INFO:colcon.colcon_core.shell:Creating package descriptor '/home/meixun/Desktop/ROS_program/ros2_ws/install/cpp06_urdf/share/cpp06_urdf/package.dsv'
[0.377s] INFO:colcon.colcon_core.shell:Creating package script '/home/meixun/Desktop/ROS_program/ros2_ws/install/cpp06_urdf/share/cpp06_urdf/package.sh'
[0.378s] INFO:colcon.colcon_core.shell:Creating package script '/home/meixun/Desktop/ROS_program/ros2_ws/install/cpp06_urdf/share/cpp06_urdf/package.bash'
[0.378s] INFO:colcon.colcon_core.shell:Creating package script '/home/meixun/Desktop/ROS_program/ros2_ws/install/cpp06_urdf/share/cpp06_urdf/package.zsh'
[0.378s] Level 1:colcon.colcon_core.environment:create_file_with_runtime_dependencies(/home/meixun/Desktop/ROS_program/ros2_ws/install/cpp06_urdf/share/colcon-core/packages/cpp06_urdf)
[0.378s] DEBUG:colcon.colcon_parallel_executor.executor.parallel:closing loop
[0.378s] DEBUG:colcon.colcon_parallel_executor.executor.parallel:loop closed
[0.378s] DEBUG:colcon.colcon_parallel_executor.executor.parallel:run_until_complete finished with '0'
[0.378s] DEBUG:colcon.colcon_core.event_reactor:joining thread
[0.385s] INFO:colcon.colcon_core.plugin_system:Skipping extension 'colcon_notification.desktop_notification.terminal_notifier': Not used on non-Darwin systems
[0.385s] INFO:colcon.colcon_core.plugin_system:Skipping extension 'colcon_notification.desktop_notification.win32': Not used on non-Windows systems
[0.385s] INFO:colcon.colcon_notification.desktop_notification:Sending desktop notification using 'notify2'
[0.395s] DEBUG:colcon.colcon_core.event_reactor:joined thread
[0.396s] INFO:colcon.colcon_core.shell:Creating prefix script '/home/meixun/Desktop/ROS_program/ros2_ws/install/local_setup.ps1'
[0.397s] INFO:colcon.colcon_core.shell:Creating prefix util module '/home/meixun/Desktop/ROS_program/ros2_ws/install/_local_setup_util_ps1.py'
[0.398s] INFO:colcon.colcon_core.shell:Creating prefix chain script '/home/meixun/Desktop/ROS_program/ros2_ws/install/setup.ps1'
[0.398s] INFO:colcon.colcon_core.shell:Creating prefix script '/home/meixun/Desktop/ROS_program/ros2_ws/install/local_setup.sh'
[0.399s] INFO:colcon.colcon_core.shell:Creating prefix util module '/home/meixun/Desktop/ROS_program/ros2_ws/install/_local_setup_util_sh.py'
[0.399s] INFO:colcon.colcon_core.shell:Creating prefix chain script '/home/meixun/Desktop/ROS_program/ros2_ws/install/setup.sh'
[0.400s] INFO:colcon.colcon_core.shell:Creating prefix script '/home/meixun/Desktop/ROS_program/ros2_ws/install/local_setup.bash'
[0.400s] INFO:colcon.colcon_core.shell:Creating prefix chain script '/home/meixun/Desktop/ROS_program/ros2_ws/install/setup.bash'
[0.401s] INFO:colcon.colcon_core.shell:Creating prefix script '/home/meixun/Desktop/ROS_program/ros2_ws/install/local_setup.zsh'
[0.401s] INFO:colcon.colcon_core.shell:Creating prefix chain script '/home/meixun/Desktop/ROS_program/ros2_ws/install/setup.zsh'
