[0.083s] Invoking command in '/home/meixun/Desktop/ROS_program/ros2_ws/build/cpp06_urdf': CMAKE_PREFIX_PATH=${CMAKE_PREFIX_PATH}:/home/meixun/Desktop/ROS_program/ros2_ws/install/py03_tf_broadcaster:/home/meixun/Desktop/ROS_program/ros2_ws/install/multi_agent_sim:/home/meixun/Desktop/ROS_program/ros2_ws/install/mixed_reality_py:/home/meixun/Desktop/ROS_program/ros2_ws/install/mcl:/opt/ros/foxy CONDA_PROMPT_MODIFIER=(base) /usr/bin/cmake --build /home/meixun/Desktop/ROS_program/ros2_ws/build/cpp06_urdf -- -j16 -l16
[1.741s] Invoked command in '/home/meixun/Desktop/ROS_program/ros2_ws/build/cpp06_urdf' returned '0': CMAKE_PREFIX_PATH=${CMAKE_PREFIX_PATH}:/home/meixun/Desktop/ROS_program/ros2_ws/install/py03_tf_broadcaster:/home/meixun/Desktop/ROS_program/ros2_ws/install/multi_agent_sim:/home/meixun/Desktop/ROS_program/ros2_ws/install/mixed_reality_py:/home/meixun/Desktop/ROS_program/ros2_ws/install/mcl:/opt/ros/foxy CONDA_PROMPT_MODIFIER=(base) /usr/bin/cmake --build /home/meixun/Desktop/ROS_program/ros2_ws/build/cpp06_urdf -- -j16 -l16
[1.788s] Invoking command in '/home/meixun/Desktop/ROS_program/ros2_ws/build/cpp06_urdf': CMAKE_PREFIX_PATH=${CMAKE_PREFIX_PATH}:/home/meixun/Desktop/ROS_program/ros2_ws/install/py03_tf_broadcaster:/home/meixun/Desktop/ROS_program/ros2_ws/install/multi_agent_sim:/home/meixun/Desktop/ROS_program/ros2_ws/install/mixed_reality_py:/home/meixun/Desktop/ROS_program/ros2_ws/install/mcl:/opt/ros/foxy CONDA_PROMPT_MODIFIER=(base) /usr/bin/cmake --install /home/meixun/Desktop/ROS_program/ros2_ws/build/cpp06_urdf
[1.799s] -- Install configuration: ""
[1.799s] -- Up-to-date: /home/meixun/Desktop/ROS_program/ros2_ws/install/cpp06_urdf/share/cpp06_urdf/launch
[1.800s] -- Up-to-date: /home/meixun/Desktop/ROS_program/ros2_ws/install/cpp06_urdf/share/cpp06_urdf/launch/yaml
[1.800s] -- Up-to-date: /home/meixun/Desktop/ROS_program/ros2_ws/install/cpp06_urdf/share/cpp06_urdf/launch/display.launch.py
[1.801s] -- Up-to-date: /home/meixun/Desktop/ROS_program/ros2_ws/install/cpp06_urdf/share/cpp06_urdf/launch/node_start.launch.py
[1.801s] -- Up-to-date: /home/meixun/Desktop/ROS_program/ros2_ws/install/cpp06_urdf/share/cpp06_urdf/rviz
[1.801s] -- Up-to-date: /home/meixun/Desktop/ROS_program/ros2_ws/install/cpp06_urdf/share/cpp06_urdf/rviz/f110_localisation.rviz
[1.801s] -- Up-to-date: /home/meixun/Desktop/ROS_program/ros2_ws/install/cpp06_urdf/share/cpp06_urdf/rviz/robot_box.rviz
[1.802s] -- Up-to-date: /home/meixun/Desktop/ROS_program/ros2_ws/install/cpp06_urdf/share/cpp06_urdf/rviz/localisation.rviz
[1.802s] -- Up-to-date: /home/meixun/Desktop/ROS_program/ros2_ws/install/cpp06_urdf/share/cpp06_urdf/urdf
[1.803s] -- Up-to-date: /home/meixun/Desktop/ROS_program/ros2_ws/install/cpp06_urdf/share/cpp06_urdf/urdf/urdf
[1.806s] -- Up-to-date: /home/meixun/Desktop/ROS_program/ros2_ws/install/cpp06_urdf/share/cpp06_urdf/urdf/urdf/demo05_car_urdf.urdf
[1.806s] -- Up-to-date: /home/meixun/Desktop/ROS_program/ros2_ws/install/cpp06_urdf/share/cpp06_urdf/urdf/urdf/demo02_link.urdf
[1.807s] -- Up-to-date: /home/meixun/Desktop/ROS_program/ros2_ws/install/cpp06_urdf/share/cpp06_urdf/urdf/urdf/demo03_joint.urdf
[1.808s] -- Up-to-date: /home/meixun/Desktop/ROS_program/ros2_ws/install/cpp06_urdf/share/cpp06_urdf/urdf/urdf/demo01_helloworld.urdf
[1.810s] -- Up-to-date: /home/meixun/Desktop/ROS_program/ros2_ws/install/cpp06_urdf/share/cpp06_urdf/urdf/urdf/demo04_basefootprint.urdf
[1.810s] -- Up-to-date: /home/meixun/Desktop/ROS_program/ros2_ws/install/cpp06_urdf/share/cpp06_urdf/urdf/xacro
[1.810s] -- Up-to-date: /home/meixun/Desktop/ROS_program/ros2_ws/install/cpp06_urdf/share/cpp06_urdf/urdf/xacro/car_camera.xacro
[1.811s] -- Up-to-date: /home/meixun/Desktop/ROS_program/ros2_ws/install/cpp06_urdf/share/cpp06_urdf/urdf/xacro/car_base.xacro
[1.812s] -- Up-to-date: /home/meixun/Desktop/ROS_program/ros2_ws/install/cpp06_urdf/share/cpp06_urdf/urdf/xacro/car_lidar.xacro
[1.813s] -- Up-to-date: /home/meixun/Desktop/ROS_program/ros2_ws/install/cpp06_urdf/share/cpp06_urdf/urdf/xacro/car.xacro
[1.813s] -- Up-to-date: /home/meixun/Desktop/ROS_program/ros2_ws/install/cpp06_urdf/share/cpp06_urdf/meshes
[1.813s] -- Up-to-date: /home/meixun/Desktop/ROS_program/ros2_ws/install/cpp06_urdf/share/cpp06_urdf/meshes/hokuyo.stl
[1.813s] -- Up-to-date: /home/meixun/Desktop/ROS_program/ros2_ws/install/cpp06_urdf/share/cpp06_urdf/meshes/chassis.stl
[1.813s] -- Up-to-date: /home/meixun/Desktop/ROS_program/ros2_ws/install/cpp06_urdf/share/cpp06_urdf/meshes/right_wheel.stl
[1.814s] -- Up-to-date: /home/meixun/Desktop/ROS_program/ros2_ws/install/cpp06_urdf/share/cpp06_urdf/meshes/left_wheel.stl
[1.814s] -- Up-to-date: /home/meixun/Desktop/ROS_program/ros2_ws/install/cpp06_urdf/share/cpp06_urdf/meshes/hinge.stl
[1.814s] -- Up-to-date: /home/meixun/Desktop/ROS_program/ros2_ws/install/cpp06_urdf/share/ament_index/resource_index/package_run_dependencies/cpp06_urdf
[1.814s] -- Up-to-date: /home/meixun/Desktop/ROS_program/ros2_ws/install/cpp06_urdf/share/ament_index/resource_index/parent_prefix_path/cpp06_urdf
[1.814s] -- Up-to-date: /home/meixun/Desktop/ROS_program/ros2_ws/install/cpp06_urdf/share/cpp06_urdf/environment/ament_prefix_path.sh
[1.814s] -- Up-to-date: /home/meixun/Desktop/ROS_program/ros2_ws/install/cpp06_urdf/share/cpp06_urdf/environment/ament_prefix_path.dsv
[1.815s] -- Up-to-date: /home/meixun/Desktop/ROS_program/ros2_ws/install/cpp06_urdf/share/cpp06_urdf/environment/path.sh
[1.815s] -- Up-to-date: /home/meixun/Desktop/ROS_program/ros2_ws/install/cpp06_urdf/share/cpp06_urdf/environment/path.dsv
[1.815s] -- Up-to-date: /home/meixun/Desktop/ROS_program/ros2_ws/install/cpp06_urdf/share/cpp06_urdf/local_setup.bash
[1.815s] -- Up-to-date: /home/meixun/Desktop/ROS_program/ros2_ws/install/cpp06_urdf/share/cpp06_urdf/local_setup.sh
[1.816s] -- Up-to-date: /home/meixun/Desktop/ROS_program/ros2_ws/install/cpp06_urdf/share/cpp06_urdf/local_setup.zsh
[1.818s] -- Up-to-date: /home/meixun/Desktop/ROS_program/ros2_ws/install/cpp06_urdf/share/cpp06_urdf/local_setup.dsv
[1.818s] -- Installing: /home/meixun/Desktop/ROS_program/ros2_ws/install/cpp06_urdf/share/cpp06_urdf/package.dsv
[1.819s] -- Up-to-date: /home/meixun/Desktop/ROS_program/ros2_ws/install/cpp06_urdf/share/ament_index/resource_index/packages/cpp06_urdf
[1.819s] -- Up-to-date: /home/meixun/Desktop/ROS_program/ros2_ws/install/cpp06_urdf/share/cpp06_urdf/cmake/cpp06_urdfConfig.cmake
[1.819s] -- Up-to-date: /home/meixun/Desktop/ROS_program/ros2_ws/install/cpp06_urdf/share/cpp06_urdf/cmake/cpp06_urdfConfig-version.cmake
[1.820s] -- Up-to-date: /home/meixun/Desktop/ROS_program/ros2_ws/install/cpp06_urdf/share/cpp06_urdf/package.xml
[1.820s] Invoked command in '/home/meixun/Desktop/ROS_program/ros2_ws/build/cpp06_urdf' returned '0': CMAKE_PREFIX_PATH=${CMAKE_PREFIX_PATH}:/home/meixun/Desktop/ROS_program/ros2_ws/install/py03_tf_broadcaster:/home/meixun/Desktop/ROS_program/ros2_ws/install/multi_agent_sim:/home/meixun/Desktop/ROS_program/ros2_ws/install/mixed_reality_py:/home/meixun/Desktop/ROS_program/ros2_ws/install/mcl:/opt/ros/foxy CONDA_PROMPT_MODIFIER=(base) /usr/bin/cmake --install /home/meixun/Desktop/ROS_program/ros2_ws/build/cpp06_urdf
