/home/meixun/Desktop/ROS_program/ros2_ws/install/mcl/lib/python3.8/site-packages/mcl/monte_carlo_localizer.py
/home/meixun/Desktop/ROS_program/ros2_ws/install/mcl/lib/python3.8/site-packages/mcl/__init__.py
/home/meixun/Desktop/ROS_program/ros2_ws/install/mcl/lib/python3.8/site-packages/mcl/random_bounce.py
/home/meixun/Desktop/ROS_program/ros2_ws/install/mcl/lib/python3.8/site-packages/mcl/mission_controller.py
/home/meixun/Desktop/ROS_program/ros2_ws/install/mcl/lib/python3.8/site-packages/mcl/sensor_model.py
/home/meixun/Desktop/ROS_program/ros2_ws/install/mcl/lib/python3.8/site-packages/mcl/motion_model.py
/home/meixun/Desktop/ROS_program/ros2_ws/install/mcl/lib/python3.8/site-packages/mcl/util.py
/home/meixun/Desktop/ROS_program/ros2_ws/install/mcl/lib/python3.8/site-packages/mcl/__pycache__/monte_carlo_localizer.cpython-38.pyc
/home/meixun/Desktop/ROS_program/ros2_ws/install/mcl/lib/python3.8/site-packages/mcl/__pycache__/__init__.cpython-38.pyc
/home/meixun/Desktop/ROS_program/ros2_ws/install/mcl/lib/python3.8/site-packages/mcl/__pycache__/random_bounce.cpython-38.pyc
/home/meixun/Desktop/ROS_program/ros2_ws/install/mcl/lib/python3.8/site-packages/mcl/__pycache__/mission_controller.cpython-38.pyc
/home/meixun/Desktop/ROS_program/ros2_ws/install/mcl/lib/python3.8/site-packages/mcl/__pycache__/sensor_model.cpython-38.pyc
/home/meixun/Desktop/ROS_program/ros2_ws/install/mcl/lib/python3.8/site-packages/mcl/__pycache__/motion_model.cpython-38.pyc
/home/meixun/Desktop/ROS_program/ros2_ws/install/mcl/lib/python3.8/site-packages/mcl/__pycache__/util.cpython-38.pyc
/home/meixun/Desktop/ROS_program/ros2_ws/install/mcl/share/ament_index/resource_index/packages/mcl
/home/meixun/Desktop/ROS_program/ros2_ws/install/mcl/share/mcl/package.xml
/home/meixun/Desktop/ROS_program/ros2_ws/install/mcl/share/mcl/mcl_launch.py
/home/meixun/Desktop/ROS_program/ros2_ws/install/mcl/share/mcl/resource/random_bounce.yaml
/home/meixun/Desktop/ROS_program/ros2_ws/install/mcl/share/mcl/resource/motion_model.yaml
/home/meixun/Desktop/ROS_program/ros2_ws/install/mcl/share/mcl/resource/epuck_world_map.pgm
/home/meixun/Desktop/ROS_program/ros2_ws/install/mcl/share/mcl/resource/epuck_world_map.yaml
/home/meixun/Desktop/ROS_program/ros2_ws/install/mcl/share/mcl/resource/configs.rviz
/home/meixun/Desktop/ROS_program/ros2_ws/install/mcl/share/mcl/resource/sensor_model.yaml
/home/meixun/Desktop/ROS_program/ros2_ws/install/mcl/share/mcl/resource/mcl.yaml
/home/meixun/Desktop/ROS_program/ros2_ws/install/mcl/lib/python3.8/site-packages/mcl-0.0.1-py3.8.egg-info/PKG-INFO
/home/meixun/Desktop/ROS_program/ros2_ws/install/mcl/lib/python3.8/site-packages/mcl-0.0.1-py3.8.egg-info/dependency_links.txt
/home/meixun/Desktop/ROS_program/ros2_ws/install/mcl/lib/python3.8/site-packages/mcl-0.0.1-py3.8.egg-info/SOURCES.txt
/home/meixun/Desktop/ROS_program/ros2_ws/install/mcl/lib/python3.8/site-packages/mcl-0.0.1-py3.8.egg-info/requires.txt
/home/meixun/Desktop/ROS_program/ros2_ws/install/mcl/lib/python3.8/site-packages/mcl-0.0.1-py3.8.egg-info/zip-safe
/home/meixun/Desktop/ROS_program/ros2_ws/install/mcl/lib/python3.8/site-packages/mcl-0.0.1-py3.8.egg-info/entry_points.txt
/home/meixun/Desktop/ROS_program/ros2_ws/install/mcl/lib/python3.8/site-packages/mcl-0.0.1-py3.8.egg-info/top_level.txt
/home/meixun/Desktop/ROS_program/ros2_ws/install/mcl/lib/mcl/mission_controller
/home/meixun/Desktop/ROS_program/ros2_ws/install/mcl/lib/mcl/monte_carlo_localizer
/home/meixun/Desktop/ROS_program/ros2_ws/install/mcl/lib/mcl/random_bounce
