[4.387s] Invoking command in '/home/meixun/Desktop/ROS_program/ros2_ws/src/py03_tf_broadcaster': CONDA_PROMPT_MODIFIER=(base) PYTHONPATH=/home/meixun/Desktop/ROS_program/ros2_ws/build/py03_tf_broadcaster/prefix_override:/home/meixun/Desktop/ROS_program/ros2_ws/install/py03_tf_broadcaster/lib/python3.8/site-packages:${PYTHONPATH} /usr/bin/python3 setup.py egg_info --egg-base ../../build/py03_tf_broadcaster build --build-base /home/meixun/Desktop/ROS_program/ros2_ws/build/py03_tf_broadcaster/build install --record /home/meixun/Desktop/ROS_program/ros2_ws/build/py03_tf_broadcaster/install.log --install-scripts $base/lib/py03_tf_broadcaster --single-version-externally-managed
[5.224s] /home/meixun/miniconda3/envs/f110RLparking/lib/python3.8/site-packages/setuptools/dist.py:770: UserWarning: Usage of dash-separated 'script-dir' will not be supported in future versions. Please use the underscore name 'script_dir' instead
[5.225s]   warnings.warn(
[5.470s] running egg_info
[5.503s] writing ../../build/py03_tf_broadcaster/py03_tf_broadcaster.egg-info/PKG-INFO
[5.503s] writing dependency_links to ../../build/py03_tf_broadcaster/py03_tf_broadcaster.egg-info/dependency_links.txt
[5.512s] writing entry points to ../../build/py03_tf_broadcaster/py03_tf_broadcaster.egg-info/entry_points.txt
[5.513s] writing requirements to ../../build/py03_tf_broadcaster/py03_tf_broadcaster.egg-info/requires.txt
[5.513s] writing top-level names to ../../build/py03_tf_broadcaster/py03_tf_broadcaster.egg-info/top_level.txt
[5.569s] reading manifest file '../../build/py03_tf_broadcaster/py03_tf_broadcaster.egg-info/SOURCES.txt'
[5.573s] writing manifest file '../../build/py03_tf_broadcaster/py03_tf_broadcaster.egg-info/SOURCES.txt'
[5.574s] running build
[5.574s] running build_py
[5.575s] running install
[5.575s] /home/meixun/miniconda3/envs/f110RLparking/lib/python3.8/site-packages/setuptools/command/install.py:34: SetuptoolsDeprecationWarning: setup.py install is deprecated. Use build and pip and other standards-based tools.
[5.576s]   warnings.warn(
[5.590s] running install_lib
[5.628s] running install_data
[5.681s] running install_egg_info
[5.710s] removing '/home/meixun/Desktop/ROS_program/ros2_ws/install/py03_tf_broadcaster/lib/python3.8/site-packages/py03_tf_broadcaster-0.0.0-py3.8.egg-info' (and everything under it)
[5.711s] Copying ../../build/py03_tf_broadcaster/py03_tf_broadcaster.egg-info to /home/meixun/Desktop/ROS_program/ros2_ws/install/py03_tf_broadcaster/lib/python3.8/site-packages/py03_tf_broadcaster-0.0.0-py3.8.egg-info
[5.714s] running install_scripts
[5.850s] Installing demo01_tf_static_broadcaster_py script to /home/meixun/Desktop/ROS_program/ros2_ws/install/py03_tf_broadcaster/lib/py03_tf_broadcaster
[5.851s] writing list of installed files to '/home/meixun/Desktop/ROS_program/ros2_ws/build/py03_tf_broadcaster/install.log'
[5.957s] Invoked command in '/home/meixun/Desktop/ROS_program/ros2_ws/src/py03_tf_broadcaster' returned '0': CONDA_PROMPT_MODIFIER=(base) PYTHONPATH=/home/meixun/Desktop/ROS_program/ros2_ws/build/py03_tf_broadcaster/prefix_override:/home/meixun/Desktop/ROS_program/ros2_ws/install/py03_tf_broadcaster/lib/python3.8/site-packages:${PYTHONPATH} /usr/bin/python3 setup.py egg_info --egg-base ../../build/py03_tf_broadcaster build --build-base /home/meixun/Desktop/ROS_program/ros2_ws/build/py03_tf_broadcaster/build install --record /home/meixun/Desktop/ROS_program/ros2_ws/build/py03_tf_broadcaster/install.log --install-scripts $base/lib/py03_tf_broadcaster --single-version-externally-managed
