[0.699s] Invoking command in '/home/meixun/Desktop/ROS_program/ros2_ws/src/py03_tf_broadcaster': CONDA_PROMPT_MODIFIER=(base) PYTHONPATH=/home/meixun/Desktop/ROS_program/ros2_ws/build/py03_tf_broadcaster/prefix_override:/home/meixun/Desktop/ROS_program/ros2_ws/install/py03_tf_broadcaster/lib/python3.8/site-packages:${PYTHONPATH} /usr/bin/python3 setup.py egg_info --egg-base ../../build/py03_tf_broadcaster build --build-base /home/meixun/Desktop/ROS_program/ros2_ws/build/py03_tf_broadcaster/build install --record /home/meixun/Desktop/ROS_program/ros2_ws/build/py03_tf_broadcaster/install.log --install-scripts $base/lib/py03_tf_broadcaster --single-version-externally-managed
[0.944s] running egg_info
[0.945s] writing ../../build/py03_tf_broadcaster/py03_tf_broadcaster.egg-info/PKG-INFO
[0.946s] writing dependency_links to ../../build/py03_tf_broadcaster/py03_tf_broadcaster.egg-info/dependency_links.txt
[0.946s] writing entry points to ../../build/py03_tf_broadcaster/py03_tf_broadcaster.egg-info/entry_points.txt
[0.946s] writing requirements to ../../build/py03_tf_broadcaster/py03_tf_broadcaster.egg-info/requires.txt
[0.946s] writing top-level names to ../../build/py03_tf_broadcaster/py03_tf_broadcaster.egg-info/top_level.txt
[0.984s] reading manifest file '../../build/py03_tf_broadcaster/py03_tf_broadcaster.egg-info/SOURCES.txt'
[0.985s] writing manifest file '../../build/py03_tf_broadcaster/py03_tf_broadcaster.egg-info/SOURCES.txt'
[0.986s] running build
[0.986s] running build_py
[0.986s] copying py03_tf_broadcaster/demo01_tf_static_broadcaster_py.py -> /home/meixun/Desktop/ROS_program/ros2_ws/build/py03_tf_broadcaster/build/lib/py03_tf_broadcaster
[0.986s] running install
[0.987s] running install_lib
[0.988s] copying /home/meixun/Desktop/ROS_program/ros2_ws/build/py03_tf_broadcaster/build/lib/py03_tf_broadcaster/demo01_tf_static_broadcaster_py.py -> /home/meixun/Desktop/ROS_program/ros2_ws/install/py03_tf_broadcaster/lib/python3.8/site-packages/py03_tf_broadcaster
[0.988s] byte-compiling /home/meixun/Desktop/ROS_program/ros2_ws/install/py03_tf_broadcaster/lib/python3.8/site-packages/py03_tf_broadcaster/demo01_tf_static_broadcaster_py.py to demo01_tf_static_broadcaster_py.cpython-38.pyc
[0.990s] running install_data
[0.991s] copying package.xml -> /home/meixun/Desktop/ROS_program/ros2_ws/install/py03_tf_broadcaster/share/py03_tf_broadcaster
[0.991s] running install_egg_info
[0.992s] removing '/home/meixun/Desktop/ROS_program/ros2_ws/install/py03_tf_broadcaster/lib/python3.8/site-packages/py03_tf_broadcaster-0.0.0-py3.8.egg-info' (and everything under it)
[0.993s] Copying ../../build/py03_tf_broadcaster/py03_tf_broadcaster.egg-info to /home/meixun/Desktop/ROS_program/ros2_ws/install/py03_tf_broadcaster/lib/python3.8/site-packages/py03_tf_broadcaster-0.0.0-py3.8.egg-info
[0.994s] running install_scripts
[1.014s] Installing demo01_tf_static_broadcaster_py script to /home/meixun/Desktop/ROS_program/ros2_ws/install/py03_tf_broadcaster/lib/py03_tf_broadcaster
[1.014s] writing list of installed files to '/home/meixun/Desktop/ROS_program/ros2_ws/build/py03_tf_broadcaster/install.log'
[1.039s] Invoked command in '/home/meixun/Desktop/ROS_program/ros2_ws/src/py03_tf_broadcaster' returned '0': CONDA_PROMPT_MODIFIER=(base) PYTHONPATH=/home/meixun/Desktop/ROS_program/ros2_ws/build/py03_tf_broadcaster/prefix_override:/home/meixun/Desktop/ROS_program/ros2_ws/install/py03_tf_broadcaster/lib/python3.8/site-packages:${PYTHONPATH} /usr/bin/python3 setup.py egg_info --egg-base ../../build/py03_tf_broadcaster build --build-base /home/meixun/Desktop/ROS_program/ros2_ws/build/py03_tf_broadcaster/build install --record /home/meixun/Desktop/ROS_program/ros2_ws/build/py03_tf_broadcaster/install.log --install-scripts $base/lib/py03_tf_broadcaster --single-version-externally-managed
