[0.435s] Invoking command in '/home/meixun/Desktop/ROS_program/ros2_ws/src/py03_tf_broadcaster': CONDA_PROMPT_MODIFIER=(base) PYTHONPATH=/home/meixun/Desktop/ROS_program/ros2_ws/build/py03_tf_broadcaster/prefix_override:/home/meixun/Desktop/ROS_program/ros2_ws/install/py03_tf_broadcaster/lib/python3.8/site-packages:${PYTHONPATH} /usr/bin/python3 setup.py egg_info --egg-base ../../build/py03_tf_broadcaster build --build-base /home/meixun/Desktop/ROS_program/ros2_ws/build/py03_tf_broadcaster/build install --record /home/meixun/Desktop/ROS_program/ros2_ws/build/py03_tf_broadcaster/install.log --install-scripts $base/lib/py03_tf_broadcaster --single-version-externally-managed
[0.593s] running egg_info
[0.594s] writing ../../build/py03_tf_broadcaster/py03_tf_broadcaster.egg-info/PKG-INFO
[0.594s] writing dependency_links to ../../build/py03_tf_broadcaster/py03_tf_broadcaster.egg-info/dependency_links.txt
[0.594s] writing entry points to ../../build/py03_tf_broadcaster/py03_tf_broadcaster.egg-info/entry_points.txt
[0.594s] writing requirements to ../../build/py03_tf_broadcaster/py03_tf_broadcaster.egg-info/requires.txt
[0.594s] writing top-level names to ../../build/py03_tf_broadcaster/py03_tf_broadcaster.egg-info/top_level.txt
[0.621s] reading manifest file '../../build/py03_tf_broadcaster/py03_tf_broadcaster.egg-info/SOURCES.txt'
[0.622s] writing manifest file '../../build/py03_tf_broadcaster/py03_tf_broadcaster.egg-info/SOURCES.txt'
[0.622s] running build
[0.622s] running build_py
[0.623s] running install
[0.623s] running install_lib
[0.624s] running install_data
[0.624s] running install_egg_info
[0.626s] removing '/home/meixun/Desktop/ROS_program/ros2_ws/install/py03_tf_broadcaster/lib/python3.8/site-packages/py03_tf_broadcaster-0.0.0-py3.8.egg-info' (and everything under it)
[0.626s] Copying ../../build/py03_tf_broadcaster/py03_tf_broadcaster.egg-info to /home/meixun/Desktop/ROS_program/ros2_ws/install/py03_tf_broadcaster/lib/python3.8/site-packages/py03_tf_broadcaster-0.0.0-py3.8.egg-info
[0.626s] running install_scripts
[0.641s] Installing demo01_tf_static_broadcaster_py script to /home/meixun/Desktop/ROS_program/ros2_ws/install/py03_tf_broadcaster/lib/py03_tf_broadcaster
[0.641s] writing list of installed files to '/home/meixun/Desktop/ROS_program/ros2_ws/build/py03_tf_broadcaster/install.log'
[0.660s] Invoked command in '/home/meixun/Desktop/ROS_program/ros2_ws/src/py03_tf_broadcaster' returned '0': CONDA_PROMPT_MODIFIER=(base) PYTHONPATH=/home/meixun/Desktop/ROS_program/ros2_ws/build/py03_tf_broadcaster/prefix_override:/home/meixun/Desktop/ROS_program/ros2_ws/install/py03_tf_broadcaster/lib/python3.8/site-packages:${PYTHONPATH} /usr/bin/python3 setup.py egg_info --egg-base ../../build/py03_tf_broadcaster build --build-base /home/meixun/Desktop/ROS_program/ros2_ws/build/py03_tf_broadcaster/build install --record /home/meixun/Desktop/ROS_program/ros2_ws/build/py03_tf_broadcaster/install.log --install-scripts $base/lib/py03_tf_broadcaster --single-version-externally-managed
