[0.225s] DEBUG:colcon:Command line arguments: ['/usr/bin/colcon', 'build']
[0.225s] DEBUG:colcon:Parsed command line arguments: Namespace(allow_overriding=[], ament_cmake_args=None, base_paths=['.'], build_base='build', catkin_cmake_args=None, catkin_skip_building_tests=False, cmake_args=None, cmake_clean_cache=False, cmake_clean_first=False, cmake_force_configure=False, cmake_target=None, cmake_target_skip_unavailable=False, continue_on_error=False, event_handlers=None, executor='parallel', ignore_user_meta=False, install_base='install', log_base=None, log_level=None, main=<bound method BuildVerb.main of <colcon_core.verb.build.BuildVerb object at 0x7f90602f9bb0>>, merge_install=False, metas=['./colcon.meta'], packages_above=None, packages_above_and_dependencies=None, packages_above_depth=None, packages_end=None, packages_ignore=None, packages_ignore_regex=None, packages_select=None, packages_select_build_failed=False, packages_select_by_dep=None, packages_select_regex=None, packages_select_test_failures=False, packages_skip=None, packages_skip_build_finished=False, packages_skip_by_dep=None, packages_skip_regex=None, packages_skip_test_passed=False, packages_skip_up_to=None, packages_start=None, packages_up_to=None, packages_up_to_regex=None, parallel_workers=16, paths=None, symlink_install=False, test_result_base=None, verb_extension=<colcon_core.verb.build.BuildVerb object at 0x7f90602f9bb0>, verb_name='build', verb_parser=<colcon_defaults.argument_parser.defaults.DefaultArgumentsDecorator object at 0x7f906025cf40>)
[0.261s] Level 1:colcon.colcon_core.package_discovery:discover_packages(colcon_meta) check parameters
[0.261s] Level 1:colcon.colcon_core.package_discovery:discover_packages(recursive) check parameters
[0.261s] Level 1:colcon.colcon_core.package_discovery:discover_packages(ignore) check parameters
[0.261s] Level 1:colcon.colcon_core.package_discovery:discover_packages(path) check parameters
[0.261s] Level 1:colcon.colcon_core.package_discovery:discover_packages(colcon_meta) discover
[0.261s] Level 1:colcon.colcon_core.package_discovery:discover_packages(recursive) discover
[0.261s] INFO:colcon.colcon_core.package_discovery:Crawling recursively for packages in '/home/meixun/Desktop/ROS_program/ros2_ws'
[0.262s] Level 1:colcon.colcon_core.package_identification:_identify(.) by extensions ['ignore', 'ignore_ament_install']
[0.262s] Level 1:colcon.colcon_core.package_identification:_identify(.) by extension 'ignore'
[0.262s] Level 1:colcon.colcon_core.package_identification:_identify(.) by extension 'ignore_ament_install'
[0.262s] Level 1:colcon.colcon_core.package_identification:_identify(.) by extensions ['colcon_pkg']
[0.262s] Level 1:colcon.colcon_core.package_identification:_identify(.) by extension 'colcon_pkg'
[0.262s] Level 1:colcon.colcon_core.package_identification:_identify(.) by extensions ['colcon_meta']
[0.262s] Level 1:colcon.colcon_core.package_identification:_identify(.) by extension 'colcon_meta'
[0.262s] Level 1:colcon.colcon_core.package_identification:_identify(.) by extensions ['ros']
[0.262s] Level 1:colcon.colcon_core.package_identification:_identify(.) by extension 'ros'
[0.275s] Level 1:colcon.colcon_core.package_identification:_identify(.) by extensions ['cmake', 'python']
[0.275s] Level 1:colcon.colcon_core.package_identification:_identify(.) by extension 'cmake'
[0.275s] Level 1:colcon.colcon_core.package_identification:_identify(.) by extension 'python'
[0.275s] Level 1:colcon.colcon_core.package_identification:_identify(.) by extensions ['python_setup_py']
[0.275s] Level 1:colcon.colcon_core.package_identification:_identify(.) by extension 'python_setup_py'
[0.275s] Level 1:colcon.colcon_core.package_identification:_identify(build) by extensions ['ignore', 'ignore_ament_install']
[0.275s] Level 1:colcon.colcon_core.package_identification:_identify(build) by extension 'ignore'
[0.275s] Level 1:colcon.colcon_core.package_identification:_identify(build) ignored
[0.275s] Level 1:colcon.colcon_core.package_identification:_identify(install) by extensions ['ignore', 'ignore_ament_install']
[0.275s] Level 1:colcon.colcon_core.package_identification:_identify(install) by extension 'ignore'
[0.275s] Level 1:colcon.colcon_core.package_identification:_identify(install) ignored
[0.275s] Level 1:colcon.colcon_core.package_identification:_identify(log) by extensions ['ignore', 'ignore_ament_install']
[0.275s] Level 1:colcon.colcon_core.package_identification:_identify(log) by extension 'ignore'
[0.275s] Level 1:colcon.colcon_core.package_identification:_identify(log) ignored
[0.275s] Level 1:colcon.colcon_core.package_identification:_identify(src) by extensions ['ignore', 'ignore_ament_install']
[0.276s] Level 1:colcon.colcon_core.package_identification:_identify(src) by extension 'ignore'
[0.276s] Level 1:colcon.colcon_core.package_identification:_identify(src) by extension 'ignore_ament_install'
[0.276s] Level 1:colcon.colcon_core.package_identification:_identify(src) by extensions ['colcon_pkg']
[0.276s] Level 1:colcon.colcon_core.package_identification:_identify(src) by extension 'colcon_pkg'
[0.276s] Level 1:colcon.colcon_core.package_identification:_identify(src) by extensions ['colcon_meta']
[0.276s] Level 1:colcon.colcon_core.package_identification:_identify(src) by extension 'colcon_meta'
[0.276s] Level 1:colcon.colcon_core.package_identification:_identify(src) by extensions ['ros']
[0.276s] Level 1:colcon.colcon_core.package_identification:_identify(src) by extension 'ros'
[0.276s] Level 1:colcon.colcon_core.package_identification:_identify(src) by extensions ['cmake', 'python']
[0.276s] Level 1:colcon.colcon_core.package_identification:_identify(src) by extension 'cmake'
[0.276s] Level 1:colcon.colcon_core.package_identification:_identify(src) by extension 'python'
[0.276s] Level 1:colcon.colcon_core.package_identification:_identify(src) by extensions ['python_setup_py']
[0.276s] Level 1:colcon.colcon_core.package_identification:_identify(src) by extension 'python_setup_py'
[0.276s] Level 1:colcon.colcon_core.package_identification:_identify(src/cpp06_urdf) by extensions ['ignore', 'ignore_ament_install']
[0.276s] Level 1:colcon.colcon_core.package_identification:_identify(src/cpp06_urdf) by extension 'ignore'
[0.276s] Level 1:colcon.colcon_core.package_identification:_identify(src/cpp06_urdf) by extension 'ignore_ament_install'
[0.276s] Level 1:colcon.colcon_core.package_identification:_identify(src/cpp06_urdf) by extensions ['colcon_pkg']
[0.276s] Level 1:colcon.colcon_core.package_identification:_identify(src/cpp06_urdf) by extension 'colcon_pkg'
[0.276s] Level 1:colcon.colcon_core.package_identification:_identify(src/cpp06_urdf) by extensions ['colcon_meta']
[0.276s] Level 1:colcon.colcon_core.package_identification:_identify(src/cpp06_urdf) by extension 'colcon_meta'
[0.276s] Level 1:colcon.colcon_core.package_identification:_identify(src/cpp06_urdf) by extensions ['ros']
[0.276s] Level 1:colcon.colcon_core.package_identification:_identify(src/cpp06_urdf) by extension 'ros'
[0.278s] DEBUG:colcon.colcon_core.package_identification:Package 'src/cpp06_urdf' with type 'ros.ament_cmake' and name 'cpp06_urdf'
[0.278s] Level 1:colcon.colcon_core.package_identification:_identify(src/mixed_reality_py) by extensions ['ignore', 'ignore_ament_install']
[0.278s] Level 1:colcon.colcon_core.package_identification:_identify(src/mixed_reality_py) by extension 'ignore'
[0.278s] Level 1:colcon.colcon_core.package_identification:_identify(src/mixed_reality_py) by extension 'ignore_ament_install'
[0.278s] Level 1:colcon.colcon_core.package_identification:_identify(src/mixed_reality_py) by extensions ['colcon_pkg']
[0.278s] Level 1:colcon.colcon_core.package_identification:_identify(src/mixed_reality_py) by extension 'colcon_pkg'
[0.278s] Level 1:colcon.colcon_core.package_identification:_identify(src/mixed_reality_py) by extensions ['colcon_meta']
[0.278s] Level 1:colcon.colcon_core.package_identification:_identify(src/mixed_reality_py) by extension 'colcon_meta'
[0.278s] Level 1:colcon.colcon_core.package_identification:_identify(src/mixed_reality_py) by extensions ['ros']
[0.278s] Level 1:colcon.colcon_core.package_identification:_identify(src/mixed_reality_py) by extension 'ros'
[0.279s] DEBUG:colcon.colcon_core.package_identification:Package 'src/mixed_reality_py' with type 'ros.ament_python' and name 'mixed_reality_py'
[0.279s] Level 1:colcon.colcon_core.package_identification:_identify(src/py03_tf_broadcaster) by extensions ['ignore', 'ignore_ament_install']
[0.279s] Level 1:colcon.colcon_core.package_identification:_identify(src/py03_tf_broadcaster) by extension 'ignore'
[0.279s] Level 1:colcon.colcon_core.package_identification:_identify(src/py03_tf_broadcaster) by extension 'ignore_ament_install'
[0.279s] Level 1:colcon.colcon_core.package_identification:_identify(src/py03_tf_broadcaster) by extensions ['colcon_pkg']
[0.279s] Level 1:colcon.colcon_core.package_identification:_identify(src/py03_tf_broadcaster) by extension 'colcon_pkg'
[0.279s] Level 1:colcon.colcon_core.package_identification:_identify(src/py03_tf_broadcaster) by extensions ['colcon_meta']
[0.279s] Level 1:colcon.colcon_core.package_identification:_identify(src/py03_tf_broadcaster) by extension 'colcon_meta'
[0.279s] Level 1:colcon.colcon_core.package_identification:_identify(src/py03_tf_broadcaster) by extensions ['ros']
[0.279s] Level 1:colcon.colcon_core.package_identification:_identify(src/py03_tf_broadcaster) by extension 'ros'
[0.280s] DEBUG:colcon.colcon_core.package_identification:Package 'src/py03_tf_broadcaster' with type 'ros.ament_python' and name 'py03_tf_broadcaster'
[0.280s] Level 1:colcon.colcon_core.package_discovery:discover_packages(recursive) using defaults
[0.280s] Level 1:colcon.colcon_core.package_discovery:discover_packages(ignore) discover
[0.280s] Level 1:colcon.colcon_core.package_discovery:discover_packages(ignore) using defaults
[0.280s] Level 1:colcon.colcon_core.package_discovery:discover_packages(path) discover
[0.280s] Level 1:colcon.colcon_core.package_discovery:discover_packages(path) using defaults
[0.295s] Level 1:colcon.colcon_core.package_discovery:discover_packages(prefix_path) check parameters
[0.295s] Level 1:colcon.colcon_core.package_discovery:discover_packages(prefix_path) discover
[0.296s] DEBUG:colcon.colcon_installed_package_information.package_discovery:Found 4 installed packages in /home/meixun/Desktop/ROS_program/ros2_ws/install
[0.297s] DEBUG:colcon.colcon_installed_package_information.package_discovery:Found 261 installed packages in /opt/ros/foxy
[0.298s] Level 1:colcon.colcon_core.package_discovery:discover_packages(prefix_path) using defaults
[0.339s] Level 5:colcon.colcon_core.verb:set package 'cpp06_urdf' build argument 'cmake_args' from command line to 'None'
[0.339s] Level 5:colcon.colcon_core.verb:set package 'cpp06_urdf' build argument 'cmake_target' from command line to 'None'
[0.339s] Level 5:colcon.colcon_core.verb:set package 'cpp06_urdf' build argument 'cmake_target_skip_unavailable' from command line to 'False'
[0.339s] Level 5:colcon.colcon_core.verb:set package 'cpp06_urdf' build argument 'cmake_clean_cache' from command line to 'False'
[0.339s] Level 5:colcon.colcon_core.verb:set package 'cpp06_urdf' build argument 'cmake_clean_first' from command line to 'False'
[0.339s] Level 5:colcon.colcon_core.verb:set package 'cpp06_urdf' build argument 'cmake_force_configure' from command line to 'False'
[0.339s] Level 5:colcon.colcon_core.verb:set package 'cpp06_urdf' build argument 'ament_cmake_args' from command line to 'None'
[0.339s] Level 5:colcon.colcon_core.verb:set package 'cpp06_urdf' build argument 'catkin_cmake_args' from command line to 'None'
[0.339s] Level 5:colcon.colcon_core.verb:set package 'cpp06_urdf' build argument 'catkin_skip_building_tests' from command line to 'False'
[0.339s] DEBUG:colcon.colcon_core.verb:Building package 'cpp06_urdf' with the following arguments: {'ament_cmake_args': None, 'build_base': '/home/meixun/Desktop/ROS_program/ros2_ws/build/cpp06_urdf', 'catkin_cmake_args': None, 'catkin_skip_building_tests': False, 'cmake_args': None, 'cmake_clean_cache': False, 'cmake_clean_first': False, 'cmake_force_configure': False, 'cmake_target': None, 'cmake_target_skip_unavailable': False, 'install_base': '/home/meixun/Desktop/ROS_program/ros2_ws/install/cpp06_urdf', 'merge_install': False, 'path': '/home/meixun/Desktop/ROS_program/ros2_ws/src/cpp06_urdf', 'symlink_install': False, 'test_result_base': None}
[0.340s] Level 5:colcon.colcon_core.verb:set package 'mixed_reality_py' build argument 'cmake_args' from command line to 'None'
[0.340s] Level 5:colcon.colcon_core.verb:set package 'mixed_reality_py' build argument 'cmake_target' from command line to 'None'
[0.340s] Level 5:colcon.colcon_core.verb:set package 'mixed_reality_py' build argument 'cmake_target_skip_unavailable' from command line to 'False'
[0.340s] Level 5:colcon.colcon_core.verb:set package 'mixed_reality_py' build argument 'cmake_clean_cache' from command line to 'False'
[0.340s] Level 5:colcon.colcon_core.verb:set package 'mixed_reality_py' build argument 'cmake_clean_first' from command line to 'False'
[0.340s] Level 5:colcon.colcon_core.verb:set package 'mixed_reality_py' build argument 'cmake_force_configure' from command line to 'False'
[0.340s] Level 5:colcon.colcon_core.verb:set package 'mixed_reality_py' build argument 'ament_cmake_args' from command line to 'None'
[0.340s] Level 5:colcon.colcon_core.verb:set package 'mixed_reality_py' build argument 'catkin_cmake_args' from command line to 'None'
[0.340s] Level 5:colcon.colcon_core.verb:set package 'mixed_reality_py' build argument 'catkin_skip_building_tests' from command line to 'False'
[0.340s] DEBUG:colcon.colcon_core.verb:Building package 'mixed_reality_py' with the following arguments: {'ament_cmake_args': None, 'build_base': '/home/meixun/Desktop/ROS_program/ros2_ws/build/mixed_reality_py', 'catkin_cmake_args': None, 'catkin_skip_building_tests': False, 'cmake_args': None, 'cmake_clean_cache': False, 'cmake_clean_first': False, 'cmake_force_configure': False, 'cmake_target': None, 'cmake_target_skip_unavailable': False, 'install_base': '/home/meixun/Desktop/ROS_program/ros2_ws/install/mixed_reality_py', 'merge_install': False, 'path': '/home/meixun/Desktop/ROS_program/ros2_ws/src/mixed_reality_py', 'symlink_install': False, 'test_result_base': None}
[0.341s] Level 5:colcon.colcon_core.verb:set package 'py03_tf_broadcaster' build argument 'cmake_args' from command line to 'None'
[0.341s] Level 5:colcon.colcon_core.verb:set package 'py03_tf_broadcaster' build argument 'cmake_target' from command line to 'None'
[0.341s] Level 5:colcon.colcon_core.verb:set package 'py03_tf_broadcaster' build argument 'cmake_target_skip_unavailable' from command line to 'False'
[0.341s] Level 5:colcon.colcon_core.verb:set package 'py03_tf_broadcaster' build argument 'cmake_clean_cache' from command line to 'False'
[0.341s] Level 5:colcon.colcon_core.verb:set package 'py03_tf_broadcaster' build argument 'cmake_clean_first' from command line to 'False'
[0.341s] Level 5:colcon.colcon_core.verb:set package 'py03_tf_broadcaster' build argument 'cmake_force_configure' from command line to 'False'
[0.341s] Level 5:colcon.colcon_core.verb:set package 'py03_tf_broadcaster' build argument 'ament_cmake_args' from command line to 'None'
[0.341s] Level 5:colcon.colcon_core.verb:set package 'py03_tf_broadcaster' build argument 'catkin_cmake_args' from command line to 'None'
[0.341s] Level 5:colcon.colcon_core.verb:set package 'py03_tf_broadcaster' build argument 'catkin_skip_building_tests' from command line to 'False'
[0.341s] DEBUG:colcon.colcon_core.verb:Building package 'py03_tf_broadcaster' with the following arguments: {'ament_cmake_args': None, 'build_base': '/home/meixun/Desktop/ROS_program/ros2_ws/build/py03_tf_broadcaster', 'catkin_cmake_args': None, 'catkin_skip_building_tests': False, 'cmake_args': None, 'cmake_clean_cache': False, 'cmake_clean_first': False, 'cmake_force_configure': False, 'cmake_target': None, 'cmake_target_skip_unavailable': False, 'install_base': '/home/meixun/Desktop/ROS_program/ros2_ws/install/py03_tf_broadcaster', 'merge_install': False, 'path': '/home/meixun/Desktop/ROS_program/ros2_ws/src/py03_tf_broadcaster', 'symlink_install': False, 'test_result_base': None}
[0.341s] INFO:colcon.colcon_core.executor:Executing jobs using 'parallel' executor
[0.344s] DEBUG:colcon.colcon_parallel_executor.executor.parallel:run_until_complete
[0.344s] INFO:colcon.colcon_ros.task.ament_cmake.build:Building ROS package in '/home/meixun/Desktop/ROS_program/ros2_ws/src/cpp06_urdf' with build type 'ament_cmake'
[0.344s] INFO:colcon.colcon_cmake.task.cmake.build:Building CMake package in '/home/meixun/Desktop/ROS_program/ros2_ws/src/cpp06_urdf'
[0.347s] INFO:colcon.colcon_core.plugin_system:Skipping extension 'colcon_core.shell.bat': Not used on non-Windows systems
[0.347s] INFO:colcon.colcon_core.shell:Skip shell extension 'powershell' for command environment: Not usable outside of PowerShell
[0.347s] DEBUG:colcon.colcon_core.shell:Skip shell extension 'dsv' for command environment
[0.351s] INFO:colcon.colcon_ros.task.ament_python.build:Building ROS package in '/home/meixun/Desktop/ROS_program/ros2_ws/src/mixed_reality_py' with build type 'ament_python'
[0.352s] Level 1:colcon.colcon_core.shell:create_environment_hook('mixed_reality_py', 'ament_prefix_path')
[0.354s] INFO:colcon.colcon_core.shell:Creating environment hook '/home/meixun/Desktop/ROS_program/ros2_ws/install/mixed_reality_py/share/mixed_reality_py/hook/ament_prefix_path.ps1'
[0.355s] INFO:colcon.colcon_core.shell:Creating environment descriptor '/home/meixun/Desktop/ROS_program/ros2_ws/install/mixed_reality_py/share/mixed_reality_py/hook/ament_prefix_path.dsv'
[0.356s] INFO:colcon.colcon_core.shell:Creating environment hook '/home/meixun/Desktop/ROS_program/ros2_ws/install/mixed_reality_py/share/mixed_reality_py/hook/ament_prefix_path.sh'
[0.359s] INFO:colcon.colcon_core.shell:Skip shell extension 'powershell' for command environment: Not usable outside of PowerShell
[0.359s] DEBUG:colcon.colcon_core.shell:Skip shell extension 'dsv' for command environment
[0.366s] INFO:colcon.colcon_ros.task.ament_python.build:Building ROS package in '/home/meixun/Desktop/ROS_program/ros2_ws/src/py03_tf_broadcaster' with build type 'ament_python'
[0.366s] Level 1:colcon.colcon_core.shell:create_environment_hook('py03_tf_broadcaster', 'ament_prefix_path')
[0.368s] INFO:colcon.colcon_core.shell:Creating environment hook '/home/meixun/Desktop/ROS_program/ros2_ws/install/py03_tf_broadcaster/share/py03_tf_broadcaster/hook/ament_prefix_path.ps1'
[0.369s] INFO:colcon.colcon_core.shell:Creating environment descriptor '/home/meixun/Desktop/ROS_program/ros2_ws/install/py03_tf_broadcaster/share/py03_tf_broadcaster/hook/ament_prefix_path.dsv'
[0.369s] INFO:colcon.colcon_core.shell:Creating environment hook '/home/meixun/Desktop/ROS_program/ros2_ws/install/py03_tf_broadcaster/share/py03_tf_broadcaster/hook/ament_prefix_path.sh'
[0.370s] INFO:colcon.colcon_core.shell:Skip shell extension 'powershell' for command environment: Not usable outside of PowerShell
[0.370s] DEBUG:colcon.colcon_core.shell:Skip shell extension 'dsv' for command environment
[0.381s] DEBUG:colcon.colcon_core.event_handler.log_command:Invoking command in '/home/meixun/Desktop/ROS_program/ros2_ws/build/cpp06_urdf': CMAKE_PREFIX_PATH=${CMAKE_PREFIX_PATH}:/home/meixun/Desktop/ROS_program/ros2_ws/install/py03_tf_broadcaster:/home/meixun/Desktop/ROS_program/ros2_ws/install/mixed_reality_py:/home/meixun/Desktop/ROS_program/ros2_ws/install/mcl:/opt/ros/foxy CONDA_PROMPT_MODIFIER=(base) /usr/bin/cmake --build /home/meixun/Desktop/ROS_program/ros2_ws/build/cpp06_urdf -- -j16 -l16
[0.605s] INFO:colcon.colcon_core.task.python.build:Building Python package in '/home/meixun/Desktop/ROS_program/ros2_ws/src/mixed_reality_py'
[0.607s] INFO:colcon.colcon_core.shell:Skip shell extension 'powershell' for command environment: Not usable outside of PowerShell
[0.608s] DEBUG:colcon.colcon_core.shell:Skip shell extension 'dsv' for command environment
[0.844s] INFO:colcon.colcon_core.task.python.build:Building Python package in '/home/meixun/Desktop/ROS_program/ros2_ws/src/py03_tf_broadcaster'
[0.845s] INFO:colcon.colcon_core.shell:Skip shell extension 'powershell' for command environment: Not usable outside of PowerShell
[0.845s] DEBUG:colcon.colcon_core.shell:Skip shell extension 'dsv' for command environment
[0.852s] DEBUG:colcon.colcon_core.event_handler.log_command:Invoked command in '/home/meixun/Desktop/ROS_program/ros2_ws/build/cpp06_urdf' returned '0': CMAKE_PREFIX_PATH=${CMAKE_PREFIX_PATH}:/home/meixun/Desktop/ROS_program/ros2_ws/install/py03_tf_broadcaster:/home/meixun/Desktop/ROS_program/ros2_ws/install/mixed_reality_py:/home/meixun/Desktop/ROS_program/ros2_ws/install/mcl:/opt/ros/foxy CONDA_PROMPT_MODIFIER=(base) /usr/bin/cmake --build /home/meixun/Desktop/ROS_program/ros2_ws/build/cpp06_urdf -- -j16 -l16
[0.876s] DEBUG:colcon.colcon_core.event_handler.log_command:Invoking command in '/home/meixun/Desktop/ROS_program/ros2_ws/build/cpp06_urdf': CMAKE_PREFIX_PATH=${CMAKE_PREFIX_PATH}:/home/meixun/Desktop/ROS_program/ros2_ws/install/py03_tf_broadcaster:/home/meixun/Desktop/ROS_program/ros2_ws/install/mixed_reality_py:/home/meixun/Desktop/ROS_program/ros2_ws/install/mcl:/opt/ros/foxy CONDA_PROMPT_MODIFIER=(base) /usr/bin/cmake --install /home/meixun/Desktop/ROS_program/ros2_ws/build/cpp06_urdf
[0.883s] Level 1:colcon.colcon_core.environment:create_environment_scripts_only(cpp06_urdf)
[0.891s] DEBUG:colcon.colcon_core.event_handler.log_command:Invoked command in '/home/meixun/Desktop/ROS_program/ros2_ws/build/cpp06_urdf' returned '0': CMAKE_PREFIX_PATH=${CMAKE_PREFIX_PATH}:/home/meixun/Desktop/ROS_program/ros2_ws/install/py03_tf_broadcaster:/home/meixun/Desktop/ROS_program/ros2_ws/install/mixed_reality_py:/home/meixun/Desktop/ROS_program/ros2_ws/install/mcl:/opt/ros/foxy CONDA_PROMPT_MODIFIER=(base) /usr/bin/cmake --install /home/meixun/Desktop/ROS_program/ros2_ws/build/cpp06_urdf
[0.892s] Level 1:colcon.colcon_core.environment:checking '/home/meixun/Desktop/ROS_program/ros2_ws/install/cpp06_urdf' for CMake module files
[0.893s] Level 1:colcon.colcon_core.environment:checking '/home/meixun/Desktop/ROS_program/ros2_ws/install/cpp06_urdf' for CMake config files
[0.893s] Level 1:colcon.colcon_core.shell:create_environment_hook('cpp06_urdf', 'cmake_prefix_path')
[0.895s] INFO:colcon.colcon_core.shell:Creating environment hook '/home/meixun/Desktop/ROS_program/ros2_ws/install/cpp06_urdf/share/cpp06_urdf/hook/cmake_prefix_path.ps1'
[0.895s] INFO:colcon.colcon_core.shell:Creating environment descriptor '/home/meixun/Desktop/ROS_program/ros2_ws/install/cpp06_urdf/share/cpp06_urdf/hook/cmake_prefix_path.dsv'
[0.895s] INFO:colcon.colcon_core.shell:Creating environment hook '/home/meixun/Desktop/ROS_program/ros2_ws/install/cpp06_urdf/share/cpp06_urdf/hook/cmake_prefix_path.sh'
[0.896s] Level 1:colcon.colcon_core.environment:checking '/home/meixun/Desktop/ROS_program/ros2_ws/install/cpp06_urdf/bin'
[0.896s] Level 1:colcon.colcon_core.environment:checking '/home/meixun/Desktop/ROS_program/ros2_ws/install/cpp06_urdf/lib/pkgconfig/cpp06_urdf.pc'
[0.896s] Level 1:colcon.colcon_core.environment:checking '/home/meixun/Desktop/ROS_program/ros2_ws/install/cpp06_urdf/lib/python3.8/site-packages'
[0.896s] Level 1:colcon.colcon_core.environment:checking '/home/meixun/Desktop/ROS_program/ros2_ws/install/cpp06_urdf/bin'
[0.897s] INFO:colcon.colcon_core.shell:Creating package script '/home/meixun/Desktop/ROS_program/ros2_ws/install/cpp06_urdf/share/cpp06_urdf/package.ps1'
[0.898s] INFO:colcon.colcon_core.shell:Creating package descriptor '/home/meixun/Desktop/ROS_program/ros2_ws/install/cpp06_urdf/share/cpp06_urdf/package.dsv'
[0.898s] INFO:colcon.colcon_core.shell:Creating package script '/home/meixun/Desktop/ROS_program/ros2_ws/install/cpp06_urdf/share/cpp06_urdf/package.sh'
[0.899s] INFO:colcon.colcon_core.shell:Creating package script '/home/meixun/Desktop/ROS_program/ros2_ws/install/cpp06_urdf/share/cpp06_urdf/package.bash'
[0.899s] INFO:colcon.colcon_core.shell:Creating package script '/home/meixun/Desktop/ROS_program/ros2_ws/install/cpp06_urdf/share/cpp06_urdf/package.zsh'
[0.899s] Level 1:colcon.colcon_core.environment:create_file_with_runtime_dependencies(/home/meixun/Desktop/ROS_program/ros2_ws/install/cpp06_urdf/share/colcon-core/packages/cpp06_urdf)
[0.916s] Level 1:colcon.colcon_core.environment:create_environment_scripts_only(cpp06_urdf)
[0.919s] Level 1:colcon.colcon_core.environment:checking '/home/meixun/Desktop/ROS_program/ros2_ws/install/cpp06_urdf' for CMake module files
[0.919s] Level 1:colcon.colcon_core.environment:checking '/home/meixun/Desktop/ROS_program/ros2_ws/install/cpp06_urdf' for CMake config files
[0.920s] Level 1:colcon.colcon_core.shell:create_environment_hook('cpp06_urdf', 'cmake_prefix_path')
[0.922s] INFO:colcon.colcon_core.shell:Creating environment hook '/home/meixun/Desktop/ROS_program/ros2_ws/install/cpp06_urdf/share/cpp06_urdf/hook/cmake_prefix_path.ps1'
[0.922s] INFO:colcon.colcon_core.shell:Creating environment descriptor '/home/meixun/Desktop/ROS_program/ros2_ws/install/cpp06_urdf/share/cpp06_urdf/hook/cmake_prefix_path.dsv'
[0.922s] INFO:colcon.colcon_core.shell:Creating environment hook '/home/meixun/Desktop/ROS_program/ros2_ws/install/cpp06_urdf/share/cpp06_urdf/hook/cmake_prefix_path.sh'
[0.923s] Level 1:colcon.colcon_core.environment:checking '/home/meixun/Desktop/ROS_program/ros2_ws/install/cpp06_urdf/bin'
[0.923s] Level 1:colcon.colcon_core.environment:checking '/home/meixun/Desktop/ROS_program/ros2_ws/install/cpp06_urdf/lib/pkgconfig/cpp06_urdf.pc'
[0.923s] Level 1:colcon.colcon_core.environment:checking '/home/meixun/Desktop/ROS_program/ros2_ws/install/cpp06_urdf/lib/python3.8/site-packages'
[0.924s] Level 1:colcon.colcon_core.environment:checking '/home/meixun/Desktop/ROS_program/ros2_ws/install/cpp06_urdf/bin'
[0.925s] INFO:colcon.colcon_core.shell:Creating package script '/home/meixun/Desktop/ROS_program/ros2_ws/install/cpp06_urdf/share/cpp06_urdf/package.ps1'
[0.926s] INFO:colcon.colcon_core.shell:Creating package descriptor '/home/meixun/Desktop/ROS_program/ros2_ws/install/cpp06_urdf/share/cpp06_urdf/package.dsv'
[0.927s] INFO:colcon.colcon_core.shell:Creating package script '/home/meixun/Desktop/ROS_program/ros2_ws/install/cpp06_urdf/share/cpp06_urdf/package.sh'
[0.927s] INFO:colcon.colcon_core.shell:Creating package script '/home/meixun/Desktop/ROS_program/ros2_ws/install/cpp06_urdf/share/cpp06_urdf/package.bash'
[0.928s] INFO:colcon.colcon_core.shell:Creating package script '/home/meixun/Desktop/ROS_program/ros2_ws/install/cpp06_urdf/share/cpp06_urdf/package.zsh'
[0.928s] Level 1:colcon.colcon_core.environment:create_file_with_runtime_dependencies(/home/meixun/Desktop/ROS_program/ros2_ws/install/cpp06_urdf/share/colcon-core/packages/cpp06_urdf)
[1.249s] DEBUG:colcon.colcon_core.event_handler.log_command:Invoking command in '/home/meixun/Desktop/ROS_program/ros2_ws/src/py03_tf_broadcaster': CONDA_PROMPT_MODIFIER=(base) PYTHONPATH=/home/meixun/Desktop/ROS_program/ros2_ws/build/py03_tf_broadcaster/prefix_override:/home/meixun/Desktop/ROS_program/ros2_ws/install/py03_tf_broadcaster/lib/python3.8/site-packages:${PYTHONPATH} /usr/bin/python3 setup.py egg_info --egg-base ../../build/py03_tf_broadcaster build --build-base /home/meixun/Desktop/ROS_program/ros2_ws/build/py03_tf_broadcaster/build install --record /home/meixun/Desktop/ROS_program/ros2_ws/build/py03_tf_broadcaster/install.log --install-scripts $base/lib/py03_tf_broadcaster --single-version-externally-managed
[1.253s] DEBUG:colcon.colcon_core.event_handler.log_command:Invoking command in '/home/meixun/Desktop/ROS_program/ros2_ws/src/mixed_reality_py': CONDA_PROMPT_MODIFIER=(base) PYTHONPATH=/home/meixun/Desktop/ROS_program/ros2_ws/build/mixed_reality_py/prefix_override:/home/meixun/Desktop/ROS_program/ros2_ws/install/mixed_reality_py/lib/python3.8/site-packages:${PYTHONPATH} /usr/bin/python3 setup.py egg_info --egg-base ../../build/mixed_reality_py build --build-base /home/meixun/Desktop/ROS_program/ros2_ws/build/mixed_reality_py/build install --record /home/meixun/Desktop/ROS_program/ros2_ws/build/mixed_reality_py/install.log --install-scripts $base/lib/mixed_reality_py --single-version-externally-managed
[2.048s] Level 1:colcon.colcon_core.environment:checking '/home/meixun/Desktop/ROS_program/ros2_ws/install/py03_tf_broadcaster' for CMake module files
[2.048s] DEBUG:colcon.colcon_core.event_handler.log_command:Invoked command in '/home/meixun/Desktop/ROS_program/ros2_ws/src/py03_tf_broadcaster' returned '0': CONDA_PROMPT_MODIFIER=(base) PYTHONPATH=/home/meixun/Desktop/ROS_program/ros2_ws/build/py03_tf_broadcaster/prefix_override:/home/meixun/Desktop/ROS_program/ros2_ws/install/py03_tf_broadcaster/lib/python3.8/site-packages:${PYTHONPATH} /usr/bin/python3 setup.py egg_info --egg-base ../../build/py03_tf_broadcaster build --build-base /home/meixun/Desktop/ROS_program/ros2_ws/build/py03_tf_broadcaster/build install --record /home/meixun/Desktop/ROS_program/ros2_ws/build/py03_tf_broadcaster/install.log --install-scripts $base/lib/py03_tf_broadcaster --single-version-externally-managed
[2.049s] Level 1:colcon.colcon_core.environment:checking '/home/meixun/Desktop/ROS_program/ros2_ws/install/py03_tf_broadcaster' for CMake config files
[2.049s] Level 1:colcon.colcon_core.environment:checking '/home/meixun/Desktop/ROS_program/ros2_ws/install/py03_tf_broadcaster/lib'
[2.049s] Level 1:colcon.colcon_core.environment:checking '/home/meixun/Desktop/ROS_program/ros2_ws/install/py03_tf_broadcaster/bin'
[2.049s] Level 1:colcon.colcon_core.environment:checking '/home/meixun/Desktop/ROS_program/ros2_ws/install/py03_tf_broadcaster/lib/pkgconfig/py03_tf_broadcaster.pc'
[2.050s] Level 1:colcon.colcon_core.environment:checking '/home/meixun/Desktop/ROS_program/ros2_ws/install/py03_tf_broadcaster/lib/python3.8/site-packages'
[2.050s] Level 1:colcon.colcon_core.shell:create_environment_hook('py03_tf_broadcaster', 'pythonpath')
[2.051s] INFO:colcon.colcon_core.shell:Creating environment hook '/home/meixun/Desktop/ROS_program/ros2_ws/install/py03_tf_broadcaster/share/py03_tf_broadcaster/hook/pythonpath.ps1'
[2.051s] INFO:colcon.colcon_core.shell:Creating environment descriptor '/home/meixun/Desktop/ROS_program/ros2_ws/install/py03_tf_broadcaster/share/py03_tf_broadcaster/hook/pythonpath.dsv'
[2.051s] INFO:colcon.colcon_core.shell:Creating environment hook '/home/meixun/Desktop/ROS_program/ros2_ws/install/py03_tf_broadcaster/share/py03_tf_broadcaster/hook/pythonpath.sh'
[2.052s] Level 1:colcon.colcon_core.environment:checking '/home/meixun/Desktop/ROS_program/ros2_ws/install/py03_tf_broadcaster/bin'
[2.052s] Level 1:colcon.colcon_core.environment:create_environment_scripts_only(py03_tf_broadcaster)
[2.053s] INFO:colcon.colcon_core.shell:Creating package script '/home/meixun/Desktop/ROS_program/ros2_ws/install/py03_tf_broadcaster/share/py03_tf_broadcaster/package.ps1'
[2.053s] INFO:colcon.colcon_core.shell:Creating package descriptor '/home/meixun/Desktop/ROS_program/ros2_ws/install/py03_tf_broadcaster/share/py03_tf_broadcaster/package.dsv'
[2.054s] INFO:colcon.colcon_core.shell:Creating package script '/home/meixun/Desktop/ROS_program/ros2_ws/install/py03_tf_broadcaster/share/py03_tf_broadcaster/package.sh'
[2.054s] INFO:colcon.colcon_core.shell:Creating package script '/home/meixun/Desktop/ROS_program/ros2_ws/install/py03_tf_broadcaster/share/py03_tf_broadcaster/package.bash'
[2.054s] INFO:colcon.colcon_core.shell:Creating package script '/home/meixun/Desktop/ROS_program/ros2_ws/install/py03_tf_broadcaster/share/py03_tf_broadcaster/package.zsh'
[2.054s] Level 1:colcon.colcon_core.environment:create_file_with_runtime_dependencies(/home/meixun/Desktop/ROS_program/ros2_ws/install/py03_tf_broadcaster/share/colcon-core/packages/py03_tf_broadcaster)
[2.063s] Level 1:colcon.colcon_core.environment:checking '/home/meixun/Desktop/ROS_program/ros2_ws/install/mixed_reality_py' for CMake module files
[2.063s] DEBUG:colcon.colcon_core.event_handler.log_command:Invoked command in '/home/meixun/Desktop/ROS_program/ros2_ws/src/mixed_reality_py' returned '0': CONDA_PROMPT_MODIFIER=(base) PYTHONPATH=/home/meixun/Desktop/ROS_program/ros2_ws/build/mixed_reality_py/prefix_override:/home/meixun/Desktop/ROS_program/ros2_ws/install/mixed_reality_py/lib/python3.8/site-packages:${PYTHONPATH} /usr/bin/python3 setup.py egg_info --egg-base ../../build/mixed_reality_py build --build-base /home/meixun/Desktop/ROS_program/ros2_ws/build/mixed_reality_py/build install --record /home/meixun/Desktop/ROS_program/ros2_ws/build/mixed_reality_py/install.log --install-scripts $base/lib/mixed_reality_py --single-version-externally-managed
[2.064s] Level 1:colcon.colcon_core.environment:checking '/home/meixun/Desktop/ROS_program/ros2_ws/install/mixed_reality_py' for CMake config files
[2.064s] Level 1:colcon.colcon_core.environment:checking '/home/meixun/Desktop/ROS_program/ros2_ws/install/mixed_reality_py/lib'
[2.064s] Level 1:colcon.colcon_core.environment:checking '/home/meixun/Desktop/ROS_program/ros2_ws/install/mixed_reality_py/bin'
[2.064s] Level 1:colcon.colcon_core.environment:checking '/home/meixun/Desktop/ROS_program/ros2_ws/install/mixed_reality_py/lib/pkgconfig/mixed_reality_py.pc'
[2.064s] Level 1:colcon.colcon_core.environment:checking '/home/meixun/Desktop/ROS_program/ros2_ws/install/mixed_reality_py/lib/python3.8/site-packages'
[2.064s] Level 1:colcon.colcon_core.shell:create_environment_hook('mixed_reality_py', 'pythonpath')
[2.065s] INFO:colcon.colcon_core.shell:Creating environment hook '/home/meixun/Desktop/ROS_program/ros2_ws/install/mixed_reality_py/share/mixed_reality_py/hook/pythonpath.ps1'
[2.066s] INFO:colcon.colcon_core.shell:Creating environment descriptor '/home/meixun/Desktop/ROS_program/ros2_ws/install/mixed_reality_py/share/mixed_reality_py/hook/pythonpath.dsv'
[2.066s] INFO:colcon.colcon_core.shell:Creating environment hook '/home/meixun/Desktop/ROS_program/ros2_ws/install/mixed_reality_py/share/mixed_reality_py/hook/pythonpath.sh'
[2.066s] Level 1:colcon.colcon_core.environment:checking '/home/meixun/Desktop/ROS_program/ros2_ws/install/mixed_reality_py/bin'
[2.066s] Level 1:colcon.colcon_core.environment:create_environment_scripts_only(mixed_reality_py)
[2.067s] INFO:colcon.colcon_core.shell:Creating package script '/home/meixun/Desktop/ROS_program/ros2_ws/install/mixed_reality_py/share/mixed_reality_py/package.ps1'
[2.068s] INFO:colcon.colcon_core.shell:Creating package descriptor '/home/meixun/Desktop/ROS_program/ros2_ws/install/mixed_reality_py/share/mixed_reality_py/package.dsv'
[2.068s] INFO:colcon.colcon_core.shell:Creating package script '/home/meixun/Desktop/ROS_program/ros2_ws/install/mixed_reality_py/share/mixed_reality_py/package.sh'
[2.068s] INFO:colcon.colcon_core.shell:Creating package script '/home/meixun/Desktop/ROS_program/ros2_ws/install/mixed_reality_py/share/mixed_reality_py/package.bash'
[2.068s] INFO:colcon.colcon_core.shell:Creating package script '/home/meixun/Desktop/ROS_program/ros2_ws/install/mixed_reality_py/share/mixed_reality_py/package.zsh'
[2.068s] Level 1:colcon.colcon_core.environment:create_file_with_runtime_dependencies(/home/meixun/Desktop/ROS_program/ros2_ws/install/mixed_reality_py/share/colcon-core/packages/mixed_reality_py)
[2.069s] DEBUG:colcon.colcon_parallel_executor.executor.parallel:closing loop
[2.069s] DEBUG:colcon.colcon_parallel_executor.executor.parallel:loop closed
[2.069s] DEBUG:colcon.colcon_parallel_executor.executor.parallel:run_until_complete finished with '0'
[2.069s] DEBUG:colcon.colcon_core.event_reactor:joining thread
[2.073s] INFO:colcon.colcon_core.plugin_system:Skipping extension 'colcon_notification.desktop_notification.terminal_notifier': Not used on non-Darwin systems
[2.073s] INFO:colcon.colcon_core.plugin_system:Skipping extension 'colcon_notification.desktop_notification.win32': Not used on non-Windows systems
[2.073s] INFO:colcon.colcon_notification.desktop_notification:Sending desktop notification using 'notify2'
[2.084s] DEBUG:colcon.colcon_core.event_reactor:joined thread
[2.087s] INFO:colcon.colcon_core.shell:Creating prefix script '/home/meixun/Desktop/ROS_program/ros2_ws/install/local_setup.ps1'
[2.088s] INFO:colcon.colcon_core.shell:Creating prefix util module '/home/meixun/Desktop/ROS_program/ros2_ws/install/_local_setup_util_ps1.py'
[2.089s] INFO:colcon.colcon_core.shell:Creating prefix chain script '/home/meixun/Desktop/ROS_program/ros2_ws/install/setup.ps1'
[2.091s] INFO:colcon.colcon_core.shell:Creating prefix script '/home/meixun/Desktop/ROS_program/ros2_ws/install/local_setup.sh'
[2.092s] INFO:colcon.colcon_core.shell:Creating prefix util module '/home/meixun/Desktop/ROS_program/ros2_ws/install/_local_setup_util_sh.py'
[2.092s] INFO:colcon.colcon_core.shell:Creating prefix chain script '/home/meixun/Desktop/ROS_program/ros2_ws/install/setup.sh'
[2.094s] INFO:colcon.colcon_core.shell:Creating prefix script '/home/meixun/Desktop/ROS_program/ros2_ws/install/local_setup.bash'
[2.094s] INFO:colcon.colcon_core.shell:Creating prefix chain script '/home/meixun/Desktop/ROS_program/ros2_ws/install/setup.bash'
[2.096s] INFO:colcon.colcon_core.shell:Creating prefix script '/home/meixun/Desktop/ROS_program/ros2_ws/install/local_setup.zsh'
[2.096s] INFO:colcon.colcon_core.shell:Creating prefix chain script '/home/meixun/Desktop/ROS_program/ros2_ws/install/setup.zsh'
