[0.083s] Invoking command in '/home/meixun/Desktop/ROS_program/ros2_ws/build/cpp06_urdf': CMAKE_PREFIX_PATH=${CMAKE_PREFIX_PATH}:/home/meixun/Desktop/ROS_program/ros2_ws/install/py03_tf_broadcaster:/home/meixun/Desktop/ROS_program/ros2_ws/install/multi_agent_sim:/home/meixun/Desktop/ROS_program/ros2_ws/install/mixed_reality_py:/home/meixun/Desktop/ROS_program/ros2_ws/install/mcl:/opt/ros/foxy CONDA_PROMPT_MODIFIER=(base) /usr/bin/cmake --build /home/meixun/Desktop/ROS_program/ros2_ws/build/cpp06_urdf -- -j16 -l16
[2.395s] Invoked command in '/home/meixun/Desktop/ROS_program/ros2_ws/build/cpp06_urdf' returned '0': CMAKE_PREFIX_PATH=${CMAKE_PREFIX_PATH}:/home/meixun/Desktop/ROS_program/ros2_ws/install/py03_tf_broadcaster:/home/meixun/Desktop/ROS_program/ros2_ws/install/multi_agent_sim:/home/meixun/Desktop/ROS_program/ros2_ws/install/mixed_reality_py:/home/meixun/Desktop/ROS_program/ros2_ws/install/mcl:/opt/ros/foxy CONDA_PROMPT_MODIFIER=(base) /usr/bin/cmake --build /home/meixun/Desktop/ROS_program/ros2_ws/build/cpp06_urdf -- -j16 -l16
[2.460s] Invoking command in '/home/meixun/Desktop/ROS_program/ros2_ws/build/cpp06_urdf': CMAKE_PREFIX_PATH=${CMAKE_PREFIX_PATH}:/home/meixun/Desktop/ROS_program/ros2_ws/install/py03_tf_broadcaster:/home/meixun/Desktop/ROS_program/ros2_ws/install/multi_agent_sim:/home/meixun/Desktop/ROS_program/ros2_ws/install/mixed_reality_py:/home/meixun/Desktop/ROS_program/ros2_ws/install/mcl:/opt/ros/foxy CONDA_PROMPT_MODIFIER=(base) /usr/bin/cmake --install /home/meixun/Desktop/ROS_program/ros2_ws/build/cpp06_urdf
[2.478s] -- Install configuration: ""
[2.479s] -- Up-to-date: /home/meixun/Desktop/ROS_program/ros2_ws/install/cpp06_urdf/share/cpp06_urdf/launch
[2.479s] -- Up-to-date: /home/meixun/Desktop/ROS_program/ros2_ws/install/cpp06_urdf/share/cpp06_urdf/launch/yaml
[2.479s] -- Up-to-date: /home/meixun/Desktop/ROS_program/ros2_ws/install/cpp06_urdf/share/cpp06_urdf/launch/display.launch.py
[2.480s] -- Up-to-date: /home/meixun/Desktop/ROS_program/ros2_ws/install/cpp06_urdf/share/cpp06_urdf/launch/node_start.launch.py
[2.480s] -- Up-to-date: /home/meixun/Desktop/ROS_program/ros2_ws/install/cpp06_urdf/share/cpp06_urdf/rviz
[2.480s] -- Up-to-date: /home/meixun/Desktop/ROS_program/ros2_ws/install/cpp06_urdf/share/cpp06_urdf/rviz/f110_localisation.rviz
[2.480s] -- Up-to-date: /home/meixun/Desktop/ROS_program/ros2_ws/install/cpp06_urdf/share/cpp06_urdf/rviz/robot_box.rviz
[2.481s] -- Up-to-date: /home/meixun/Desktop/ROS_program/ros2_ws/install/cpp06_urdf/share/cpp06_urdf/rviz/localisation.rviz
[2.481s] -- Up-to-date: /home/meixun/Desktop/ROS_program/ros2_ws/install/cpp06_urdf/share/cpp06_urdf/urdf
[2.481s] -- Up-to-date: /home/meixun/Desktop/ROS_program/ros2_ws/install/cpp06_urdf/share/cpp06_urdf/urdf/urdf
[2.481s] -- Up-to-date: /home/meixun/Desktop/ROS_program/ros2_ws/install/cpp06_urdf/share/cpp06_urdf/urdf/urdf/demo05_car_urdf.urdf
[2.481s] -- Up-to-date: /home/meixun/Desktop/ROS_program/ros2_ws/install/cpp06_urdf/share/cpp06_urdf/urdf/urdf/demo02_link.urdf
[2.482s] -- Up-to-date: /home/meixun/Desktop/ROS_program/ros2_ws/install/cpp06_urdf/share/cpp06_urdf/urdf/urdf/demo03_joint.urdf
[2.482s] -- Up-to-date: /home/meixun/Desktop/ROS_program/ros2_ws/install/cpp06_urdf/share/cpp06_urdf/urdf/urdf/demo01_helloworld.urdf
[2.482s] -- Up-to-date: /home/meixun/Desktop/ROS_program/ros2_ws/install/cpp06_urdf/share/cpp06_urdf/urdf/urdf/demo04_basefootprint.urdf
[2.482s] -- Up-to-date: /home/meixun/Desktop/ROS_program/ros2_ws/install/cpp06_urdf/share/cpp06_urdf/urdf/xacro
[2.482s] -- Up-to-date: /home/meixun/Desktop/ROS_program/ros2_ws/install/cpp06_urdf/share/cpp06_urdf/urdf/xacro/car_camera.xacro
[2.482s] -- Up-to-date: /home/meixun/Desktop/ROS_program/ros2_ws/install/cpp06_urdf/share/cpp06_urdf/urdf/xacro/car_base.xacro
[2.483s] -- Up-to-date: /home/meixun/Desktop/ROS_program/ros2_ws/install/cpp06_urdf/share/cpp06_urdf/urdf/xacro/car_lidar.xacro
[2.483s] -- Up-to-date: /home/meixun/Desktop/ROS_program/ros2_ws/install/cpp06_urdf/share/cpp06_urdf/urdf/xacro/car.xacro
[2.484s] -- Up-to-date: /home/meixun/Desktop/ROS_program/ros2_ws/install/cpp06_urdf/share/cpp06_urdf/meshes
[2.487s] -- Up-to-date: /home/meixun/Desktop/ROS_program/ros2_ws/install/cpp06_urdf/share/cpp06_urdf/meshes/hokuyo.stl
[2.489s] -- Up-to-date: /home/meixun/Desktop/ROS_program/ros2_ws/install/cpp06_urdf/share/cpp06_urdf/meshes/chassis.stl
[2.490s] -- Up-to-date: /home/meixun/Desktop/ROS_program/ros2_ws/install/cpp06_urdf/share/cpp06_urdf/meshes/right_wheel.stl
[2.492s] -- Up-to-date: /home/meixun/Desktop/ROS_program/ros2_ws/install/cpp06_urdf/share/cpp06_urdf/meshes/left_wheel.stl
[2.492s] -- Up-to-date: /home/meixun/Desktop/ROS_program/ros2_ws/install/cpp06_urdf/share/cpp06_urdf/meshes/hinge.stl
[2.493s] -- Up-to-date: /home/meixun/Desktop/ROS_program/ros2_ws/install/cpp06_urdf/share/ament_index/resource_index/package_run_dependencies/cpp06_urdf
[2.493s] -- Up-to-date: /home/meixun/Desktop/ROS_program/ros2_ws/install/cpp06_urdf/share/ament_index/resource_index/parent_prefix_path/cpp06_urdf
[2.493s] -- Up-to-date: /home/meixun/Desktop/ROS_program/ros2_ws/install/cpp06_urdf/share/cpp06_urdf/environment/ament_prefix_path.sh
[2.495s] -- Up-to-date: /home/meixun/Desktop/ROS_program/ros2_ws/install/cpp06_urdf/share/cpp06_urdf/environment/ament_prefix_path.dsv
[2.496s] -- Up-to-date: /home/meixun/Desktop/ROS_program/ros2_ws/install/cpp06_urdf/share/cpp06_urdf/environment/path.sh
[2.497s] -- Up-to-date: /home/meixun/Desktop/ROS_program/ros2_ws/install/cpp06_urdf/share/cpp06_urdf/environment/path.dsv
[2.497s] -- Up-to-date: /home/meixun/Desktop/ROS_program/ros2_ws/install/cpp06_urdf/share/cpp06_urdf/local_setup.bash
[2.498s] -- Up-to-date: /home/meixun/Desktop/ROS_program/ros2_ws/install/cpp06_urdf/share/cpp06_urdf/local_setup.sh
[2.498s] -- Up-to-date: /home/meixun/Desktop/ROS_program/ros2_ws/install/cpp06_urdf/share/cpp06_urdf/local_setup.zsh
[2.499s] -- Up-to-date: /home/meixun/Desktop/ROS_program/ros2_ws/install/cpp06_urdf/share/cpp06_urdf/local_setup.dsv
[2.499s] -- Installing: /home/meixun/Desktop/ROS_program/ros2_ws/install/cpp06_urdf/share/cpp06_urdf/package.dsv
[2.499s] -- Up-to-date: /home/meixun/Desktop/ROS_program/ros2_ws/install/cpp06_urdf/share/ament_index/resource_index/packages/cpp06_urdf
[2.500s] -- Up-to-date: /home/meixun/Desktop/ROS_program/ros2_ws/install/cpp06_urdf/share/cpp06_urdf/cmake/cpp06_urdfConfig.cmake
[2.502s] -- Up-to-date: /home/meixun/Desktop/ROS_program/ros2_ws/install/cpp06_urdf/share/cpp06_urdf/cmake/cpp06_urdfConfig-version.cmake
[2.503s] -- Up-to-date: /home/meixun/Desktop/ROS_program/ros2_ws/install/cpp06_urdf/share/cpp06_urdf/package.xml
[2.503s] Invoked command in '/home/meixun/Desktop/ROS_program/ros2_ws/build/cpp06_urdf' returned '0': CMAKE_PREFIX_PATH=${CMAKE_PREFIX_PATH}:/home/meixun/Desktop/ROS_program/ros2_ws/install/py03_tf_broadcaster:/home/meixun/Desktop/ROS_program/ros2_ws/install/multi_agent_sim:/home/meixun/Desktop/ROS_program/ros2_ws/install/mixed_reality_py:/home/meixun/Desktop/ROS_program/ros2_ws/install/mcl:/opt/ros/foxy CONDA_PROMPT_MODIFIER=(base) /usr/bin/cmake --install /home/meixun/Desktop/ROS_program/ros2_ws/build/cpp06_urdf
