running egg_info
creating ../../build/mixed_reality_py/mixed_reality_py.egg-info
writing ../../build/mixed_reality_py/mixed_reality_py.egg-info/PKG-INFO
writing dependency_links to ../../build/mixed_reality_py/mixed_reality_py.egg-info/dependency_links.txt
writing entry points to ../../build/mixed_reality_py/mixed_reality_py.egg-info/entry_points.txt
writing requirements to ../../build/mixed_reality_py/mixed_reality_py.egg-info/requires.txt
writing top-level names to ../../build/mixed_reality_py/mixed_reality_py.egg-info/top_level.txt
writing manifest file '../../build/mixed_reality_py/mixed_reality_py.egg-info/SOURCES.txt'
reading manifest file '../../build/mixed_reality_py/mixed_reality_py.egg-info/SOURCES.txt'
writing manifest file '../../build/mixed_reality_py/mixed_reality_py.egg-info/SOURCES.txt'
running build
running build_py
creating /home/meixun/Desktop/ROS_program/ros2_ws/build/mixed_reality_py/build
creating /home/meixun/Desktop/ROS_program/ros2_ws/build/mixed_reality_py/build/lib
creating /home/meixun/Desktop/ROS_program/ros2_ws/build/mixed_reality_py/build/lib/mixed_reality_py
copying mixed_reality_py/sim2pub.py -> /home/meixun/Desktop/ROS_program/ros2_ws/build/mixed_reality_py/build/lib/mixed_reality_py
copying mixed_reality_py/__init__.py -> /home/meixun/Desktop/ROS_program/ros2_ws/build/mixed_reality_py/build/lib/mixed_reality_py
running install
running install_lib
creating /home/meixun/Desktop/ROS_program/ros2_ws/install/mixed_reality_py/lib/python3.8/site-packages/mixed_reality_py
copying /home/meixun/Desktop/ROS_program/ros2_ws/build/mixed_reality_py/build/lib/mixed_reality_py/sim2pub.py -> /home/meixun/Desktop/ROS_program/ros2_ws/install/mixed_reality_py/lib/python3.8/site-packages/mixed_reality_py
copying /home/meixun/Desktop/ROS_program/ros2_ws/build/mixed_reality_py/build/lib/mixed_reality_py/__init__.py -> /home/meixun/Desktop/ROS_program/ros2_ws/install/mixed_reality_py/lib/python3.8/site-packages/mixed_reality_py
byte-compiling /home/meixun/Desktop/ROS_program/ros2_ws/install/mixed_reality_py/lib/python3.8/site-packages/mixed_reality_py/sim2pub.py to sim2pub.cpython-38.pyc
byte-compiling /home/meixun/Desktop/ROS_program/ros2_ws/install/mixed_reality_py/lib/python3.8/site-packages/mixed_reality_py/__init__.py to __init__.cpython-38.pyc
running install_data
creating /home/meixun/Desktop/ROS_program/ros2_ws/install/mixed_reality_py/share/ament_index
creating /home/meixun/Desktop/ROS_program/ros2_ws/install/mixed_reality_py/share/ament_index/resource_index
creating /home/meixun/Desktop/ROS_program/ros2_ws/install/mixed_reality_py/share/ament_index/resource_index/packages
copying resource/mixed_reality_py -> /home/meixun/Desktop/ROS_program/ros2_ws/install/mixed_reality_py/share/ament_index/resource_index/packages
copying package.xml -> /home/meixun/Desktop/ROS_program/ros2_ws/install/mixed_reality_py/share/mixed_reality_py
running install_egg_info
Copying ../../build/mixed_reality_py/mixed_reality_py.egg-info to /home/meixun/Desktop/ROS_program/ros2_ws/install/mixed_reality_py/lib/python3.8/site-packages/mixed_reality_py-0.0.0-py3.8.egg-info
running install_scripts
Installing sim2pub script to /home/meixun/Desktop/ROS_program/ros2_ws/install/mixed_reality_py/lib/mixed_reality_py
writing list of installed files to '/home/meixun/Desktop/ROS_program/ros2_ws/build/mixed_reality_py/install.log'
