-- Install configuration: ""
-- Up-to-date: /home/meixun/Desktop/ROS_program/ros2_ws/install/cpp06_urdf/share/cpp06_urdf/launch
-- Up-to-date: /home/meixun/Desktop/ROS_program/ros2_ws/install/cpp06_urdf/share/cpp06_urdf/launch/display.launch.py
-- Up-to-date: /home/meixun/Desktop/ROS_program/ros2_ws/install/cpp06_urdf/share/cpp06_urdf/rviz
-- Up-to-date: /home/meixun/Desktop/ROS_program/ros2_ws/install/cpp06_urdf/share/cpp06_urdf/rviz/robot_box.rviz
-- Up-to-date: /home/meixun/Desktop/ROS_program/ros2_ws/install/cpp06_urdf/share/cpp06_urdf/urdf
-- Up-to-date: /home/meixun/Desktop/ROS_program/ros2_ws/install/cpp06_urdf/share/cpp06_urdf/urdf/urdf
-- Installing: /home/meixun/Desktop/ROS_program/ros2_ws/install/cpp06_urdf/share/cpp06_urdf/urdf/urdf/demo05_car_urdf.urdf
-- Up-to-date: /home/meixun/Desktop/ROS_program/ros2_ws/install/cpp06_urdf/share/cpp06_urdf/urdf/urdf/demo02_link.urdf
-- Up-to-date: /home/meixun/Desktop/ROS_program/ros2_ws/install/cpp06_urdf/share/cpp06_urdf/urdf/urdf/demo03_joint.urdf
-- Up-to-date: /home/meixun/Desktop/ROS_program/ros2_ws/install/cpp06_urdf/share/cpp06_urdf/urdf/urdf/demo01_helloworld.urdf
-- Installing: /home/meixun/Desktop/ROS_program/ros2_ws/install/cpp06_urdf/share/cpp06_urdf/urdf/urdf/demo04_basefootprint.urdf
-- Up-to-date: /home/meixun/Desktop/ROS_program/ros2_ws/install/cpp06_urdf/share/cpp06_urdf/urdf/xacro
-- Up-to-date: /home/meixun/Desktop/ROS_program/ros2_ws/install/cpp06_urdf/share/cpp06_urdf/meshes
-- Up-to-date: /home/meixun/Desktop/ROS_program/ros2_ws/install/cpp06_urdf/share/cpp06_urdf/meshes/hokuyo.stl
-- Up-to-date: /home/meixun/Desktop/ROS_program/ros2_ws/install/cpp06_urdf/share/cpp06_urdf/meshes/chassis.stl
-- Up-to-date: /home/meixun/Desktop/ROS_program/ros2_ws/install/cpp06_urdf/share/cpp06_urdf/meshes/right_wheel.stl
-- Up-to-date: /home/meixun/Desktop/ROS_program/ros2_ws/install/cpp06_urdf/share/cpp06_urdf/meshes/left_wheel.stl
-- Up-to-date: /home/meixun/Desktop/ROS_program/ros2_ws/install/cpp06_urdf/share/cpp06_urdf/meshes/hinge.stl
-- Up-to-date: /home/meixun/Desktop/ROS_program/ros2_ws/install/cpp06_urdf/share/ament_index/resource_index/package_run_dependencies/cpp06_urdf
-- Up-to-date: /home/meixun/Desktop/ROS_program/ros2_ws/install/cpp06_urdf/share/ament_index/resource_index/parent_prefix_path/cpp06_urdf
-- Up-to-date: /home/meixun/Desktop/ROS_program/ros2_ws/install/cpp06_urdf/share/cpp06_urdf/environment/ament_prefix_path.sh
-- Up-to-date: /home/meixun/Desktop/ROS_program/ros2_ws/install/cpp06_urdf/share/cpp06_urdf/environment/ament_prefix_path.dsv
-- Up-to-date: /home/meixun/Desktop/ROS_program/ros2_ws/install/cpp06_urdf/share/cpp06_urdf/environment/path.sh
-- Up-to-date: /home/meixun/Desktop/ROS_program/ros2_ws/install/cpp06_urdf/share/cpp06_urdf/environment/path.dsv
-- Up-to-date: /home/meixun/Desktop/ROS_program/ros2_ws/install/cpp06_urdf/share/cpp06_urdf/local_setup.bash
-- Up-to-date: /home/meixun/Desktop/ROS_program/ros2_ws/install/cpp06_urdf/share/cpp06_urdf/local_setup.sh
-- Up-to-date: /home/meixun/Desktop/ROS_program/ros2_ws/install/cpp06_urdf/share/cpp06_urdf/local_setup.zsh
-- Up-to-date: /home/meixun/Desktop/ROS_program/ros2_ws/install/cpp06_urdf/share/cpp06_urdf/local_setup.dsv
-- Installing: /home/meixun/Desktop/ROS_program/ros2_ws/install/cpp06_urdf/share/cpp06_urdf/package.dsv
-- Up-to-date: /home/meixun/Desktop/ROS_program/ros2_ws/install/cpp06_urdf/share/ament_index/resource_index/packages/cpp06_urdf
-- Up-to-date: /home/meixun/Desktop/ROS_program/ros2_ws/install/cpp06_urdf/share/cpp06_urdf/cmake/cpp06_urdfConfig.cmake
-- Up-to-date: /home/meixun/Desktop/ROS_program/ros2_ws/install/cpp06_urdf/share/cpp06_urdf/cmake/cpp06_urdfConfig-version.cmake
-- Up-to-date: /home/meixun/Desktop/ROS_program/ros2_ws/install/cpp06_urdf/share/cpp06_urdf/package.xml
