[0.229s] DEBUG:colcon:Command line arguments: ['/usr/bin/colcon', 'build']
[0.229s] DEBUG:colcon:Parsed command line arguments: Namespace(allow_overriding=[], ament_cmake_args=None, base_paths=['.'], build_base='build', catkin_cmake_args=None, catkin_skip_building_tests=False, cmake_args=None, cmake_clean_cache=False, cmake_clean_first=False, cmake_force_configure=False, cmake_target=None, cmake_target_skip_unavailable=False, continue_on_error=False, event_handlers=None, executor='parallel', ignore_user_meta=False, install_base='install', log_base=None, log_level=None, main=<bound method BuildVerb.main of <colcon_core.verb.build.BuildVerb object at 0x7f39f0823940>>, merge_install=False, metas=['./colcon.meta'], packages_above=None, packages_above_and_dependencies=None, packages_above_depth=None, packages_end=None, packages_ignore=None, packages_ignore_regex=None, packages_select=None, packages_select_build_failed=False, packages_select_by_dep=None, packages_select_regex=None, packages_select_test_failures=False, packages_skip=None, packages_skip_build_finished=False, packages_skip_by_dep=None, packages_skip_regex=None, packages_skip_test_passed=False, packages_skip_up_to=None, packages_start=None, packages_up_to=None, packages_up_to_regex=None, parallel_workers=16, paths=None, symlink_install=False, test_result_base=None, verb_extension=<colcon_core.verb.build.BuildVerb object at 0x7f39f0823940>, verb_name='build', verb_parser=<colcon_defaults.argument_parser.defaults.DefaultArgumentsDecorator object at 0x7f39f0823eb0>)
[0.252s] Level 1:colcon.colcon_core.package_discovery:discover_packages(colcon_meta) check parameters
[0.252s] Level 1:colcon.colcon_core.package_discovery:discover_packages(recursive) check parameters
[0.252s] Level 1:colcon.colcon_core.package_discovery:discover_packages(ignore) check parameters
[0.252s] Level 1:colcon.colcon_core.package_discovery:discover_packages(path) check parameters
[0.252s] Level 1:colcon.colcon_core.package_discovery:discover_packages(colcon_meta) discover
[0.253s] Level 1:colcon.colcon_core.package_discovery:discover_packages(recursive) discover
[0.253s] INFO:colcon.colcon_core.package_discovery:Crawling recursively for packages in '/home/meixun/Desktop/ROS_program/ros2_ws'
[0.253s] Level 1:colcon.colcon_core.package_identification:_identify(.) by extensions ['ignore', 'ignore_ament_install']
[0.253s] Level 1:colcon.colcon_core.package_identification:_identify(.) by extension 'ignore'
[0.253s] Level 1:colcon.colcon_core.package_identification:_identify(.) by extension 'ignore_ament_install'
[0.253s] Level 1:colcon.colcon_core.package_identification:_identify(.) by extensions ['colcon_pkg']
[0.253s] Level 1:colcon.colcon_core.package_identification:_identify(.) by extension 'colcon_pkg'
[0.253s] Level 1:colcon.colcon_core.package_identification:_identify(.) by extensions ['colcon_meta']
[0.253s] Level 1:colcon.colcon_core.package_identification:_identify(.) by extension 'colcon_meta'
[0.253s] Level 1:colcon.colcon_core.package_identification:_identify(.) by extensions ['ros']
[0.253s] Level 1:colcon.colcon_core.package_identification:_identify(.) by extension 'ros'
[0.270s] Level 1:colcon.colcon_core.package_identification:_identify(.) by extensions ['cmake', 'python']
[0.270s] Level 1:colcon.colcon_core.package_identification:_identify(.) by extension 'cmake'
[0.270s] Level 1:colcon.colcon_core.package_identification:_identify(.) by extension 'python'
[0.270s] Level 1:colcon.colcon_core.package_identification:_identify(.) by extensions ['python_setup_py']
[0.270s] Level 1:colcon.colcon_core.package_identification:_identify(.) by extension 'python_setup_py'
[0.270s] Level 1:colcon.colcon_core.package_identification:_identify(build) by extensions ['ignore', 'ignore_ament_install']
[0.270s] Level 1:colcon.colcon_core.package_identification:_identify(build) by extension 'ignore'
[0.270s] Level 1:colcon.colcon_core.package_identification:_identify(build) ignored
[0.270s] Level 1:colcon.colcon_core.package_identification:_identify(install) by extensions ['ignore', 'ignore_ament_install']
[0.270s] Level 1:colcon.colcon_core.package_identification:_identify(install) by extension 'ignore'
[0.270s] Level 1:colcon.colcon_core.package_identification:_identify(install) ignored
[0.270s] Level 1:colcon.colcon_core.package_identification:_identify(log) by extensions ['ignore', 'ignore_ament_install']
[0.271s] Level 1:colcon.colcon_core.package_identification:_identify(log) by extension 'ignore'
[0.271s] Level 1:colcon.colcon_core.package_identification:_identify(log) ignored
[0.271s] Level 1:colcon.colcon_core.package_identification:_identify(src) by extensions ['ignore', 'ignore_ament_install']
[0.271s] Level 1:colcon.colcon_core.package_identification:_identify(src) by extension 'ignore'
[0.271s] Level 1:colcon.colcon_core.package_identification:_identify(src) by extension 'ignore_ament_install'
[0.271s] Level 1:colcon.colcon_core.package_identification:_identify(src) by extensions ['colcon_pkg']
[0.271s] Level 1:colcon.colcon_core.package_identification:_identify(src) by extension 'colcon_pkg'
[0.271s] Level 1:colcon.colcon_core.package_identification:_identify(src) by extensions ['colcon_meta']
[0.271s] Level 1:colcon.colcon_core.package_identification:_identify(src) by extension 'colcon_meta'
[0.271s] Level 1:colcon.colcon_core.package_identification:_identify(src) by extensions ['ros']
[0.271s] Level 1:colcon.colcon_core.package_identification:_identify(src) by extension 'ros'
[0.271s] Level 1:colcon.colcon_core.package_identification:_identify(src) by extensions ['cmake', 'python']
[0.271s] Level 1:colcon.colcon_core.package_identification:_identify(src) by extension 'cmake'
[0.271s] Level 1:colcon.colcon_core.package_identification:_identify(src) by extension 'python'
[0.271s] Level 1:colcon.colcon_core.package_identification:_identify(src) by extensions ['python_setup_py']
[0.271s] Level 1:colcon.colcon_core.package_identification:_identify(src) by extension 'python_setup_py'
[0.271s] Level 1:colcon.colcon_core.package_identification:_identify(src/cpp06_urdf) by extensions ['ignore', 'ignore_ament_install']
[0.271s] Level 1:colcon.colcon_core.package_identification:_identify(src/cpp06_urdf) by extension 'ignore'
[0.271s] Level 1:colcon.colcon_core.package_identification:_identify(src/cpp06_urdf) by extension 'ignore_ament_install'
[0.271s] Level 1:colcon.colcon_core.package_identification:_identify(src/cpp06_urdf) by extensions ['colcon_pkg']
[0.271s] Level 1:colcon.colcon_core.package_identification:_identify(src/cpp06_urdf) by extension 'colcon_pkg'
[0.271s] Level 1:colcon.colcon_core.package_identification:_identify(src/cpp06_urdf) by extensions ['colcon_meta']
[0.271s] Level 1:colcon.colcon_core.package_identification:_identify(src/cpp06_urdf) by extension 'colcon_meta'
[0.271s] Level 1:colcon.colcon_core.package_identification:_identify(src/cpp06_urdf) by extensions ['ros']
[0.271s] Level 1:colcon.colcon_core.package_identification:_identify(src/cpp06_urdf) by extension 'ros'
[0.274s] DEBUG:colcon.colcon_core.package_identification:Package 'src/cpp06_urdf' with type 'ros.ament_cmake' and name 'cpp06_urdf'
[0.274s] Level 1:colcon.colcon_core.package_identification:_identify(src/py03_tf_broadcaster) by extensions ['ignore', 'ignore_ament_install']
[0.274s] Level 1:colcon.colcon_core.package_identification:_identify(src/py03_tf_broadcaster) by extension 'ignore'
[0.274s] Level 1:colcon.colcon_core.package_identification:_identify(src/py03_tf_broadcaster) by extension 'ignore_ament_install'
[0.274s] Level 1:colcon.colcon_core.package_identification:_identify(src/py03_tf_broadcaster) by extensions ['colcon_pkg']
[0.274s] Level 1:colcon.colcon_core.package_identification:_identify(src/py03_tf_broadcaster) by extension 'colcon_pkg'
[0.274s] Level 1:colcon.colcon_core.package_identification:_identify(src/py03_tf_broadcaster) by extensions ['colcon_meta']
[0.274s] Level 1:colcon.colcon_core.package_identification:_identify(src/py03_tf_broadcaster) by extension 'colcon_meta'
[0.274s] Level 1:colcon.colcon_core.package_identification:_identify(src/py03_tf_broadcaster) by extensions ['ros']
[0.274s] Level 1:colcon.colcon_core.package_identification:_identify(src/py03_tf_broadcaster) by extension 'ros'
[0.275s] DEBUG:colcon.colcon_core.package_identification:Package 'src/py03_tf_broadcaster' with type 'ros.ament_python' and name 'py03_tf_broadcaster'
[0.275s] Level 1:colcon.colcon_core.package_discovery:discover_packages(recursive) using defaults
[0.275s] Level 1:colcon.colcon_core.package_discovery:discover_packages(ignore) discover
[0.275s] Level 1:colcon.colcon_core.package_discovery:discover_packages(ignore) using defaults
[0.275s] Level 1:colcon.colcon_core.package_discovery:discover_packages(path) discover
[0.275s] Level 1:colcon.colcon_core.package_discovery:discover_packages(path) using defaults
[0.293s] Level 1:colcon.colcon_core.package_discovery:discover_packages(prefix_path) check parameters
[0.293s] Level 1:colcon.colcon_core.package_discovery:discover_packages(prefix_path) discover
[0.295s] DEBUG:colcon.colcon_installed_package_information.package_discovery:Found 3 installed packages in /home/meixun/Desktop/ROS_program/ros2_ws/install
[0.297s] DEBUG:colcon.colcon_installed_package_information.package_discovery:Found 261 installed packages in /opt/ros/foxy
[0.298s] Level 1:colcon.colcon_core.package_discovery:discover_packages(prefix_path) using defaults
[0.357s] Level 5:colcon.colcon_core.verb:set package 'cpp06_urdf' build argument 'cmake_args' from command line to 'None'
[0.358s] Level 5:colcon.colcon_core.verb:set package 'cpp06_urdf' build argument 'cmake_target' from command line to 'None'
[0.358s] Level 5:colcon.colcon_core.verb:set package 'cpp06_urdf' build argument 'cmake_target_skip_unavailable' from command line to 'False'
[0.358s] Level 5:colcon.colcon_core.verb:set package 'cpp06_urdf' build argument 'cmake_clean_cache' from command line to 'False'
[0.358s] Level 5:colcon.colcon_core.verb:set package 'cpp06_urdf' build argument 'cmake_clean_first' from command line to 'False'
[0.358s] Level 5:colcon.colcon_core.verb:set package 'cpp06_urdf' build argument 'cmake_force_configure' from command line to 'False'
[0.358s] Level 5:colcon.colcon_core.verb:set package 'cpp06_urdf' build argument 'ament_cmake_args' from command line to 'None'
[0.358s] Level 5:colcon.colcon_core.verb:set package 'cpp06_urdf' build argument 'catkin_cmake_args' from command line to 'None'
[0.358s] Level 5:colcon.colcon_core.verb:set package 'cpp06_urdf' build argument 'catkin_skip_building_tests' from command line to 'False'
[0.358s] DEBUG:colcon.colcon_core.verb:Building package 'cpp06_urdf' with the following arguments: {'ament_cmake_args': None, 'build_base': '/home/meixun/Desktop/ROS_program/ros2_ws/build/cpp06_urdf', 'catkin_cmake_args': None, 'catkin_skip_building_tests': False, 'cmake_args': None, 'cmake_clean_cache': False, 'cmake_clean_first': False, 'cmake_force_configure': False, 'cmake_target': None, 'cmake_target_skip_unavailable': False, 'install_base': '/home/meixun/Desktop/ROS_program/ros2_ws/install/cpp06_urdf', 'merge_install': False, 'path': '/home/meixun/Desktop/ROS_program/ros2_ws/src/cpp06_urdf', 'symlink_install': False, 'test_result_base': None}
[0.359s] Level 5:colcon.colcon_core.verb:set package 'py03_tf_broadcaster' build argument 'cmake_args' from command line to 'None'
[0.359s] Level 5:colcon.colcon_core.verb:set package 'py03_tf_broadcaster' build argument 'cmake_target' from command line to 'None'
[0.359s] Level 5:colcon.colcon_core.verb:set package 'py03_tf_broadcaster' build argument 'cmake_target_skip_unavailable' from command line to 'False'
[0.359s] Level 5:colcon.colcon_core.verb:set package 'py03_tf_broadcaster' build argument 'cmake_clean_cache' from command line to 'False'
[0.359s] Level 5:colcon.colcon_core.verb:set package 'py03_tf_broadcaster' build argument 'cmake_clean_first' from command line to 'False'
[0.359s] Level 5:colcon.colcon_core.verb:set package 'py03_tf_broadcaster' build argument 'cmake_force_configure' from command line to 'False'
[0.359s] Level 5:colcon.colcon_core.verb:set package 'py03_tf_broadcaster' build argument 'ament_cmake_args' from command line to 'None'
[0.359s] Level 5:colcon.colcon_core.verb:set package 'py03_tf_broadcaster' build argument 'catkin_cmake_args' from command line to 'None'
[0.359s] Level 5:colcon.colcon_core.verb:set package 'py03_tf_broadcaster' build argument 'catkin_skip_building_tests' from command line to 'False'
[0.359s] DEBUG:colcon.colcon_core.verb:Building package 'py03_tf_broadcaster' with the following arguments: {'ament_cmake_args': None, 'build_base': '/home/meixun/Desktop/ROS_program/ros2_ws/build/py03_tf_broadcaster', 'catkin_cmake_args': None, 'catkin_skip_building_tests': False, 'cmake_args': None, 'cmake_clean_cache': False, 'cmake_clean_first': False, 'cmake_force_configure': False, 'cmake_target': None, 'cmake_target_skip_unavailable': False, 'install_base': '/home/meixun/Desktop/ROS_program/ros2_ws/install/py03_tf_broadcaster', 'merge_install': False, 'path': '/home/meixun/Desktop/ROS_program/ros2_ws/src/py03_tf_broadcaster', 'symlink_install': False, 'test_result_base': None}
[0.359s] INFO:colcon.colcon_core.executor:Executing jobs using 'parallel' executor
[0.362s] DEBUG:colcon.colcon_parallel_executor.executor.parallel:run_until_complete
[0.363s] INFO:colcon.colcon_ros.task.ament_cmake.build:Building ROS package in '/home/meixun/Desktop/ROS_program/ros2_ws/src/cpp06_urdf' with build type 'ament_cmake'
[0.363s] INFO:colcon.colcon_cmake.task.cmake.build:Building CMake package in '/home/meixun/Desktop/ROS_program/ros2_ws/src/cpp06_urdf'
[0.367s] INFO:colcon.colcon_core.plugin_system:Skipping extension 'colcon_core.shell.bat': Not used on non-Windows systems
[0.367s] INFO:colcon.colcon_core.shell:Skip shell extension 'powershell' for command environment: Not usable outside of PowerShell
[0.367s] DEBUG:colcon.colcon_core.shell:Skip shell extension 'dsv' for command environment
[0.373s] INFO:colcon.colcon_ros.task.ament_python.build:Building ROS package in '/home/meixun/Desktop/ROS_program/ros2_ws/src/py03_tf_broadcaster' with build type 'ament_python'
[0.373s] Level 1:colcon.colcon_core.shell:create_environment_hook('py03_tf_broadcaster', 'ament_prefix_path')
[0.374s] INFO:colcon.colcon_core.shell:Creating environment hook '/home/meixun/Desktop/ROS_program/ros2_ws/install/py03_tf_broadcaster/share/py03_tf_broadcaster/hook/ament_prefix_path.ps1'
[0.376s] INFO:colcon.colcon_core.shell:Creating environment descriptor '/home/meixun/Desktop/ROS_program/ros2_ws/install/py03_tf_broadcaster/share/py03_tf_broadcaster/hook/ament_prefix_path.dsv'
[0.376s] INFO:colcon.colcon_core.shell:Creating environment hook '/home/meixun/Desktop/ROS_program/ros2_ws/install/py03_tf_broadcaster/share/py03_tf_broadcaster/hook/ament_prefix_path.sh'
[0.378s] INFO:colcon.colcon_core.shell:Skip shell extension 'powershell' for command environment: Not usable outside of PowerShell
[0.378s] DEBUG:colcon.colcon_core.shell:Skip shell extension 'dsv' for command environment
[0.392s] DEBUG:colcon.colcon_core.event_handler.log_command:Invoking command in '/home/meixun/Desktop/ROS_program/ros2_ws/build/cpp06_urdf': CMAKE_PREFIX_PATH=${CMAKE_PREFIX_PATH}:/home/meixun/Desktop/ROS_program/ros2_ws/install/py03_tf_broadcaster:/home/meixun/Desktop/ROS_program/ros2_ws/install/mcl:/opt/ros/foxy CONDA_PROMPT_MODIFIER=(base) /usr/bin/cmake --build /home/meixun/Desktop/ROS_program/ros2_ws/build/cpp06_urdf -- -j16 -l16
[0.651s] INFO:colcon.colcon_core.task.python.build:Building Python package in '/home/meixun/Desktop/ROS_program/ros2_ws/src/py03_tf_broadcaster'
[0.656s] INFO:colcon.colcon_core.shell:Skip shell extension 'powershell' for command environment: Not usable outside of PowerShell
[0.657s] DEBUG:colcon.colcon_core.shell:Skip shell extension 'dsv' for command environment
[0.675s] DEBUG:colcon.colcon_core.event_handler.log_command:Invoked command in '/home/meixun/Desktop/ROS_program/ros2_ws/build/cpp06_urdf' returned '0': CMAKE_PREFIX_PATH=${CMAKE_PREFIX_PATH}:/home/meixun/Desktop/ROS_program/ros2_ws/install/py03_tf_broadcaster:/home/meixun/Desktop/ROS_program/ros2_ws/install/mcl:/opt/ros/foxy CONDA_PROMPT_MODIFIER=(base) /usr/bin/cmake --build /home/meixun/Desktop/ROS_program/ros2_ws/build/cpp06_urdf -- -j16 -l16
[0.728s] DEBUG:colcon.colcon_core.event_handler.log_command:Invoking command in '/home/meixun/Desktop/ROS_program/ros2_ws/build/cpp06_urdf': CMAKE_PREFIX_PATH=${CMAKE_PREFIX_PATH}:/home/meixun/Desktop/ROS_program/ros2_ws/install/py03_tf_broadcaster:/home/meixun/Desktop/ROS_program/ros2_ws/install/mcl:/opt/ros/foxy CONDA_PROMPT_MODIFIER=(base) /usr/bin/cmake --install /home/meixun/Desktop/ROS_program/ros2_ws/build/cpp06_urdf
[0.739s] Level 1:colcon.colcon_core.environment:create_environment_scripts_only(cpp06_urdf)
[0.743s] DEBUG:colcon.colcon_core.event_handler.log_command:Invoked command in '/home/meixun/Desktop/ROS_program/ros2_ws/build/cpp06_urdf' returned '0': CMAKE_PREFIX_PATH=${CMAKE_PREFIX_PATH}:/home/meixun/Desktop/ROS_program/ros2_ws/install/py03_tf_broadcaster:/home/meixun/Desktop/ROS_program/ros2_ws/install/mcl:/opt/ros/foxy CONDA_PROMPT_MODIFIER=(base) /usr/bin/cmake --install /home/meixun/Desktop/ROS_program/ros2_ws/build/cpp06_urdf
[0.748s] Level 1:colcon.colcon_core.environment:checking '/home/meixun/Desktop/ROS_program/ros2_ws/install/cpp06_urdf' for CMake module files
[0.748s] Level 1:colcon.colcon_core.environment:checking '/home/meixun/Desktop/ROS_program/ros2_ws/install/cpp06_urdf' for CMake config files
[0.749s] Level 1:colcon.colcon_core.shell:create_environment_hook('cpp06_urdf', 'cmake_prefix_path')
[0.750s] INFO:colcon.colcon_core.shell:Creating environment hook '/home/meixun/Desktop/ROS_program/ros2_ws/install/cpp06_urdf/share/cpp06_urdf/hook/cmake_prefix_path.ps1'
[0.751s] INFO:colcon.colcon_core.shell:Creating environment descriptor '/home/meixun/Desktop/ROS_program/ros2_ws/install/cpp06_urdf/share/cpp06_urdf/hook/cmake_prefix_path.dsv'
[0.751s] INFO:colcon.colcon_core.shell:Creating environment hook '/home/meixun/Desktop/ROS_program/ros2_ws/install/cpp06_urdf/share/cpp06_urdf/hook/cmake_prefix_path.sh'
[0.752s] Level 1:colcon.colcon_core.environment:checking '/home/meixun/Desktop/ROS_program/ros2_ws/install/cpp06_urdf/bin'
[0.752s] Level 1:colcon.colcon_core.environment:checking '/home/meixun/Desktop/ROS_program/ros2_ws/install/cpp06_urdf/lib/pkgconfig/cpp06_urdf.pc'
[0.753s] Level 1:colcon.colcon_core.environment:checking '/home/meixun/Desktop/ROS_program/ros2_ws/install/cpp06_urdf/lib/python3.8/site-packages'
[0.753s] Level 1:colcon.colcon_core.environment:checking '/home/meixun/Desktop/ROS_program/ros2_ws/install/cpp06_urdf/bin'
[0.755s] INFO:colcon.colcon_core.shell:Creating package script '/home/meixun/Desktop/ROS_program/ros2_ws/install/cpp06_urdf/share/cpp06_urdf/package.ps1'
[0.755s] INFO:colcon.colcon_core.shell:Creating package descriptor '/home/meixun/Desktop/ROS_program/ros2_ws/install/cpp06_urdf/share/cpp06_urdf/package.dsv'
[0.756s] INFO:colcon.colcon_core.shell:Creating package script '/home/meixun/Desktop/ROS_program/ros2_ws/install/cpp06_urdf/share/cpp06_urdf/package.sh'
[0.757s] INFO:colcon.colcon_core.shell:Creating package script '/home/meixun/Desktop/ROS_program/ros2_ws/install/cpp06_urdf/share/cpp06_urdf/package.bash'
[0.758s] INFO:colcon.colcon_core.shell:Creating package script '/home/meixun/Desktop/ROS_program/ros2_ws/install/cpp06_urdf/share/cpp06_urdf/package.zsh'
[0.758s] Level 1:colcon.colcon_core.environment:create_file_with_runtime_dependencies(/home/meixun/Desktop/ROS_program/ros2_ws/install/cpp06_urdf/share/colcon-core/packages/cpp06_urdf)
[0.785s] Level 1:colcon.colcon_core.environment:create_environment_scripts_only(cpp06_urdf)
[0.788s] Level 1:colcon.colcon_core.environment:checking '/home/meixun/Desktop/ROS_program/ros2_ws/install/cpp06_urdf' for CMake module files
[0.789s] Level 1:colcon.colcon_core.environment:checking '/home/meixun/Desktop/ROS_program/ros2_ws/install/cpp06_urdf' for CMake config files
[0.789s] Level 1:colcon.colcon_core.shell:create_environment_hook('cpp06_urdf', 'cmake_prefix_path')
[0.791s] INFO:colcon.colcon_core.shell:Creating environment hook '/home/meixun/Desktop/ROS_program/ros2_ws/install/cpp06_urdf/share/cpp06_urdf/hook/cmake_prefix_path.ps1'
[0.791s] INFO:colcon.colcon_core.shell:Creating environment descriptor '/home/meixun/Desktop/ROS_program/ros2_ws/install/cpp06_urdf/share/cpp06_urdf/hook/cmake_prefix_path.dsv'
[0.792s] INFO:colcon.colcon_core.shell:Creating environment hook '/home/meixun/Desktop/ROS_program/ros2_ws/install/cpp06_urdf/share/cpp06_urdf/hook/cmake_prefix_path.sh'
[0.792s] Level 1:colcon.colcon_core.environment:checking '/home/meixun/Desktop/ROS_program/ros2_ws/install/cpp06_urdf/bin'
[0.793s] Level 1:colcon.colcon_core.environment:checking '/home/meixun/Desktop/ROS_program/ros2_ws/install/cpp06_urdf/lib/pkgconfig/cpp06_urdf.pc'
[0.793s] Level 1:colcon.colcon_core.environment:checking '/home/meixun/Desktop/ROS_program/ros2_ws/install/cpp06_urdf/lib/python3.8/site-packages'
[0.793s] Level 1:colcon.colcon_core.environment:checking '/home/meixun/Desktop/ROS_program/ros2_ws/install/cpp06_urdf/bin'
[0.795s] INFO:colcon.colcon_core.shell:Creating package script '/home/meixun/Desktop/ROS_program/ros2_ws/install/cpp06_urdf/share/cpp06_urdf/package.ps1'
[0.796s] INFO:colcon.colcon_core.shell:Creating package descriptor '/home/meixun/Desktop/ROS_program/ros2_ws/install/cpp06_urdf/share/cpp06_urdf/package.dsv'
[0.796s] INFO:colcon.colcon_core.shell:Creating package script '/home/meixun/Desktop/ROS_program/ros2_ws/install/cpp06_urdf/share/cpp06_urdf/package.sh'
[0.797s] INFO:colcon.colcon_core.shell:Creating package script '/home/meixun/Desktop/ROS_program/ros2_ws/install/cpp06_urdf/share/cpp06_urdf/package.bash'
[0.797s] INFO:colcon.colcon_core.shell:Creating package script '/home/meixun/Desktop/ROS_program/ros2_ws/install/cpp06_urdf/share/cpp06_urdf/package.zsh'
[0.797s] Level 1:colcon.colcon_core.environment:create_file_with_runtime_dependencies(/home/meixun/Desktop/ROS_program/ros2_ws/install/cpp06_urdf/share/colcon-core/packages/cpp06_urdf)
[1.169s] DEBUG:colcon.colcon_core.event_handler.log_command:Invoking command in '/home/meixun/Desktop/ROS_program/ros2_ws/src/py03_tf_broadcaster': CONDA_PROMPT_MODIFIER=(base) PYTHONPATH=/home/meixun/Desktop/ROS_program/ros2_ws/build/py03_tf_broadcaster/prefix_override:/home/meixun/Desktop/ROS_program/ros2_ws/install/py03_tf_broadcaster/lib/python3.8/site-packages:${PYTHONPATH} /usr/bin/python3 setup.py egg_info --egg-base ../../build/py03_tf_broadcaster build --build-base /home/meixun/Desktop/ROS_program/ros2_ws/build/py03_tf_broadcaster/build install --record /home/meixun/Desktop/ROS_program/ros2_ws/build/py03_tf_broadcaster/install.log --install-scripts $base/lib/py03_tf_broadcaster --single-version-externally-managed
[1.545s] Level 1:colcon.colcon_core.environment:checking '/home/meixun/Desktop/ROS_program/ros2_ws/install/py03_tf_broadcaster' for CMake module files
[1.546s] DEBUG:colcon.colcon_core.event_handler.log_command:Invoked command in '/home/meixun/Desktop/ROS_program/ros2_ws/src/py03_tf_broadcaster' returned '0': CONDA_PROMPT_MODIFIER=(base) PYTHONPATH=/home/meixun/Desktop/ROS_program/ros2_ws/build/py03_tf_broadcaster/prefix_override:/home/meixun/Desktop/ROS_program/ros2_ws/install/py03_tf_broadcaster/lib/python3.8/site-packages:${PYTHONPATH} /usr/bin/python3 setup.py egg_info --egg-base ../../build/py03_tf_broadcaster build --build-base /home/meixun/Desktop/ROS_program/ros2_ws/build/py03_tf_broadcaster/build install --record /home/meixun/Desktop/ROS_program/ros2_ws/build/py03_tf_broadcaster/install.log --install-scripts $base/lib/py03_tf_broadcaster --single-version-externally-managed
[1.546s] Level 1:colcon.colcon_core.environment:checking '/home/meixun/Desktop/ROS_program/ros2_ws/install/py03_tf_broadcaster' for CMake config files
[1.547s] Level 1:colcon.colcon_core.environment:checking '/home/meixun/Desktop/ROS_program/ros2_ws/install/py03_tf_broadcaster/lib'
[1.547s] Level 1:colcon.colcon_core.environment:checking '/home/meixun/Desktop/ROS_program/ros2_ws/install/py03_tf_broadcaster/bin'
[1.548s] Level 1:colcon.colcon_core.environment:checking '/home/meixun/Desktop/ROS_program/ros2_ws/install/py03_tf_broadcaster/lib/pkgconfig/py03_tf_broadcaster.pc'
[1.548s] Level 1:colcon.colcon_core.environment:checking '/home/meixun/Desktop/ROS_program/ros2_ws/install/py03_tf_broadcaster/lib/python3.8/site-packages'
[1.548s] Level 1:colcon.colcon_core.shell:create_environment_hook('py03_tf_broadcaster', 'pythonpath')
[1.550s] INFO:colcon.colcon_core.shell:Creating environment hook '/home/meixun/Desktop/ROS_program/ros2_ws/install/py03_tf_broadcaster/share/py03_tf_broadcaster/hook/pythonpath.ps1'
[1.550s] INFO:colcon.colcon_core.shell:Creating environment descriptor '/home/meixun/Desktop/ROS_program/ros2_ws/install/py03_tf_broadcaster/share/py03_tf_broadcaster/hook/pythonpath.dsv'
[1.551s] INFO:colcon.colcon_core.shell:Creating environment hook '/home/meixun/Desktop/ROS_program/ros2_ws/install/py03_tf_broadcaster/share/py03_tf_broadcaster/hook/pythonpath.sh'
[1.551s] Level 1:colcon.colcon_core.environment:checking '/home/meixun/Desktop/ROS_program/ros2_ws/install/py03_tf_broadcaster/bin'
[1.551s] Level 1:colcon.colcon_core.environment:create_environment_scripts_only(py03_tf_broadcaster)
[1.553s] INFO:colcon.colcon_core.shell:Creating package script '/home/meixun/Desktop/ROS_program/ros2_ws/install/py03_tf_broadcaster/share/py03_tf_broadcaster/package.ps1'
[1.554s] INFO:colcon.colcon_core.shell:Creating package descriptor '/home/meixun/Desktop/ROS_program/ros2_ws/install/py03_tf_broadcaster/share/py03_tf_broadcaster/package.dsv'
[1.554s] INFO:colcon.colcon_core.shell:Creating package script '/home/meixun/Desktop/ROS_program/ros2_ws/install/py03_tf_broadcaster/share/py03_tf_broadcaster/package.sh'
[1.554s] INFO:colcon.colcon_core.shell:Creating package script '/home/meixun/Desktop/ROS_program/ros2_ws/install/py03_tf_broadcaster/share/py03_tf_broadcaster/package.bash'
[1.555s] INFO:colcon.colcon_core.shell:Creating package script '/home/meixun/Desktop/ROS_program/ros2_ws/install/py03_tf_broadcaster/share/py03_tf_broadcaster/package.zsh'
[1.555s] Level 1:colcon.colcon_core.environment:create_file_with_runtime_dependencies(/home/meixun/Desktop/ROS_program/ros2_ws/install/py03_tf_broadcaster/share/colcon-core/packages/py03_tf_broadcaster)
[1.555s] DEBUG:colcon.colcon_parallel_executor.executor.parallel:closing loop
[1.556s] DEBUG:colcon.colcon_parallel_executor.executor.parallel:loop closed
[1.556s] DEBUG:colcon.colcon_parallel_executor.executor.parallel:run_until_complete finished with '0'
[1.556s] DEBUG:colcon.colcon_core.event_reactor:joining thread
[1.563s] INFO:colcon.colcon_core.plugin_system:Skipping extension 'colcon_notification.desktop_notification.terminal_notifier': Not used on non-Darwin systems
[1.563s] INFO:colcon.colcon_core.plugin_system:Skipping extension 'colcon_notification.desktop_notification.win32': Not used on non-Windows systems
[1.563s] INFO:colcon.colcon_notification.desktop_notification:Sending desktop notification using 'notify2'
[1.584s] DEBUG:colcon.colcon_core.event_reactor:joined thread
[1.587s] INFO:colcon.colcon_core.shell:Creating prefix script '/home/meixun/Desktop/ROS_program/ros2_ws/install/local_setup.ps1'
[1.589s] INFO:colcon.colcon_core.shell:Creating prefix util module '/home/meixun/Desktop/ROS_program/ros2_ws/install/_local_setup_util_ps1.py'
[1.592s] INFO:colcon.colcon_core.shell:Creating prefix chain script '/home/meixun/Desktop/ROS_program/ros2_ws/install/setup.ps1'
[1.594s] INFO:colcon.colcon_core.shell:Creating prefix script '/home/meixun/Desktop/ROS_program/ros2_ws/install/local_setup.sh'
[1.595s] INFO:colcon.colcon_core.shell:Creating prefix util module '/home/meixun/Desktop/ROS_program/ros2_ws/install/_local_setup_util_sh.py'
[1.596s] INFO:colcon.colcon_core.shell:Creating prefix chain script '/home/meixun/Desktop/ROS_program/ros2_ws/install/setup.sh'
[1.601s] INFO:colcon.colcon_core.shell:Creating prefix script '/home/meixun/Desktop/ROS_program/ros2_ws/install/local_setup.bash'
[1.602s] INFO:colcon.colcon_core.shell:Creating prefix chain script '/home/meixun/Desktop/ROS_program/ros2_ws/install/setup.bash'
[1.604s] INFO:colcon.colcon_core.shell:Creating prefix script '/home/meixun/Desktop/ROS_program/ros2_ws/install/local_setup.zsh'
[1.605s] INFO:colcon.colcon_core.shell:Creating prefix chain script '/home/meixun/Desktop/ROS_program/ros2_ws/install/setup.zsh'
