[0.042s] Invoking command in '/home/meixun/Desktop/ROS_program/ros2_ws/build/cpp06_urdf': CMAKE_PREFIX_PATH=/opt/ros/foxy CONDA_PROMPT_MODIFIER=(f110RLparking) /usr/bin/cmake --build /home/meixun/Desktop/ROS_program/ros2_ws/build/cpp06_urdf -- -j16 -l16
[0.957s] Invoked command in '/home/meixun/Desktop/ROS_program/ros2_ws/build/cpp06_urdf' returned '0': CMAKE_PREFIX_PATH=/opt/ros/foxy CONDA_PROMPT_MODIFIER=(f110RLparking) /usr/bin/cmake --build /home/meixun/Desktop/ROS_program/ros2_ws/build/cpp06_urdf -- -j16 -l16
[0.989s] Invoking command in '/home/meixun/Desktop/ROS_program/ros2_ws/build/cpp06_urdf': CMAKE_PREFIX_PATH=/opt/ros/foxy CONDA_PROMPT_MODIFIER=(f110RLparking) /usr/bin/cmake --install /home/meixun/Desktop/ROS_program/ros2_ws/build/cpp06_urdf
[1.000s] -- Install configuration: ""
[1.000s] -- Up-to-date: /home/meixun/Desktop/ROS_program/ros2_ws/install/cpp06_urdf/share/cpp06_urdf/launch
[1.000s] -- Up-to-date: /home/meixun/Desktop/ROS_program/ros2_ws/install/cpp06_urdf/share/cpp06_urdf/launch/yaml
[1.001s] -- Up-to-date: /home/meixun/Desktop/ROS_program/ros2_ws/install/cpp06_urdf/share/cpp06_urdf/launch/display.launch.py
[1.001s] -- Up-to-date: /home/meixun/Desktop/ROS_program/ros2_ws/install/cpp06_urdf/share/cpp06_urdf/launch/node_start.launch.py
[1.001s] -- Up-to-date: /home/meixun/Desktop/ROS_program/ros2_ws/install/cpp06_urdf/share/cpp06_urdf/rviz
[1.001s] -- Up-to-date: /home/meixun/Desktop/ROS_program/ros2_ws/install/cpp06_urdf/share/cpp06_urdf/rviz/f110_localisation.rviz
[1.001s] -- Up-to-date: /home/meixun/Desktop/ROS_program/ros2_ws/install/cpp06_urdf/share/cpp06_urdf/rviz/robot_box.rviz
[1.001s] -- Up-to-date: /home/meixun/Desktop/ROS_program/ros2_ws/install/cpp06_urdf/share/cpp06_urdf/rviz/localisation.rviz
[1.001s] -- Up-to-date: /home/meixun/Desktop/ROS_program/ros2_ws/install/cpp06_urdf/share/cpp06_urdf/urdf
[1.001s] -- Up-to-date: /home/meixun/Desktop/ROS_program/ros2_ws/install/cpp06_urdf/share/cpp06_urdf/urdf/urdf
[1.002s] -- Up-to-date: /home/meixun/Desktop/ROS_program/ros2_ws/install/cpp06_urdf/share/cpp06_urdf/urdf/urdf/demo05_car_urdf.urdf
[1.002s] -- Up-to-date: /home/meixun/Desktop/ROS_program/ros2_ws/install/cpp06_urdf/share/cpp06_urdf/urdf/urdf/demo02_link.urdf
[1.002s] -- Up-to-date: /home/meixun/Desktop/ROS_program/ros2_ws/install/cpp06_urdf/share/cpp06_urdf/urdf/urdf/demo03_joint.urdf
[1.002s] -- Up-to-date: /home/meixun/Desktop/ROS_program/ros2_ws/install/cpp06_urdf/share/cpp06_urdf/urdf/urdf/demo01_helloworld.urdf
[1.002s] -- Up-to-date: /home/meixun/Desktop/ROS_program/ros2_ws/install/cpp06_urdf/share/cpp06_urdf/urdf/urdf/demo04_basefootprint.urdf
[1.002s] -- Up-to-date: /home/meixun/Desktop/ROS_program/ros2_ws/install/cpp06_urdf/share/cpp06_urdf/urdf/xacro
[1.002s] -- Up-to-date: /home/meixun/Desktop/ROS_program/ros2_ws/install/cpp06_urdf/share/cpp06_urdf/urdf/xacro/car_camera.xacro
[1.002s] -- Up-to-date: /home/meixun/Desktop/ROS_program/ros2_ws/install/cpp06_urdf/share/cpp06_urdf/urdf/xacro/car_base.xacro
[1.002s] -- Up-to-date: /home/meixun/Desktop/ROS_program/ros2_ws/install/cpp06_urdf/share/cpp06_urdf/urdf/xacro/car_lidar.xacro
[1.003s] -- Up-to-date: /home/meixun/Desktop/ROS_program/ros2_ws/install/cpp06_urdf/share/cpp06_urdf/urdf/xacro/car.xacro
[1.005s] -- Up-to-date: /home/meixun/Desktop/ROS_program/ros2_ws/install/cpp06_urdf/share/cpp06_urdf/meshes
[1.005s] -- Up-to-date: /home/meixun/Desktop/ROS_program/ros2_ws/install/cpp06_urdf/share/cpp06_urdf/meshes/hokuyo.stl
[1.005s] -- Up-to-date: /home/meixun/Desktop/ROS_program/ros2_ws/install/cpp06_urdf/share/cpp06_urdf/meshes/chassis.stl
[1.006s] -- Up-to-date: /home/meixun/Desktop/ROS_program/ros2_ws/install/cpp06_urdf/share/cpp06_urdf/meshes/right_wheel.stl
[1.007s] -- Up-to-date: /home/meixun/Desktop/ROS_program/ros2_ws/install/cpp06_urdf/share/cpp06_urdf/meshes/left_wheel.stl
[1.007s] -- Up-to-date: /home/meixun/Desktop/ROS_program/ros2_ws/install/cpp06_urdf/share/cpp06_urdf/meshes/hinge.stl
[1.008s] -- Up-to-date: /home/meixun/Desktop/ROS_program/ros2_ws/install/cpp06_urdf/share/ament_index/resource_index/package_run_dependencies/cpp06_urdf
[1.008s] -- Up-to-date: /home/meixun/Desktop/ROS_program/ros2_ws/install/cpp06_urdf/share/ament_index/resource_index/parent_prefix_path/cpp06_urdf
[1.008s] -- Up-to-date: /home/meixun/Desktop/ROS_program/ros2_ws/install/cpp06_urdf/share/cpp06_urdf/environment/ament_prefix_path.sh
[1.009s] -- Up-to-date: /home/meixun/Desktop/ROS_program/ros2_ws/install/cpp06_urdf/share/cpp06_urdf/environment/ament_prefix_path.dsv
[1.009s] -- Up-to-date: /home/meixun/Desktop/ROS_program/ros2_ws/install/cpp06_urdf/share/cpp06_urdf/environment/path.sh
[1.010s] -- Up-to-date: /home/meixun/Desktop/ROS_program/ros2_ws/install/cpp06_urdf/share/cpp06_urdf/environment/path.dsv
[1.010s] -- Up-to-date: /home/meixun/Desktop/ROS_program/ros2_ws/install/cpp06_urdf/share/cpp06_urdf/local_setup.bash
[1.010s] -- Up-to-date: /home/meixun/Desktop/ROS_program/ros2_ws/install/cpp06_urdf/share/cpp06_urdf/local_setup.sh
[1.011s] -- Up-to-date: /home/meixun/Desktop/ROS_program/ros2_ws/install/cpp06_urdf/share/cpp06_urdf/local_setup.zsh
[1.011s] -- Up-to-date: /home/meixun/Desktop/ROS_program/ros2_ws/install/cpp06_urdf/share/cpp06_urdf/local_setup.dsv
[1.011s] -- Installing: /home/meixun/Desktop/ROS_program/ros2_ws/install/cpp06_urdf/share/cpp06_urdf/package.dsv
[1.011s] -- Up-to-date: /home/meixun/Desktop/ROS_program/ros2_ws/install/cpp06_urdf/share/ament_index/resource_index/packages/cpp06_urdf
[1.011s] -- Up-to-date: /home/meixun/Desktop/ROS_program/ros2_ws/install/cpp06_urdf/share/cpp06_urdf/cmake/cpp06_urdfConfig.cmake
[1.011s] -- Up-to-date: /home/meixun/Desktop/ROS_program/ros2_ws/install/cpp06_urdf/share/cpp06_urdf/cmake/cpp06_urdfConfig-version.cmake
[1.013s] -- Up-to-date: /home/meixun/Desktop/ROS_program/ros2_ws/install/cpp06_urdf/share/cpp06_urdf/package.xml
[1.013s] Invoked command in '/home/meixun/Desktop/ROS_program/ros2_ws/build/cpp06_urdf' returned '0': CMAKE_PREFIX_PATH=/opt/ros/foxy CONDA_PROMPT_MODIFIER=(f110RLparking) /usr/bin/cmake --install /home/meixun/Desktop/ROS_program/ros2_ws/build/cpp06_urdf
