[0.243s] DEBUG:colcon:Command line arguments: ['/usr/bin/colcon', 'build']
[0.243s] DEBUG:colcon:Parsed command line arguments: Namespace(allow_overriding=[], ament_cmake_args=None, base_paths=['.'], build_base='build', catkin_cmake_args=None, catkin_skip_building_tests=False, cmake_args=None, cmake_clean_cache=False, cmake_clean_first=False, cmake_force_configure=False, cmake_target=None, cmake_target_skip_unavailable=False, continue_on_error=False, event_handlers=None, executor='parallel', ignore_user_meta=False, install_base='install', log_base=None, log_level=None, main=<bound method BuildVerb.main of <colcon_core.verb.build.BuildVerb object at 0x7fe59f4ed6a0>>, merge_install=False, metas=['./colcon.meta'], packages_above=None, packages_above_and_dependencies=None, packages_above_depth=None, packages_end=None, packages_ignore=None, packages_ignore_regex=None, packages_select=None, packages_select_build_failed=False, packages_select_by_dep=None, packages_select_regex=None, packages_select_test_failures=False, packages_skip=None, packages_skip_build_finished=False, packages_skip_by_dep=None, packages_skip_regex=None, packages_skip_test_passed=False, packages_skip_up_to=None, packages_start=None, packages_up_to=None, packages_up_to_regex=None, parallel_workers=16, paths=None, symlink_install=False, test_result_base=None, verb_extension=<colcon_core.verb.build.BuildVerb object at 0x7fe59f4ed6a0>, verb_name='build', verb_parser=<colcon_defaults.argument_parser.defaults.DefaultArgumentsDecorator object at 0x7fe59f1af280>)
[0.279s] Level 1:colcon.colcon_core.package_discovery:discover_packages(colcon_meta) check parameters
[0.279s] Level 1:colcon.colcon_core.package_discovery:discover_packages(recursive) check parameters
[0.279s] Level 1:colcon.colcon_core.package_discovery:discover_packages(ignore) check parameters
[0.279s] Level 1:colcon.colcon_core.package_discovery:discover_packages(path) check parameters
[0.279s] Level 1:colcon.colcon_core.package_discovery:discover_packages(colcon_meta) discover
[0.279s] Level 1:colcon.colcon_core.package_discovery:discover_packages(recursive) discover
[0.279s] INFO:colcon.colcon_core.package_discovery:Crawling recursively for packages in '/home/meixun/Desktop/ROS_program/ros2_ws'
[0.279s] Level 1:colcon.colcon_core.package_identification:_identify(.) by extensions ['ignore', 'ignore_ament_install']
[0.279s] Level 1:colcon.colcon_core.package_identification:_identify(.) by extension 'ignore'
[0.279s] Level 1:colcon.colcon_core.package_identification:_identify(.) by extension 'ignore_ament_install'
[0.279s] Level 1:colcon.colcon_core.package_identification:_identify(.) by extensions ['colcon_pkg']
[0.279s] Level 1:colcon.colcon_core.package_identification:_identify(.) by extension 'colcon_pkg'
[0.279s] Level 1:colcon.colcon_core.package_identification:_identify(.) by extensions ['colcon_meta']
[0.279s] Level 1:colcon.colcon_core.package_identification:_identify(.) by extension 'colcon_meta'
[0.279s] Level 1:colcon.colcon_core.package_identification:_identify(.) by extensions ['ros']
[0.279s] Level 1:colcon.colcon_core.package_identification:_identify(.) by extension 'ros'
[0.292s] Level 1:colcon.colcon_core.package_identification:_identify(.) by extensions ['cmake', 'python']
[0.292s] Level 1:colcon.colcon_core.package_identification:_identify(.) by extension 'cmake'
[0.292s] Level 1:colcon.colcon_core.package_identification:_identify(.) by extension 'python'
[0.292s] Level 1:colcon.colcon_core.package_identification:_identify(.) by extensions ['python_setup_py']
[0.292s] Level 1:colcon.colcon_core.package_identification:_identify(.) by extension 'python_setup_py'
[0.292s] Level 1:colcon.colcon_core.package_identification:_identify(build) by extensions ['ignore', 'ignore_ament_install']
[0.292s] Level 1:colcon.colcon_core.package_identification:_identify(build) by extension 'ignore'
[0.292s] Level 1:colcon.colcon_core.package_identification:_identify(build) ignored
[0.292s] Level 1:colcon.colcon_core.package_identification:_identify(install) by extensions ['ignore', 'ignore_ament_install']
[0.292s] Level 1:colcon.colcon_core.package_identification:_identify(install) by extension 'ignore'
[0.292s] Level 1:colcon.colcon_core.package_identification:_identify(install) ignored
[0.292s] Level 1:colcon.colcon_core.package_identification:_identify(log) by extensions ['ignore', 'ignore_ament_install']
[0.292s] Level 1:colcon.colcon_core.package_identification:_identify(log) by extension 'ignore'
[0.293s] Level 1:colcon.colcon_core.package_identification:_identify(log) ignored
[0.293s] Level 1:colcon.colcon_core.package_identification:_identify(src) by extensions ['ignore', 'ignore_ament_install']
[0.293s] Level 1:colcon.colcon_core.package_identification:_identify(src) by extension 'ignore'
[0.293s] Level 1:colcon.colcon_core.package_identification:_identify(src) by extension 'ignore_ament_install'
[0.293s] Level 1:colcon.colcon_core.package_identification:_identify(src) by extensions ['colcon_pkg']
[0.293s] Level 1:colcon.colcon_core.package_identification:_identify(src) by extension 'colcon_pkg'
[0.293s] Level 1:colcon.colcon_core.package_identification:_identify(src) by extensions ['colcon_meta']
[0.293s] Level 1:colcon.colcon_core.package_identification:_identify(src) by extension 'colcon_meta'
[0.293s] Level 1:colcon.colcon_core.package_identification:_identify(src) by extensions ['ros']
[0.293s] Level 1:colcon.colcon_core.package_identification:_identify(src) by extension 'ros'
[0.293s] Level 1:colcon.colcon_core.package_identification:_identify(src) by extensions ['cmake', 'python']
[0.293s] Level 1:colcon.colcon_core.package_identification:_identify(src) by extension 'cmake'
[0.293s] Level 1:colcon.colcon_core.package_identification:_identify(src) by extension 'python'
[0.293s] Level 1:colcon.colcon_core.package_identification:_identify(src) by extensions ['python_setup_py']
[0.293s] Level 1:colcon.colcon_core.package_identification:_identify(src) by extension 'python_setup_py'
[0.293s] Level 1:colcon.colcon_core.package_identification:_identify(src/cpp06_urdf) by extensions ['ignore', 'ignore_ament_install']
[0.293s] Level 1:colcon.colcon_core.package_identification:_identify(src/cpp06_urdf) by extension 'ignore'
[0.293s] Level 1:colcon.colcon_core.package_identification:_identify(src/cpp06_urdf) by extension 'ignore_ament_install'
[0.293s] Level 1:colcon.colcon_core.package_identification:_identify(src/cpp06_urdf) by extensions ['colcon_pkg']
[0.293s] Level 1:colcon.colcon_core.package_identification:_identify(src/cpp06_urdf) by extension 'colcon_pkg'
[0.293s] Level 1:colcon.colcon_core.package_identification:_identify(src/cpp06_urdf) by extensions ['colcon_meta']
[0.293s] Level 1:colcon.colcon_core.package_identification:_identify(src/cpp06_urdf) by extension 'colcon_meta'
[0.293s] Level 1:colcon.colcon_core.package_identification:_identify(src/cpp06_urdf) by extensions ['ros']
[0.293s] Level 1:colcon.colcon_core.package_identification:_identify(src/cpp06_urdf) by extension 'ros'
[0.295s] DEBUG:colcon.colcon_core.package_identification:Package 'src/cpp06_urdf' with type 'ros.ament_cmake' and name 'cpp06_urdf'
[0.295s] Level 1:colcon.colcon_core.package_identification:_identify(src/mixed_reality_py) by extensions ['ignore', 'ignore_ament_install']
[0.295s] Level 1:colcon.colcon_core.package_identification:_identify(src/mixed_reality_py) by extension 'ignore'
[0.295s] Level 1:colcon.colcon_core.package_identification:_identify(src/mixed_reality_py) by extension 'ignore_ament_install'
[0.295s] Level 1:colcon.colcon_core.package_identification:_identify(src/mixed_reality_py) by extensions ['colcon_pkg']
[0.295s] Level 1:colcon.colcon_core.package_identification:_identify(src/mixed_reality_py) by extension 'colcon_pkg'
[0.295s] Level 1:colcon.colcon_core.package_identification:_identify(src/mixed_reality_py) by extensions ['colcon_meta']
[0.295s] Level 1:colcon.colcon_core.package_identification:_identify(src/mixed_reality_py) by extension 'colcon_meta'
[0.295s] Level 1:colcon.colcon_core.package_identification:_identify(src/mixed_reality_py) by extensions ['ros']
[0.295s] Level 1:colcon.colcon_core.package_identification:_identify(src/mixed_reality_py) by extension 'ros'
[0.296s] DEBUG:colcon.colcon_core.package_identification:Package 'src/mixed_reality_py' with type 'ros.ament_python' and name 'mixed_reality_py'
[0.296s] Level 1:colcon.colcon_core.package_identification:_identify(src/multi_agent_sim) by extensions ['ignore', 'ignore_ament_install']
[0.296s] Level 1:colcon.colcon_core.package_identification:_identify(src/multi_agent_sim) by extension 'ignore'
[0.296s] Level 1:colcon.colcon_core.package_identification:_identify(src/multi_agent_sim) by extension 'ignore_ament_install'
[0.296s] Level 1:colcon.colcon_core.package_identification:_identify(src/multi_agent_sim) by extensions ['colcon_pkg']
[0.296s] Level 1:colcon.colcon_core.package_identification:_identify(src/multi_agent_sim) by extension 'colcon_pkg'
[0.296s] Level 1:colcon.colcon_core.package_identification:_identify(src/multi_agent_sim) by extensions ['colcon_meta']
[0.296s] Level 1:colcon.colcon_core.package_identification:_identify(src/multi_agent_sim) by extension 'colcon_meta'
[0.296s] Level 1:colcon.colcon_core.package_identification:_identify(src/multi_agent_sim) by extensions ['ros']
[0.296s] Level 1:colcon.colcon_core.package_identification:_identify(src/multi_agent_sim) by extension 'ros'
[0.297s] DEBUG:colcon.colcon_core.package_identification:Package 'src/multi_agent_sim' with type 'ros.ament_python' and name 'multi_agent_sim'
[0.297s] Level 1:colcon.colcon_core.package_identification:_identify(src/py03_tf_broadcaster) by extensions ['ignore', 'ignore_ament_install']
[0.297s] Level 1:colcon.colcon_core.package_identification:_identify(src/py03_tf_broadcaster) by extension 'ignore'
[0.297s] Level 1:colcon.colcon_core.package_identification:_identify(src/py03_tf_broadcaster) by extension 'ignore_ament_install'
[0.297s] Level 1:colcon.colcon_core.package_identification:_identify(src/py03_tf_broadcaster) by extensions ['colcon_pkg']
[0.297s] Level 1:colcon.colcon_core.package_identification:_identify(src/py03_tf_broadcaster) by extension 'colcon_pkg'
[0.297s] Level 1:colcon.colcon_core.package_identification:_identify(src/py03_tf_broadcaster) by extensions ['colcon_meta']
[0.297s] Level 1:colcon.colcon_core.package_identification:_identify(src/py03_tf_broadcaster) by extension 'colcon_meta'
[0.297s] Level 1:colcon.colcon_core.package_identification:_identify(src/py03_tf_broadcaster) by extensions ['ros']
[0.297s] Level 1:colcon.colcon_core.package_identification:_identify(src/py03_tf_broadcaster) by extension 'ros'
[0.298s] DEBUG:colcon.colcon_core.package_identification:Package 'src/py03_tf_broadcaster' with type 'ros.ament_python' and name 'py03_tf_broadcaster'
[0.298s] Level 1:colcon.colcon_core.package_identification:_identify(train_log) by extensions ['ignore', 'ignore_ament_install']
[0.298s] Level 1:colcon.colcon_core.package_identification:_identify(train_log) by extension 'ignore'
[0.298s] Level 1:colcon.colcon_core.package_identification:_identify(train_log) by extension 'ignore_ament_install'
[0.298s] Level 1:colcon.colcon_core.package_identification:_identify(train_log) by extensions ['colcon_pkg']
[0.298s] Level 1:colcon.colcon_core.package_identification:_identify(train_log) by extension 'colcon_pkg'
[0.298s] Level 1:colcon.colcon_core.package_identification:_identify(train_log) by extensions ['colcon_meta']
[0.298s] Level 1:colcon.colcon_core.package_identification:_identify(train_log) by extension 'colcon_meta'
[0.298s] Level 1:colcon.colcon_core.package_identification:_identify(train_log) by extensions ['ros']
[0.298s] Level 1:colcon.colcon_core.package_identification:_identify(train_log) by extension 'ros'
[0.298s] Level 1:colcon.colcon_core.package_identification:_identify(train_log) by extensions ['cmake', 'python']
[0.298s] Level 1:colcon.colcon_core.package_identification:_identify(train_log) by extension 'cmake'
[0.298s] Level 1:colcon.colcon_core.package_identification:_identify(train_log) by extension 'python'
[0.298s] Level 1:colcon.colcon_core.package_identification:_identify(train_log) by extensions ['python_setup_py']
[0.298s] Level 1:colcon.colcon_core.package_identification:_identify(train_log) by extension 'python_setup_py'
[0.298s] Level 1:colcon.colcon_core.package_identification:_identify(train_log/trai) by extensions ['ignore', 'ignore_ament_install']
[0.298s] Level 1:colcon.colcon_core.package_identification:_identify(train_log/trai) by extension 'ignore'
[0.298s] Level 1:colcon.colcon_core.package_identification:_identify(train_log/trai) by extension 'ignore_ament_install'
[0.298s] Level 1:colcon.colcon_core.package_identification:_identify(train_log/trai) by extensions ['colcon_pkg']
[0.298s] Level 1:colcon.colcon_core.package_identification:_identify(train_log/trai) by extension 'colcon_pkg'
[0.298s] Level 1:colcon.colcon_core.package_identification:_identify(train_log/trai) by extensions ['colcon_meta']
[0.298s] Level 1:colcon.colcon_core.package_identification:_identify(train_log/trai) by extension 'colcon_meta'
[0.298s] Level 1:colcon.colcon_core.package_identification:_identify(train_log/trai) by extensions ['ros']
[0.298s] Level 1:colcon.colcon_core.package_identification:_identify(train_log/trai) by extension 'ros'
[0.298s] Level 1:colcon.colcon_core.package_identification:_identify(train_log/trai) by extensions ['cmake', 'python']
[0.298s] Level 1:colcon.colcon_core.package_identification:_identify(train_log/trai) by extension 'cmake'
[0.298s] Level 1:colcon.colcon_core.package_identification:_identify(train_log/trai) by extension 'python'
[0.298s] Level 1:colcon.colcon_core.package_identification:_identify(train_log/trai) by extensions ['python_setup_py']
[0.298s] Level 1:colcon.colcon_core.package_identification:_identify(train_log/trai) by extension 'python_setup_py'
[0.298s] Level 1:colcon.colcon_core.package_discovery:discover_packages(recursive) using defaults
[0.298s] Level 1:colcon.colcon_core.package_discovery:discover_packages(ignore) discover
[0.298s] Level 1:colcon.colcon_core.package_discovery:discover_packages(ignore) using defaults
[0.298s] Level 1:colcon.colcon_core.package_discovery:discover_packages(path) discover
[0.298s] Level 1:colcon.colcon_core.package_discovery:discover_packages(path) using defaults
[0.313s] Level 1:colcon.colcon_core.package_discovery:discover_packages(prefix_path) check parameters
[0.313s] Level 1:colcon.colcon_core.package_discovery:discover_packages(prefix_path) discover
[0.315s] DEBUG:colcon.colcon_installed_package_information.package_discovery:Found 6 installed packages in /home/meixun/Desktop/ROS_program/ros2_ws/install
[0.316s] DEBUG:colcon.colcon_installed_package_information.package_discovery:Found 261 installed packages in /opt/ros/foxy
[0.317s] Level 1:colcon.colcon_core.package_discovery:discover_packages(prefix_path) using defaults
[0.362s] Level 5:colcon.colcon_core.verb:set package 'cpp06_urdf' build argument 'cmake_args' from command line to 'None'
[0.362s] Level 5:colcon.colcon_core.verb:set package 'cpp06_urdf' build argument 'cmake_target' from command line to 'None'
[0.362s] Level 5:colcon.colcon_core.verb:set package 'cpp06_urdf' build argument 'cmake_target_skip_unavailable' from command line to 'False'
[0.362s] Level 5:colcon.colcon_core.verb:set package 'cpp06_urdf' build argument 'cmake_clean_cache' from command line to 'False'
[0.362s] Level 5:colcon.colcon_core.verb:set package 'cpp06_urdf' build argument 'cmake_clean_first' from command line to 'False'
[0.362s] Level 5:colcon.colcon_core.verb:set package 'cpp06_urdf' build argument 'cmake_force_configure' from command line to 'False'
[0.362s] Level 5:colcon.colcon_core.verb:set package 'cpp06_urdf' build argument 'ament_cmake_args' from command line to 'None'
[0.362s] Level 5:colcon.colcon_core.verb:set package 'cpp06_urdf' build argument 'catkin_cmake_args' from command line to 'None'
[0.362s] Level 5:colcon.colcon_core.verb:set package 'cpp06_urdf' build argument 'catkin_skip_building_tests' from command line to 'False'
[0.362s] DEBUG:colcon.colcon_core.verb:Building package 'cpp06_urdf' with the following arguments: {'ament_cmake_args': None, 'build_base': '/home/meixun/Desktop/ROS_program/ros2_ws/build/cpp06_urdf', 'catkin_cmake_args': None, 'catkin_skip_building_tests': False, 'cmake_args': None, 'cmake_clean_cache': False, 'cmake_clean_first': False, 'cmake_force_configure': False, 'cmake_target': None, 'cmake_target_skip_unavailable': False, 'install_base': '/home/meixun/Desktop/ROS_program/ros2_ws/install/cpp06_urdf', 'merge_install': False, 'path': '/home/meixun/Desktop/ROS_program/ros2_ws/src/cpp06_urdf', 'symlink_install': False, 'test_result_base': None}
[0.363s] Level 5:colcon.colcon_core.verb:set package 'mixed_reality_py' build argument 'cmake_args' from command line to 'None'
[0.363s] Level 5:colcon.colcon_core.verb:set package 'mixed_reality_py' build argument 'cmake_target' from command line to 'None'
[0.363s] Level 5:colcon.colcon_core.verb:set package 'mixed_reality_py' build argument 'cmake_target_skip_unavailable' from command line to 'False'
[0.363s] Level 5:colcon.colcon_core.verb:set package 'mixed_reality_py' build argument 'cmake_clean_cache' from command line to 'False'
[0.363s] Level 5:colcon.colcon_core.verb:set package 'mixed_reality_py' build argument 'cmake_clean_first' from command line to 'False'
[0.363s] Level 5:colcon.colcon_core.verb:set package 'mixed_reality_py' build argument 'cmake_force_configure' from command line to 'False'
[0.363s] Level 5:colcon.colcon_core.verb:set package 'mixed_reality_py' build argument 'ament_cmake_args' from command line to 'None'
[0.363s] Level 5:colcon.colcon_core.verb:set package 'mixed_reality_py' build argument 'catkin_cmake_args' from command line to 'None'
[0.363s] Level 5:colcon.colcon_core.verb:set package 'mixed_reality_py' build argument 'catkin_skip_building_tests' from command line to 'False'
[0.363s] DEBUG:colcon.colcon_core.verb:Building package 'mixed_reality_py' with the following arguments: {'ament_cmake_args': None, 'build_base': '/home/meixun/Desktop/ROS_program/ros2_ws/build/mixed_reality_py', 'catkin_cmake_args': None, 'catkin_skip_building_tests': False, 'cmake_args': None, 'cmake_clean_cache': False, 'cmake_clean_first': False, 'cmake_force_configure': False, 'cmake_target': None, 'cmake_target_skip_unavailable': False, 'install_base': '/home/meixun/Desktop/ROS_program/ros2_ws/install/mixed_reality_py', 'merge_install': False, 'path': '/home/meixun/Desktop/ROS_program/ros2_ws/src/mixed_reality_py', 'symlink_install': False, 'test_result_base': None}
[0.364s] Level 5:colcon.colcon_core.verb:set package 'multi_agent_sim' build argument 'cmake_args' from command line to 'None'
[0.364s] Level 5:colcon.colcon_core.verb:set package 'multi_agent_sim' build argument 'cmake_target' from command line to 'None'
[0.364s] Level 5:colcon.colcon_core.verb:set package 'multi_agent_sim' build argument 'cmake_target_skip_unavailable' from command line to 'False'
[0.364s] Level 5:colcon.colcon_core.verb:set package 'multi_agent_sim' build argument 'cmake_clean_cache' from command line to 'False'
[0.364s] Level 5:colcon.colcon_core.verb:set package 'multi_agent_sim' build argument 'cmake_clean_first' from command line to 'False'
[0.364s] Level 5:colcon.colcon_core.verb:set package 'multi_agent_sim' build argument 'cmake_force_configure' from command line to 'False'
[0.364s] Level 5:colcon.colcon_core.verb:set package 'multi_agent_sim' build argument 'ament_cmake_args' from command line to 'None'
[0.364s] Level 5:colcon.colcon_core.verb:set package 'multi_agent_sim' build argument 'catkin_cmake_args' from command line to 'None'
[0.364s] Level 5:colcon.colcon_core.verb:set package 'multi_agent_sim' build argument 'catkin_skip_building_tests' from command line to 'False'
[0.364s] DEBUG:colcon.colcon_core.verb:Building package 'multi_agent_sim' with the following arguments: {'ament_cmake_args': None, 'build_base': '/home/meixun/Desktop/ROS_program/ros2_ws/build/multi_agent_sim', 'catkin_cmake_args': None, 'catkin_skip_building_tests': False, 'cmake_args': None, 'cmake_clean_cache': False, 'cmake_clean_first': False, 'cmake_force_configure': False, 'cmake_target': None, 'cmake_target_skip_unavailable': False, 'install_base': '/home/meixun/Desktop/ROS_program/ros2_ws/install/multi_agent_sim', 'merge_install': False, 'path': '/home/meixun/Desktop/ROS_program/ros2_ws/src/multi_agent_sim', 'symlink_install': False, 'test_result_base': None}
[0.364s] Level 5:colcon.colcon_core.verb:set package 'py03_tf_broadcaster' build argument 'cmake_args' from command line to 'None'
[0.364s] Level 5:colcon.colcon_core.verb:set package 'py03_tf_broadcaster' build argument 'cmake_target' from command line to 'None'
[0.364s] Level 5:colcon.colcon_core.verb:set package 'py03_tf_broadcaster' build argument 'cmake_target_skip_unavailable' from command line to 'False'
[0.364s] Level 5:colcon.colcon_core.verb:set package 'py03_tf_broadcaster' build argument 'cmake_clean_cache' from command line to 'False'
[0.365s] Level 5:colcon.colcon_core.verb:set package 'py03_tf_broadcaster' build argument 'cmake_clean_first' from command line to 'False'
[0.365s] Level 5:colcon.colcon_core.verb:set package 'py03_tf_broadcaster' build argument 'cmake_force_configure' from command line to 'False'
[0.365s] Level 5:colcon.colcon_core.verb:set package 'py03_tf_broadcaster' build argument 'ament_cmake_args' from command line to 'None'
[0.365s] Level 5:colcon.colcon_core.verb:set package 'py03_tf_broadcaster' build argument 'catkin_cmake_args' from command line to 'None'
[0.365s] Level 5:colcon.colcon_core.verb:set package 'py03_tf_broadcaster' build argument 'catkin_skip_building_tests' from command line to 'False'
[0.365s] DEBUG:colcon.colcon_core.verb:Building package 'py03_tf_broadcaster' with the following arguments: {'ament_cmake_args': None, 'build_base': '/home/meixun/Desktop/ROS_program/ros2_ws/build/py03_tf_broadcaster', 'catkin_cmake_args': None, 'catkin_skip_building_tests': False, 'cmake_args': None, 'cmake_clean_cache': False, 'cmake_clean_first': False, 'cmake_force_configure': False, 'cmake_target': None, 'cmake_target_skip_unavailable': False, 'install_base': '/home/meixun/Desktop/ROS_program/ros2_ws/install/py03_tf_broadcaster', 'merge_install': False, 'path': '/home/meixun/Desktop/ROS_program/ros2_ws/src/py03_tf_broadcaster', 'symlink_install': False, 'test_result_base': None}
[0.365s] INFO:colcon.colcon_core.executor:Executing jobs using 'parallel' executor
[0.367s] DEBUG:colcon.colcon_parallel_executor.executor.parallel:run_until_complete
[0.367s] INFO:colcon.colcon_ros.task.ament_cmake.build:Building ROS package in '/home/meixun/Desktop/ROS_program/ros2_ws/src/cpp06_urdf' with build type 'ament_cmake'
[0.368s] INFO:colcon.colcon_cmake.task.cmake.build:Building CMake package in '/home/meixun/Desktop/ROS_program/ros2_ws/src/cpp06_urdf'
[0.370s] INFO:colcon.colcon_core.plugin_system:Skipping extension 'colcon_core.shell.bat': Not used on non-Windows systems
[0.370s] INFO:colcon.colcon_core.shell:Skip shell extension 'powershell' for command environment: Not usable outside of PowerShell
[0.370s] DEBUG:colcon.colcon_core.shell:Skip shell extension 'dsv' for command environment
[0.375s] INFO:colcon.colcon_ros.task.ament_python.build:Building ROS package in '/home/meixun/Desktop/ROS_program/ros2_ws/src/mixed_reality_py' with build type 'ament_python'
[0.375s] Level 1:colcon.colcon_core.shell:create_environment_hook('mixed_reality_py', 'ament_prefix_path')
[0.376s] INFO:colcon.colcon_core.shell:Creating environment hook '/home/meixun/Desktop/ROS_program/ros2_ws/install/mixed_reality_py/share/mixed_reality_py/hook/ament_prefix_path.ps1'
[0.377s] INFO:colcon.colcon_core.shell:Creating environment descriptor '/home/meixun/Desktop/ROS_program/ros2_ws/install/mixed_reality_py/share/mixed_reality_py/hook/ament_prefix_path.dsv'
[0.378s] INFO:colcon.colcon_core.shell:Creating environment hook '/home/meixun/Desktop/ROS_program/ros2_ws/install/mixed_reality_py/share/mixed_reality_py/hook/ament_prefix_path.sh'
[0.379s] INFO:colcon.colcon_core.shell:Skip shell extension 'powershell' for command environment: Not usable outside of PowerShell
[0.379s] DEBUG:colcon.colcon_core.shell:Skip shell extension 'dsv' for command environment
[0.383s] INFO:colcon.colcon_ros.task.ament_python.build:Building ROS package in '/home/meixun/Desktop/ROS_program/ros2_ws/src/multi_agent_sim' with build type 'ament_python'
[0.384s] Level 1:colcon.colcon_core.shell:create_environment_hook('multi_agent_sim', 'ament_prefix_path')
[0.385s] INFO:colcon.colcon_core.shell:Creating environment hook '/home/meixun/Desktop/ROS_program/ros2_ws/install/multi_agent_sim/share/multi_agent_sim/hook/ament_prefix_path.ps1'
[0.386s] INFO:colcon.colcon_core.shell:Creating environment descriptor '/home/meixun/Desktop/ROS_program/ros2_ws/install/multi_agent_sim/share/multi_agent_sim/hook/ament_prefix_path.dsv'
[0.386s] INFO:colcon.colcon_core.shell:Creating environment hook '/home/meixun/Desktop/ROS_program/ros2_ws/install/multi_agent_sim/share/multi_agent_sim/hook/ament_prefix_path.sh'
[0.387s] INFO:colcon.colcon_core.shell:Skip shell extension 'powershell' for command environment: Not usable outside of PowerShell
[0.387s] DEBUG:colcon.colcon_core.shell:Skip shell extension 'dsv' for command environment
[0.391s] INFO:colcon.colcon_ros.task.ament_python.build:Building ROS package in '/home/meixun/Desktop/ROS_program/ros2_ws/src/py03_tf_broadcaster' with build type 'ament_python'
[0.391s] Level 1:colcon.colcon_core.shell:create_environment_hook('py03_tf_broadcaster', 'ament_prefix_path')
[0.392s] INFO:colcon.colcon_core.shell:Creating environment hook '/home/meixun/Desktop/ROS_program/ros2_ws/install/py03_tf_broadcaster/share/py03_tf_broadcaster/hook/ament_prefix_path.ps1'
[0.393s] INFO:colcon.colcon_core.shell:Creating environment descriptor '/home/meixun/Desktop/ROS_program/ros2_ws/install/py03_tf_broadcaster/share/py03_tf_broadcaster/hook/ament_prefix_path.dsv'
[0.393s] INFO:colcon.colcon_core.shell:Creating environment hook '/home/meixun/Desktop/ROS_program/ros2_ws/install/py03_tf_broadcaster/share/py03_tf_broadcaster/hook/ament_prefix_path.sh'
[0.394s] INFO:colcon.colcon_core.shell:Skip shell extension 'powershell' for command environment: Not usable outside of PowerShell
[0.395s] DEBUG:colcon.colcon_core.shell:Skip shell extension 'dsv' for command environment
[0.403s] DEBUG:colcon.colcon_core.event_handler.log_command:Invoking command in '/home/meixun/Desktop/ROS_program/ros2_ws/build/cpp06_urdf': CMAKE_PREFIX_PATH=${CMAKE_PREFIX_PATH}:/home/meixun/Desktop/ROS_program/ros2_ws/install/py_train_launch:/home/meixun/Desktop/ROS_program/ros2_ws/install/py03_tf_broadcaster:/home/meixun/Desktop/ROS_program/ros2_ws/install/multi_agent_sim:/home/meixun/Desktop/ROS_program/ros2_ws/install/mixed_reality_py:/home/meixun/Desktop/ROS_program/ros2_ws/install/mcl:/opt/ros/foxy CONDA_PROMPT_MODIFIER=(base) /usr/bin/cmake --build /home/meixun/Desktop/ROS_program/ros2_ws/build/cpp06_urdf -- -j16 -l16
[0.641s] INFO:colcon.colcon_core.task.python.build:Building Python package in '/home/meixun/Desktop/ROS_program/ros2_ws/src/mixed_reality_py'
[0.644s] INFO:colcon.colcon_core.shell:Skip shell extension 'powershell' for command environment: Not usable outside of PowerShell
[0.644s] DEBUG:colcon.colcon_core.shell:Skip shell extension 'dsv' for command environment
[0.881s] INFO:colcon.colcon_core.task.python.build:Building Python package in '/home/meixun/Desktop/ROS_program/ros2_ws/src/multi_agent_sim'
[0.884s] INFO:colcon.colcon_core.shell:Skip shell extension 'powershell' for command environment: Not usable outside of PowerShell
[0.884s] DEBUG:colcon.colcon_core.shell:Skip shell extension 'dsv' for command environment
[1.133s] INFO:colcon.colcon_core.task.python.build:Building Python package in '/home/meixun/Desktop/ROS_program/ros2_ws/src/py03_tf_broadcaster'
[1.134s] INFO:colcon.colcon_core.shell:Skip shell extension 'powershell' for command environment: Not usable outside of PowerShell
[1.135s] DEBUG:colcon.colcon_core.shell:Skip shell extension 'dsv' for command environment
[1.140s] DEBUG:colcon.colcon_core.event_handler.log_command:Invoked command in '/home/meixun/Desktop/ROS_program/ros2_ws/build/cpp06_urdf' returned '0': CMAKE_PREFIX_PATH=${CMAKE_PREFIX_PATH}:/home/meixun/Desktop/ROS_program/ros2_ws/install/py_train_launch:/home/meixun/Desktop/ROS_program/ros2_ws/install/py03_tf_broadcaster:/home/meixun/Desktop/ROS_program/ros2_ws/install/multi_agent_sim:/home/meixun/Desktop/ROS_program/ros2_ws/install/mixed_reality_py:/home/meixun/Desktop/ROS_program/ros2_ws/install/mcl:/opt/ros/foxy CONDA_PROMPT_MODIFIER=(base) /usr/bin/cmake --build /home/meixun/Desktop/ROS_program/ros2_ws/build/cpp06_urdf -- -j16 -l16
[1.167s] DEBUG:colcon.colcon_core.event_handler.log_command:Invoking command in '/home/meixun/Desktop/ROS_program/ros2_ws/build/cpp06_urdf': CMAKE_PREFIX_PATH=${CMAKE_PREFIX_PATH}:/home/meixun/Desktop/ROS_program/ros2_ws/install/py_train_launch:/home/meixun/Desktop/ROS_program/ros2_ws/install/py03_tf_broadcaster:/home/meixun/Desktop/ROS_program/ros2_ws/install/multi_agent_sim:/home/meixun/Desktop/ROS_program/ros2_ws/install/mixed_reality_py:/home/meixun/Desktop/ROS_program/ros2_ws/install/mcl:/opt/ros/foxy CONDA_PROMPT_MODIFIER=(base) /usr/bin/cmake --install /home/meixun/Desktop/ROS_program/ros2_ws/build/cpp06_urdf
[1.177s] Level 1:colcon.colcon_core.environment:create_environment_scripts_only(cpp06_urdf)
[1.186s] DEBUG:colcon.colcon_core.event_handler.log_command:Invoked command in '/home/meixun/Desktop/ROS_program/ros2_ws/build/cpp06_urdf' returned '0': CMAKE_PREFIX_PATH=${CMAKE_PREFIX_PATH}:/home/meixun/Desktop/ROS_program/ros2_ws/install/py_train_launch:/home/meixun/Desktop/ROS_program/ros2_ws/install/py03_tf_broadcaster:/home/meixun/Desktop/ROS_program/ros2_ws/install/multi_agent_sim:/home/meixun/Desktop/ROS_program/ros2_ws/install/mixed_reality_py:/home/meixun/Desktop/ROS_program/ros2_ws/install/mcl:/opt/ros/foxy CONDA_PROMPT_MODIFIER=(base) /usr/bin/cmake --install /home/meixun/Desktop/ROS_program/ros2_ws/build/cpp06_urdf
[1.186s] Level 1:colcon.colcon_core.environment:checking '/home/meixun/Desktop/ROS_program/ros2_ws/install/cpp06_urdf' for CMake module files
[1.187s] Level 1:colcon.colcon_core.environment:checking '/home/meixun/Desktop/ROS_program/ros2_ws/install/cpp06_urdf' for CMake config files
[1.188s] Level 1:colcon.colcon_core.shell:create_environment_hook('cpp06_urdf', 'cmake_prefix_path')
[1.189s] INFO:colcon.colcon_core.shell:Creating environment hook '/home/meixun/Desktop/ROS_program/ros2_ws/install/cpp06_urdf/share/cpp06_urdf/hook/cmake_prefix_path.ps1'
[1.189s] INFO:colcon.colcon_core.shell:Creating environment descriptor '/home/meixun/Desktop/ROS_program/ros2_ws/install/cpp06_urdf/share/cpp06_urdf/hook/cmake_prefix_path.dsv'
[1.189s] INFO:colcon.colcon_core.shell:Creating environment hook '/home/meixun/Desktop/ROS_program/ros2_ws/install/cpp06_urdf/share/cpp06_urdf/hook/cmake_prefix_path.sh'
[1.190s] Level 1:colcon.colcon_core.environment:checking '/home/meixun/Desktop/ROS_program/ros2_ws/install/cpp06_urdf/bin'
[1.190s] Level 1:colcon.colcon_core.environment:checking '/home/meixun/Desktop/ROS_program/ros2_ws/install/cpp06_urdf/lib/pkgconfig/cpp06_urdf.pc'
[1.190s] Level 1:colcon.colcon_core.environment:checking '/home/meixun/Desktop/ROS_program/ros2_ws/install/cpp06_urdf/lib/python3.8/site-packages'
[1.190s] Level 1:colcon.colcon_core.environment:checking '/home/meixun/Desktop/ROS_program/ros2_ws/install/cpp06_urdf/bin'
[1.191s] INFO:colcon.colcon_core.shell:Creating package script '/home/meixun/Desktop/ROS_program/ros2_ws/install/cpp06_urdf/share/cpp06_urdf/package.ps1'
[1.192s] INFO:colcon.colcon_core.shell:Creating package descriptor '/home/meixun/Desktop/ROS_program/ros2_ws/install/cpp06_urdf/share/cpp06_urdf/package.dsv'
[1.192s] INFO:colcon.colcon_core.shell:Creating package script '/home/meixun/Desktop/ROS_program/ros2_ws/install/cpp06_urdf/share/cpp06_urdf/package.sh'
[1.193s] INFO:colcon.colcon_core.shell:Creating package script '/home/meixun/Desktop/ROS_program/ros2_ws/install/cpp06_urdf/share/cpp06_urdf/package.bash'
[1.193s] INFO:colcon.colcon_core.shell:Creating package script '/home/meixun/Desktop/ROS_program/ros2_ws/install/cpp06_urdf/share/cpp06_urdf/package.zsh'
[1.194s] Level 1:colcon.colcon_core.environment:create_file_with_runtime_dependencies(/home/meixun/Desktop/ROS_program/ros2_ws/install/cpp06_urdf/share/colcon-core/packages/cpp06_urdf)
[1.215s] Level 1:colcon.colcon_core.environment:create_environment_scripts_only(cpp06_urdf)
[1.218s] Level 1:colcon.colcon_core.environment:checking '/home/meixun/Desktop/ROS_program/ros2_ws/install/cpp06_urdf' for CMake module files
[1.218s] Level 1:colcon.colcon_core.environment:checking '/home/meixun/Desktop/ROS_program/ros2_ws/install/cpp06_urdf' for CMake config files
[1.219s] Level 1:colcon.colcon_core.shell:create_environment_hook('cpp06_urdf', 'cmake_prefix_path')
[1.221s] INFO:colcon.colcon_core.shell:Creating environment hook '/home/meixun/Desktop/ROS_program/ros2_ws/install/cpp06_urdf/share/cpp06_urdf/hook/cmake_prefix_path.ps1'
[1.221s] INFO:colcon.colcon_core.shell:Creating environment descriptor '/home/meixun/Desktop/ROS_program/ros2_ws/install/cpp06_urdf/share/cpp06_urdf/hook/cmake_prefix_path.dsv'
[1.222s] INFO:colcon.colcon_core.shell:Creating environment hook '/home/meixun/Desktop/ROS_program/ros2_ws/install/cpp06_urdf/share/cpp06_urdf/hook/cmake_prefix_path.sh'
[1.222s] Level 1:colcon.colcon_core.environment:checking '/home/meixun/Desktop/ROS_program/ros2_ws/install/cpp06_urdf/bin'
[1.222s] Level 1:colcon.colcon_core.environment:checking '/home/meixun/Desktop/ROS_program/ros2_ws/install/cpp06_urdf/lib/pkgconfig/cpp06_urdf.pc'
[1.223s] Level 1:colcon.colcon_core.environment:checking '/home/meixun/Desktop/ROS_program/ros2_ws/install/cpp06_urdf/lib/python3.8/site-packages'
[1.223s] Level 1:colcon.colcon_core.environment:checking '/home/meixun/Desktop/ROS_program/ros2_ws/install/cpp06_urdf/bin'
[1.225s] INFO:colcon.colcon_core.shell:Creating package script '/home/meixun/Desktop/ROS_program/ros2_ws/install/cpp06_urdf/share/cpp06_urdf/package.ps1'
[1.225s] INFO:colcon.colcon_core.shell:Creating package descriptor '/home/meixun/Desktop/ROS_program/ros2_ws/install/cpp06_urdf/share/cpp06_urdf/package.dsv'
[1.226s] INFO:colcon.colcon_core.shell:Creating package script '/home/meixun/Desktop/ROS_program/ros2_ws/install/cpp06_urdf/share/cpp06_urdf/package.sh'
[1.226s] INFO:colcon.colcon_core.shell:Creating package script '/home/meixun/Desktop/ROS_program/ros2_ws/install/cpp06_urdf/share/cpp06_urdf/package.bash'
[1.227s] INFO:colcon.colcon_core.shell:Creating package script '/home/meixun/Desktop/ROS_program/ros2_ws/install/cpp06_urdf/share/cpp06_urdf/package.zsh'
[1.227s] Level 1:colcon.colcon_core.environment:create_file_with_runtime_dependencies(/home/meixun/Desktop/ROS_program/ros2_ws/install/cpp06_urdf/share/colcon-core/packages/cpp06_urdf)
[1.666s] DEBUG:colcon.colcon_core.event_handler.log_command:Invoking command in '/home/meixun/Desktop/ROS_program/ros2_ws/src/mixed_reality_py': CONDA_PROMPT_MODIFIER=(base) PYTHONPATH=/home/meixun/Desktop/ROS_program/ros2_ws/build/mixed_reality_py/prefix_override:/home/meixun/Desktop/ROS_program/ros2_ws/install/mixed_reality_py/lib/python3.8/site-packages:${PYTHONPATH} /usr/bin/python3 setup.py egg_info --egg-base ../../build/mixed_reality_py build --build-base /home/meixun/Desktop/ROS_program/ros2_ws/build/mixed_reality_py/build install --record /home/meixun/Desktop/ROS_program/ros2_ws/build/mixed_reality_py/install.log --install-scripts $base/lib/mixed_reality_py --single-version-externally-managed
[1.696s] DEBUG:colcon.colcon_core.event_handler.log_command:Invoking command in '/home/meixun/Desktop/ROS_program/ros2_ws/src/multi_agent_sim': CONDA_PROMPT_MODIFIER=(base) PYTHONPATH=/home/meixun/Desktop/ROS_program/ros2_ws/build/multi_agent_sim/prefix_override:/home/meixun/Desktop/ROS_program/ros2_ws/install/multi_agent_sim/lib/python3.8/site-packages:${PYTHONPATH} /usr/bin/python3 setup.py egg_info --egg-base ../../build/multi_agent_sim build --build-base /home/meixun/Desktop/ROS_program/ros2_ws/build/multi_agent_sim/build install --record /home/meixun/Desktop/ROS_program/ros2_ws/build/multi_agent_sim/install.log --install-scripts $base/lib/multi_agent_sim --single-version-externally-managed
[1.738s] DEBUG:colcon.colcon_core.event_handler.log_command:Invoking command in '/home/meixun/Desktop/ROS_program/ros2_ws/src/py03_tf_broadcaster': CONDA_PROMPT_MODIFIER=(base) PYTHONPATH=/home/meixun/Desktop/ROS_program/ros2_ws/build/py03_tf_broadcaster/prefix_override:/home/meixun/Desktop/ROS_program/ros2_ws/install/py03_tf_broadcaster/lib/python3.8/site-packages:${PYTHONPATH} /usr/bin/python3 setup.py egg_info --egg-base ../../build/py03_tf_broadcaster build --build-base /home/meixun/Desktop/ROS_program/ros2_ws/build/py03_tf_broadcaster/build install --record /home/meixun/Desktop/ROS_program/ros2_ws/build/py03_tf_broadcaster/install.log --install-scripts $base/lib/py03_tf_broadcaster --single-version-externally-managed
[2.304s] Level 1:colcon.colcon_core.environment:checking '/home/meixun/Desktop/ROS_program/ros2_ws/install/mixed_reality_py' for CMake module files
[2.304s] DEBUG:colcon.colcon_core.event_handler.log_command:Invoked command in '/home/meixun/Desktop/ROS_program/ros2_ws/src/mixed_reality_py' returned '0': CONDA_PROMPT_MODIFIER=(base) PYTHONPATH=/home/meixun/Desktop/ROS_program/ros2_ws/build/mixed_reality_py/prefix_override:/home/meixun/Desktop/ROS_program/ros2_ws/install/mixed_reality_py/lib/python3.8/site-packages:${PYTHONPATH} /usr/bin/python3 setup.py egg_info --egg-base ../../build/mixed_reality_py build --build-base /home/meixun/Desktop/ROS_program/ros2_ws/build/mixed_reality_py/build install --record /home/meixun/Desktop/ROS_program/ros2_ws/build/mixed_reality_py/install.log --install-scripts $base/lib/mixed_reality_py --single-version-externally-managed
[2.305s] Level 1:colcon.colcon_core.environment:checking '/home/meixun/Desktop/ROS_program/ros2_ws/install/mixed_reality_py' for CMake config files
[2.305s] Level 1:colcon.colcon_core.environment:checking '/home/meixun/Desktop/ROS_program/ros2_ws/install/mixed_reality_py/lib'
[2.305s] Level 1:colcon.colcon_core.environment:checking '/home/meixun/Desktop/ROS_program/ros2_ws/install/mixed_reality_py/bin'
[2.305s] Level 1:colcon.colcon_core.environment:checking '/home/meixun/Desktop/ROS_program/ros2_ws/install/mixed_reality_py/lib/pkgconfig/mixed_reality_py.pc'
[2.306s] Level 1:colcon.colcon_core.environment:checking '/home/meixun/Desktop/ROS_program/ros2_ws/install/mixed_reality_py/lib/python3.8/site-packages'
[2.306s] Level 1:colcon.colcon_core.shell:create_environment_hook('mixed_reality_py', 'pythonpath')
[2.307s] INFO:colcon.colcon_core.shell:Creating environment hook '/home/meixun/Desktop/ROS_program/ros2_ws/install/mixed_reality_py/share/mixed_reality_py/hook/pythonpath.ps1'
[2.307s] INFO:colcon.colcon_core.shell:Creating environment descriptor '/home/meixun/Desktop/ROS_program/ros2_ws/install/mixed_reality_py/share/mixed_reality_py/hook/pythonpath.dsv'
[2.307s] INFO:colcon.colcon_core.shell:Creating environment hook '/home/meixun/Desktop/ROS_program/ros2_ws/install/mixed_reality_py/share/mixed_reality_py/hook/pythonpath.sh'
[2.308s] Level 1:colcon.colcon_core.environment:checking '/home/meixun/Desktop/ROS_program/ros2_ws/install/mixed_reality_py/bin'
[2.308s] Level 1:colcon.colcon_core.environment:create_environment_scripts_only(mixed_reality_py)
[2.309s] INFO:colcon.colcon_core.shell:Creating package script '/home/meixun/Desktop/ROS_program/ros2_ws/install/mixed_reality_py/share/mixed_reality_py/package.ps1'
[2.309s] INFO:colcon.colcon_core.shell:Creating package descriptor '/home/meixun/Desktop/ROS_program/ros2_ws/install/mixed_reality_py/share/mixed_reality_py/package.dsv'
[2.309s] INFO:colcon.colcon_core.shell:Creating package script '/home/meixun/Desktop/ROS_program/ros2_ws/install/mixed_reality_py/share/mixed_reality_py/package.sh'
[2.310s] INFO:colcon.colcon_core.shell:Creating package script '/home/meixun/Desktop/ROS_program/ros2_ws/install/mixed_reality_py/share/mixed_reality_py/package.bash'
[2.310s] INFO:colcon.colcon_core.shell:Creating package script '/home/meixun/Desktop/ROS_program/ros2_ws/install/mixed_reality_py/share/mixed_reality_py/package.zsh'
[2.310s] Level 1:colcon.colcon_core.environment:create_file_with_runtime_dependencies(/home/meixun/Desktop/ROS_program/ros2_ws/install/mixed_reality_py/share/colcon-core/packages/mixed_reality_py)
[2.336s] Level 1:colcon.colcon_core.environment:checking '/home/meixun/Desktop/ROS_program/ros2_ws/install/py03_tf_broadcaster' for CMake module files
[2.336s] DEBUG:colcon.colcon_core.event_handler.log_command:Invoked command in '/home/meixun/Desktop/ROS_program/ros2_ws/src/py03_tf_broadcaster' returned '0': CONDA_PROMPT_MODIFIER=(base) PYTHONPATH=/home/meixun/Desktop/ROS_program/ros2_ws/build/py03_tf_broadcaster/prefix_override:/home/meixun/Desktop/ROS_program/ros2_ws/install/py03_tf_broadcaster/lib/python3.8/site-packages:${PYTHONPATH} /usr/bin/python3 setup.py egg_info --egg-base ../../build/py03_tf_broadcaster build --build-base /home/meixun/Desktop/ROS_program/ros2_ws/build/py03_tf_broadcaster/build install --record /home/meixun/Desktop/ROS_program/ros2_ws/build/py03_tf_broadcaster/install.log --install-scripts $base/lib/py03_tf_broadcaster --single-version-externally-managed
[2.337s] Level 1:colcon.colcon_core.environment:checking '/home/meixun/Desktop/ROS_program/ros2_ws/install/py03_tf_broadcaster' for CMake config files
[2.337s] Level 1:colcon.colcon_core.environment:checking '/home/meixun/Desktop/ROS_program/ros2_ws/install/py03_tf_broadcaster/lib'
[2.337s] Level 1:colcon.colcon_core.environment:checking '/home/meixun/Desktop/ROS_program/ros2_ws/install/py03_tf_broadcaster/bin'
[2.337s] Level 1:colcon.colcon_core.environment:checking '/home/meixun/Desktop/ROS_program/ros2_ws/install/py03_tf_broadcaster/lib/pkgconfig/py03_tf_broadcaster.pc'
[2.337s] Level 1:colcon.colcon_core.environment:checking '/home/meixun/Desktop/ROS_program/ros2_ws/install/py03_tf_broadcaster/lib/python3.8/site-packages'
[2.337s] Level 1:colcon.colcon_core.shell:create_environment_hook('py03_tf_broadcaster', 'pythonpath')
[2.339s] INFO:colcon.colcon_core.shell:Creating environment hook '/home/meixun/Desktop/ROS_program/ros2_ws/install/py03_tf_broadcaster/share/py03_tf_broadcaster/hook/pythonpath.ps1'
[2.339s] INFO:colcon.colcon_core.shell:Creating environment descriptor '/home/meixun/Desktop/ROS_program/ros2_ws/install/py03_tf_broadcaster/share/py03_tf_broadcaster/hook/pythonpath.dsv'
[2.339s] INFO:colcon.colcon_core.shell:Creating environment hook '/home/meixun/Desktop/ROS_program/ros2_ws/install/py03_tf_broadcaster/share/py03_tf_broadcaster/hook/pythonpath.sh'
[2.340s] Level 1:colcon.colcon_core.environment:checking '/home/meixun/Desktop/ROS_program/ros2_ws/install/py03_tf_broadcaster/bin'
[2.340s] Level 1:colcon.colcon_core.environment:create_environment_scripts_only(py03_tf_broadcaster)
[2.341s] INFO:colcon.colcon_core.shell:Creating package script '/home/meixun/Desktop/ROS_program/ros2_ws/install/py03_tf_broadcaster/share/py03_tf_broadcaster/package.ps1'
[2.342s] INFO:colcon.colcon_core.shell:Creating package descriptor '/home/meixun/Desktop/ROS_program/ros2_ws/install/py03_tf_broadcaster/share/py03_tf_broadcaster/package.dsv'
[2.342s] INFO:colcon.colcon_core.shell:Creating package script '/home/meixun/Desktop/ROS_program/ros2_ws/install/py03_tf_broadcaster/share/py03_tf_broadcaster/package.sh'
[2.342s] INFO:colcon.colcon_core.shell:Creating package script '/home/meixun/Desktop/ROS_program/ros2_ws/install/py03_tf_broadcaster/share/py03_tf_broadcaster/package.bash'
[2.343s] INFO:colcon.colcon_core.shell:Creating package script '/home/meixun/Desktop/ROS_program/ros2_ws/install/py03_tf_broadcaster/share/py03_tf_broadcaster/package.zsh'
[2.343s] Level 1:colcon.colcon_core.environment:create_file_with_runtime_dependencies(/home/meixun/Desktop/ROS_program/ros2_ws/install/py03_tf_broadcaster/share/colcon-core/packages/py03_tf_broadcaster)
[2.346s] Level 1:colcon.colcon_core.environment:checking '/home/meixun/Desktop/ROS_program/ros2_ws/install/multi_agent_sim' for CMake module files
[2.347s] Level 1:colcon.colcon_core.environment:checking '/home/meixun/Desktop/ROS_program/ros2_ws/install/multi_agent_sim' for CMake config files
[2.347s] DEBUG:colcon.colcon_core.event_handler.log_command:Invoked command in '/home/meixun/Desktop/ROS_program/ros2_ws/src/multi_agent_sim' returned '0': CONDA_PROMPT_MODIFIER=(base) PYTHONPATH=/home/meixun/Desktop/ROS_program/ros2_ws/build/multi_agent_sim/prefix_override:/home/meixun/Desktop/ROS_program/ros2_ws/install/multi_agent_sim/lib/python3.8/site-packages:${PYTHONPATH} /usr/bin/python3 setup.py egg_info --egg-base ../../build/multi_agent_sim build --build-base /home/meixun/Desktop/ROS_program/ros2_ws/build/multi_agent_sim/build install --record /home/meixun/Desktop/ROS_program/ros2_ws/build/multi_agent_sim/install.log --install-scripts $base/lib/multi_agent_sim --single-version-externally-managed
[2.348s] Level 1:colcon.colcon_core.environment:checking '/home/meixun/Desktop/ROS_program/ros2_ws/install/multi_agent_sim/lib'
[2.348s] Level 1:colcon.colcon_core.environment:checking '/home/meixun/Desktop/ROS_program/ros2_ws/install/multi_agent_sim/bin'
[2.348s] Level 1:colcon.colcon_core.environment:checking '/home/meixun/Desktop/ROS_program/ros2_ws/install/multi_agent_sim/lib/pkgconfig/multi_agent_sim.pc'
[2.348s] Level 1:colcon.colcon_core.environment:checking '/home/meixun/Desktop/ROS_program/ros2_ws/install/multi_agent_sim/lib/python3.8/site-packages'
[2.348s] Level 1:colcon.colcon_core.shell:create_environment_hook('multi_agent_sim', 'pythonpath')
[2.350s] INFO:colcon.colcon_core.shell:Creating environment hook '/home/meixun/Desktop/ROS_program/ros2_ws/install/multi_agent_sim/share/multi_agent_sim/hook/pythonpath.ps1'
[2.350s] INFO:colcon.colcon_core.shell:Creating environment descriptor '/home/meixun/Desktop/ROS_program/ros2_ws/install/multi_agent_sim/share/multi_agent_sim/hook/pythonpath.dsv'
[2.350s] INFO:colcon.colcon_core.shell:Creating environment hook '/home/meixun/Desktop/ROS_program/ros2_ws/install/multi_agent_sim/share/multi_agent_sim/hook/pythonpath.sh'
[2.351s] Level 1:colcon.colcon_core.environment:checking '/home/meixun/Desktop/ROS_program/ros2_ws/install/multi_agent_sim/bin'
[2.351s] Level 1:colcon.colcon_core.environment:create_environment_scripts_only(multi_agent_sim)
[2.352s] INFO:colcon.colcon_core.shell:Creating package script '/home/meixun/Desktop/ROS_program/ros2_ws/install/multi_agent_sim/share/multi_agent_sim/package.ps1'
[2.353s] INFO:colcon.colcon_core.shell:Creating package descriptor '/home/meixun/Desktop/ROS_program/ros2_ws/install/multi_agent_sim/share/multi_agent_sim/package.dsv'
[2.353s] INFO:colcon.colcon_core.shell:Creating package script '/home/meixun/Desktop/ROS_program/ros2_ws/install/multi_agent_sim/share/multi_agent_sim/package.sh'
[2.353s] INFO:colcon.colcon_core.shell:Creating package script '/home/meixun/Desktop/ROS_program/ros2_ws/install/multi_agent_sim/share/multi_agent_sim/package.bash'
[2.353s] INFO:colcon.colcon_core.shell:Creating package script '/home/meixun/Desktop/ROS_program/ros2_ws/install/multi_agent_sim/share/multi_agent_sim/package.zsh'
[2.354s] Level 1:colcon.colcon_core.environment:create_file_with_runtime_dependencies(/home/meixun/Desktop/ROS_program/ros2_ws/install/multi_agent_sim/share/colcon-core/packages/multi_agent_sim)
[2.354s] DEBUG:colcon.colcon_parallel_executor.executor.parallel:closing loop
[2.354s] DEBUG:colcon.colcon_parallel_executor.executor.parallel:loop closed
[2.354s] DEBUG:colcon.colcon_parallel_executor.executor.parallel:run_until_complete finished with '0'
[2.354s] DEBUG:colcon.colcon_core.event_reactor:joining thread
[2.358s] INFO:colcon.colcon_core.plugin_system:Skipping extension 'colcon_notification.desktop_notification.terminal_notifier': Not used on non-Darwin systems
[2.358s] INFO:colcon.colcon_core.plugin_system:Skipping extension 'colcon_notification.desktop_notification.win32': Not used on non-Windows systems
[2.358s] INFO:colcon.colcon_notification.desktop_notification:Sending desktop notification using 'notify2'
[2.374s] DEBUG:colcon.colcon_core.event_reactor:joined thread
[2.376s] INFO:colcon.colcon_core.shell:Creating prefix script '/home/meixun/Desktop/ROS_program/ros2_ws/install/local_setup.ps1'
[2.377s] INFO:colcon.colcon_core.shell:Creating prefix util module '/home/meixun/Desktop/ROS_program/ros2_ws/install/_local_setup_util_ps1.py'
[2.378s] INFO:colcon.colcon_core.shell:Creating prefix chain script '/home/meixun/Desktop/ROS_program/ros2_ws/install/setup.ps1'
[2.380s] INFO:colcon.colcon_core.shell:Creating prefix script '/home/meixun/Desktop/ROS_program/ros2_ws/install/local_setup.sh'
[2.380s] INFO:colcon.colcon_core.shell:Creating prefix util module '/home/meixun/Desktop/ROS_program/ros2_ws/install/_local_setup_util_sh.py'
[2.381s] INFO:colcon.colcon_core.shell:Creating prefix chain script '/home/meixun/Desktop/ROS_program/ros2_ws/install/setup.sh'
[2.383s] INFO:colcon.colcon_core.shell:Creating prefix script '/home/meixun/Desktop/ROS_program/ros2_ws/install/local_setup.bash'
[2.383s] INFO:colcon.colcon_core.shell:Creating prefix chain script '/home/meixun/Desktop/ROS_program/ros2_ws/install/setup.bash'
[2.385s] INFO:colcon.colcon_core.shell:Creating prefix script '/home/meixun/Desktop/ROS_program/ros2_ws/install/local_setup.zsh'
[2.385s] INFO:colcon.colcon_core.shell:Creating prefix chain script '/home/meixun/Desktop/ROS_program/ros2_ws/install/setup.zsh'
