[1.977s] Invoking command in '/home/meixun/Desktop/ROS_program/ros2_ws/src/mixed_reality_py': CONDA_PROMPT_MODIFIER=(base) PYTHONPATH=/home/meixun/Desktop/ROS_program/ros2_ws/build/mixed_reality_py/prefix_override:/home/meixun/Desktop/ROS_program/ros2_ws/install/mixed_reality_py/lib/python3.8/site-packages:${PYTHONPATH} /usr/bin/python3 setup.py egg_info --egg-base ../../build/mixed_reality_py build --build-base /home/meixun/Desktop/ROS_program/ros2_ws/build/mixed_reality_py/build install --record /home/meixun/Desktop/ROS_program/ros2_ws/build/mixed_reality_py/install.log --install-scripts $base/lib/mixed_reality_py --single-version-externally-managed
[2.416s] /home/meixun/miniconda3/envs/f110RLparking/lib/python3.8/site-packages/setuptools/dist.py:770: UserWarning: Usage of dash-separated 'script-dir' will not be supported in future versions. Please use the underscore name 'script_dir' instead
[2.416s]   warnings.warn(
[2.542s] running egg_info
[2.572s] writing ../../build/mixed_reality_py/mixed_reality_py.egg-info/PKG-INFO
[2.573s] writing dependency_links to ../../build/mixed_reality_py/mixed_reality_py.egg-info/dependency_links.txt
[2.574s] writing entry points to ../../build/mixed_reality_py/mixed_reality_py.egg-info/entry_points.txt
[2.574s] writing requirements to ../../build/mixed_reality_py/mixed_reality_py.egg-info/requires.txt
[2.575s] writing top-level names to ../../build/mixed_reality_py/mixed_reality_py.egg-info/top_level.txt
[2.639s] reading manifest file '../../build/mixed_reality_py/mixed_reality_py.egg-info/SOURCES.txt'
[2.642s] writing manifest file '../../build/mixed_reality_py/mixed_reality_py.egg-info/SOURCES.txt'
[2.642s] running build
[2.643s] running build_py
[2.645s] running install
[2.645s] /home/meixun/miniconda3/envs/f110RLparking/lib/python3.8/site-packages/setuptools/command/install.py:34: SetuptoolsDeprecationWarning: setup.py install is deprecated. Use build and pip and other standards-based tools.
[2.646s]   warnings.warn(
[2.657s] running install_lib
[2.691s] running install_data
[2.740s] running install_egg_info
[2.773s] removing '/home/meixun/Desktop/ROS_program/ros2_ws/install/mixed_reality_py/lib/python3.8/site-packages/mixed_reality_py-0.0.0-py3.8.egg-info' (and everything under it)
[2.773s] Copying ../../build/mixed_reality_py/mixed_reality_py.egg-info to /home/meixun/Desktop/ROS_program/ros2_ws/install/mixed_reality_py/lib/python3.8/site-packages/mixed_reality_py-0.0.0-py3.8.egg-info
[2.776s] running install_scripts
[2.909s] Installing sim2pub script to /home/meixun/Desktop/ROS_program/ros2_ws/install/mixed_reality_py/lib/mixed_reality_py
[2.910s] Installing sub_pose_realcar script to /home/meixun/Desktop/ROS_program/ros2_ws/install/mixed_reality_py/lib/mixed_reality_py
[2.911s] writing list of installed files to '/home/meixun/Desktop/ROS_program/ros2_ws/build/mixed_reality_py/install.log'
[3.006s] Invoked command in '/home/meixun/Desktop/ROS_program/ros2_ws/src/mixed_reality_py' returned '0': CONDA_PROMPT_MODIFIER=(base) PYTHONPATH=/home/meixun/Desktop/ROS_program/ros2_ws/build/mixed_reality_py/prefix_override:/home/meixun/Desktop/ROS_program/ros2_ws/install/mixed_reality_py/lib/python3.8/site-packages:${PYTHONPATH} /usr/bin/python3 setup.py egg_info --egg-base ../../build/mixed_reality_py build --build-base /home/meixun/Desktop/ROS_program/ros2_ws/build/mixed_reality_py/build install --record /home/meixun/Desktop/ROS_program/ros2_ws/build/mixed_reality_py/install.log --install-scripts $base/lib/mixed_reality_py --single-version-externally-managed
