/home/meixun/miniconda3/envs/f110RLparking/lib/python3.8/site-packages/setuptools/dist.py:770: UserWarning: Usage of dash-separated 'script-dir' will not be supported in future versions. Please use the underscore name 'script_dir' instead
  warnings.warn(
running egg_info
creating ../../build/py_train_launch/py_train_launch.egg-info
writing ../../build/py_train_launch/py_train_launch.egg-info/PKG-INFO
writing dependency_links to ../../build/py_train_launch/py_train_launch.egg-info/dependency_links.txt
writing requirements to ../../build/py_train_launch/py_train_launch.egg-info/requires.txt
writing top-level names to ../../build/py_train_launch/py_train_launch.egg-info/top_level.txt
writing manifest file '../../build/py_train_launch/py_train_launch.egg-info/SOURCES.txt'
reading manifest file '../../build/py_train_launch/py_train_launch.egg-info/SOURCES.txt'
writing manifest file '../../build/py_train_launch/py_train_launch.egg-info/SOURCES.txt'
running build
running build_py
creating /home/meixun/Desktop/ROS_program/ros2_ws/build/py_train_launch/build
creating /home/meixun/Desktop/ROS_program/ros2_ws/build/py_train_launch/build/lib
creating /home/meixun/Desktop/ROS_program/ros2_ws/build/py_train_launch/build/lib/py_train_launch
copying py_train_launch/__init__.py -> /home/meixun/Desktop/ROS_program/ros2_ws/build/py_train_launch/build/lib/py_train_launch
running install
/home/meixun/miniconda3/envs/f110RLparking/lib/python3.8/site-packages/setuptools/command/install.py:34: SetuptoolsDeprecationWarning: setup.py install is deprecated. Use build and pip and other standards-based tools.
  warnings.warn(
running install_lib
creating /home/meixun/Desktop/ROS_program/ros2_ws/install/py_train_launch/lib/python3.8/site-packages/py_train_launch
copying /home/meixun/Desktop/ROS_program/ros2_ws/build/py_train_launch/build/lib/py_train_launch/__init__.py -> /home/meixun/Desktop/ROS_program/ros2_ws/install/py_train_launch/lib/python3.8/site-packages/py_train_launch
byte-compiling /home/meixun/Desktop/ROS_program/ros2_ws/install/py_train_launch/lib/python3.8/site-packages/py_train_launch/__init__.py to __init__.cpython-38.pyc
running install_data
creating /home/meixun/Desktop/ROS_program/ros2_ws/install/py_train_launch/share/ament_index
creating /home/meixun/Desktop/ROS_program/ros2_ws/install/py_train_launch/share/ament_index/resource_index
creating /home/meixun/Desktop/ROS_program/ros2_ws/install/py_train_launch/share/ament_index/resource_index/packages
copying resource/py_train_launch -> /home/meixun/Desktop/ROS_program/ros2_ws/install/py_train_launch/share/ament_index/resource_index/packages
copying package.xml -> /home/meixun/Desktop/ROS_program/ros2_ws/install/py_train_launch/share/py_train_launch
running install_egg_info
Copying ../../build/py_train_launch/py_train_launch.egg-info to /home/meixun/Desktop/ROS_program/ros2_ws/install/py_train_launch/lib/python3.8/site-packages/py_train_launch-0.0.0-py3.8.egg-info
running install_scripts
writing list of installed files to '/home/meixun/Desktop/ROS_program/ros2_ws/build/py_train_launch/install.log'
